Vivado Simulator 2018.1
Copyright 1986-1999, 2001-2017 Xilinx, Inc. All Rights Reserved.
Running: D:/Xilinx/Vivado/2018.1/bin/unwrapped/win64.o/xelab.exe -wto a868c80a537e4d2abfb70178610f9b1d --incr --debug typical --relax --mt 2 -L microblaze_v10_0_6 -L xil_defaultlib -L axi_lite_ipif_v3_0_4 -L axi_intc_v4_1_10 -L xlconcat_v2_1_1 -L mdm_v3_2_13 -L lib_cdc_v1_0_2 -L proc_sys_reset_v5_0_12 -L lib_pkg_v1_0_2 -L axi_timer_v2_0_18 -L lib_srl_fifo_v1_0_2 -L axi_uartlite_v2_0_20 -L smartconnect_v1_0 -L xlconstant_v1_1_4 -L lmb_v10_v3_0_9 -L lmb_bram_if_cntlr_v4_0_14 -L blk_mem_gen_v8_4_1 -L dist_mem_gen_v8_0_12 -L xbip_utils_v3_0_9 -L c_reg_fd_v12_0_5 -L xbip_dsp48_wrapper_v3_0_4 -L xbip_pipe_v3_0_5 -L xbip_dsp48_addsub_v3_0_5 -L xbip_addsub_v3_0_5 -L c_addsub_v12_0_12 -L c_gate_bit_v12_0_5 -L xbip_counter_v3_0_5 -L c_counter_binary_v12_0_12 -L generic_baseblocks_v2_1_0 -L axi_infrastructure_v1_1_0 -L axi_register_slice_v2_1_16 -L fifo_generator_v13_2_2 -L axi_data_fifo_v2_1_15 -L axi_crossbar_v2_1_17 -L unisims_ver -L unimacro_ver -L secureip -L xpm --snapshot tb_behav xil_defaultlib.tb xil_defaultlib.glbl -log elaborate.log 
Using 2 slave threads.
Starting static elaboration
WARNING: [VRFC 10-1625] value in initialization depends on signal mac_address [D:/Users/khanm/ICGTRMP1/MBS_V1/MicroBlazeServer.ip_user_files/bd/design_1/ipshared/d4a5/src/data.vhd:53]
WARNING: [VRFC 10-278] actual bit length 12 differs from formal bit length 4 for port pi_dqs_found_lanes [D:/Users/khanm/ICGTRMP1/MBS_V1/MicroBlazeServer.ip_user_files/bd/design_1/ip/design_1_mig_7series_0_0/design_1_mig_7series_0_0/user_design/rtl/phy/mig_7series_v4_1_ddr_mc_phy_wrapper.v:1671]
WARNING: [VRFC 10-278] actual bit length 12 differs from formal bit length 4 for port pi_phase_locked_lanes [D:/Users/khanm/ICGTRMP1/MBS_V1/MicroBlazeServer.ip_user_files/bd/design_1/ip/design_1_mig_7series_0_0/design_1_mig_7series_0_0/user_design/rtl/phy/mig_7series_v4_1_ddr_mc_phy_wrapper.v:1679]
WARNING: [VRFC 10-278] actual bit length 12 differs from formal bit length 4 for port pi_dqs_found_lanes [D:/Users/khanm/ICGTRMP1/MBS_V1/MicroBlazeServer.ip_user_files/bd/design_1/ip/design_1_mig_7series_0_0/design_1_mig_7series_0_0/user_design/rtl/phy/mig_7series_v4_1_ddr_phy_top.v:1340]
Completed static elaboration
Starting simulation data flow analysis
Completed simulation data flow analysis
Time Resolution for simulation is 1fs
Compiling package std.standard
Compiling package std.textio
Compiling package ieee.std_logic_1164
Compiling package ieee.numeric_std
Compiling package unisim.vcomponents
Compiling package ieee.std_logic_arith
Compiling package ieee.std_logic_unsigned
Compiling package ieee.vital_timing
Compiling package ieee.vital_primitives
Compiling package unisim.vpkg
Compiling package ieee.std_logic_signed
Compiling package synopsys.attributes
Compiling package ieee.std_logic_misc
Compiling package axi_lite_ipif_v3_0_4.ipif_pkg
Compiling package axi_timer_v2_0_18.tc_types
Compiling package lib_pkg_v1_0_2.lib_pkg
Compiling package c_counter_binary_v12_0_12.c_counter_binary_v12_0_12_viv_co...
Compiling package xbip_utils_v3_0_9.xbip_utils_v3_0_9_pkg
Compiling package xbip_counter_v3_0_5.xbip_counter_v3_0_5_viv_comp
Compiling package xbip_counter_v3_0_5.xbip_counter_v3_0_5_pkg
Compiling package c_counter_binary_v12_0_12.c_counter_binary_v12_0_12_pkg
Compiling package xbip_pipe_v3_0_5.xbip_pipe_v3_0_5_viv_comp
Compiling package c_gate_bit_v12_0_5.c_gate_bit_v12_0_5_viv_comp
Compiling package xbip_counter_v3_0_5.xbip_counter_v3_0_5_hdl_comps
Compiling package xbip_dsp48_wrapper_v3_0_4.xbip_dsp48_wrapper_v3_0_4_pkg
Compiling package mdm_v3_2_13.mdm_funcs
Compiling package microblaze_v10_0_6.microblaze_types
Compiling package microblaze_v10_0_6.microblaze_isa
Compiling package ieee.std_logic_textio
Compiling package microblaze_v10_0_6.mmu_types
Compiling package ieee.math_real
Compiling package lmb_bram_if_cntlr_v4_0_14.lmb_bram_if_funcs
Compiling architecture behavioral of entity xil_defaultlib.byte_data [byte_data_default]
Compiling architecture behavioral of entity xil_defaultlib.add_crc32 [add_crc32_default]
Compiling architecture behavioral of entity xil_defaultlib.add_preamble [add_preamble_default]
Compiling architecture oddr_v of entity unisim.ODDR [\ODDR(ddr_clk_edge="SAME_EDGE")(...]
Compiling architecture plle2_adv_v of entity unisim.PLLE2_ADV [\PLLE2_ADV(clkfbout_mult=10,clki...]
Compiling architecture plle2_base_v of entity unisim.PLLE2_BASE [\PLLE2_BASE(clkfbout_mult=10,clk...]
Compiling architecture behavioral of entity xil_defaultlib.UDP_top [udp_top_default]
Compiling module xil_defaultlib.UDP_v3_S00_AXI_default
Compiling module xil_defaultlib.UDP_v3
Compiling module xil_defaultlib.design_1_UDP_1_0
Compiling module xlconstant_v1_1_4.xlconstant_v1_1_4_xlconstant(CON...
Compiling module xil_defaultlib.bd_afc3_one_0
Compiling architecture fdre_v of entity unisim.FDRE [fdre_default]
Compiling architecture fdre_v of entity unisim.FDRE [\FDRE(init='1')\]
Compiling architecture fdr_v of entity unisim.FDR [fdr_default]
Compiling architecture implementation of entity lib_cdc_v1_0_2.cdc_sync [\cdc_sync(c_vector_width=2,c_mtb...]
Compiling architecture srl16e_v of entity unisim.SRL16E [\SRL16E(init="1111111111111111")...]
Compiling architecture srl16_v of entity unisim.SRL16 [\SRL16(init="1111111111111111")(...]
Compiling architecture imp of entity proc_sys_reset_v5_0_12.lpf [\lpf(c_ext_rst_width=4,c_aux_rst...]
Compiling architecture imp of entity proc_sys_reset_v5_0_12.upcnt_n [\upcnt_n(c_size=6)\]
Compiling architecture imp of entity proc_sys_reset_v5_0_12.sequence_psr [sequence_psr_default]
Compiling architecture imp of entity proc_sys_reset_v5_0_12.proc_sys_reset [\proc_sys_reset(c_family="artix7...]
Compiling architecture bd_afc3_psr0_0_arch of entity xil_defaultlib.bd_afc3_psr0_0 [bd_afc3_psr0_0_default]
Compiling architecture bd_afc3_psr_aclk_0_arch of entity xil_defaultlib.bd_afc3_psr_aclk_0 [bd_afc3_psr_aclk_0_default]
Compiling architecture bd_afc3_psr_aclk1_0_arch of entity xil_defaultlib.bd_afc3_psr_aclk1_0 [bd_afc3_psr_aclk1_0_default]
Compiling module xil_defaultlib.clk_map_imp_5Y9LOC
Compiling module smartconnect_v1_0.sc_exit_v1_0_6_splitter(C_RDATA_...
Compiling module smartconnect_v1_0.sc_util_v1_0_2_srl_rtl_default
Compiling module smartconnect_v1_0.sc_util_v1_0_2_axic_reg_srl_fifo...
Compiling module smartconnect_v1_0.sc_util_v1_0_2_axic_reg_srl_fifo...
Compiling module smartconnect_v1_0.sc_exit_v1_0_6_exit(C_FAMILY="ar...
Compiling module smartconnect_v1_0.sc_util_v1_0_2_axi2vector(C_ADDR...
Compiling module smartconnect_v1_0.sc_util_v1_0_2_vector2axi(C_ADDR...
Compiling module smartconnect_v1_0.sc_util_v1_0_2_axi_reg_stall(C_R...
Compiling module smartconnect_v1_0.sc_exit_v1_0_6_top(C_FAMILY="art...
Compiling module xil_defaultlib.bd_afc3_m00e_0
Compiling module xil_defaultlib.m00_exit_pipeline_imp_1TZX5BB
Compiling module smartconnect_v1_0.sc_util_v1_0_2_axic_register_sli...
Compiling module smartconnect_v1_0.sc_util_v1_0_2_pipeline_default
Compiling module smartconnect_v1_0.sc_util_v1_0_2_counter(C_WIDTH=2...
Compiling module smartconnect_v1_0.sc_node_v1_0_8_arb_alg_rr(C_NUM_...
Compiling module smartconnect_v1_0.sc_node_v1_0_8_si_handler(C_NUM_...
Compiling module smartconnect_v1_0.sc_util_v1_0_2_pipeline(C_DEPTH=...
Compiling module smartconnect_v1_0.sc_util_v1_0_2_pipeline(C_DWIDTH...
Compiling module smartconnect_v1_0.sc_util_v1_0_2_pipeline(C_DWIDTH...
Compiling module smartconnect_v1_0.sc_util_v1_0_2_pipeline(C_DWIDTH...
Compiling module smartconnect_v1_0.sc_util_v1_0_2_onehot_to_binary(...
Compiling module smartconnect_v1_0.sc_util_v1_0_2_counter_default
Compiling module smartconnect_v1_0.sc_node_v1_0_8_ingress(C_NUM_SI=...
Compiling module smartconnect_v1_0.sc_node_v1_0_8_fi_regulator(C_AL...
Compiling module smartconnect_v1_0.sc_node_v1_0_8_reg_slice3(C_PAYL...
Compiling module smartconnect_v1_0.sc_util_v1_0_2_pipeline(C_DEPTH=...
Compiling module xpm.xpm_memory_base(MEMORY_TYPE=1,ME...
Compiling module xpm.xpm_memory_sdpram(MEMORY_SIZE=49...
Compiling module smartconnect_v1_0.sc_util_v1_0_2_counter(C_WIDTH=6...
Compiling module smartconnect_v1_0.sc_util_v1_0_2_counter(C_WIDTH=6...
Compiling module xpm.xpm_cdc_gray(DEST_SYNC_FF=3,WIDT...
Compiling module smartconnect_v1_0.sc_util_v1_0_2_xpm_memory_fifo(C...
Compiling module smartconnect_v1_0.sc_node_v1_0_8_fifo(C_FAMILY="ar...
Compiling module smartconnect_v1_0.sc_node_v1_0_8_egress(C_NODE_PAY...
Compiling module smartconnect_v1_0.sc_node_v1_0_8_mi_handler(C_NUM_...
Compiling module smartconnect_v1_0.sc_node_v1_0_8_top(C_FAMILY="art...
Compiling module xil_defaultlib.bd_afc3_m00arn_0
Compiling module smartconnect_v1_0.sc_util_v1_0_2_axic_reg_srl_fifo...
Compiling module smartconnect_v1_0.sc_node_v1_0_8_si_handler(C_NUM_...
Compiling module smartconnect_v1_0.sc_node_v1_0_8_ingress(C_NUM_SI=...
Compiling module smartconnect_v1_0.sc_node_v1_0_8_egress(C_NODE_PAY...
Compiling module smartconnect_v1_0.sc_node_v1_0_8_mi_handler(C_NUM_...
Compiling module smartconnect_v1_0.sc_node_v1_0_8_top(C_FAMILY="art...
Compiling module xil_defaultlib.bd_afc3_m00awn_0
Compiling module smartconnect_v1_0.sc_node_v1_0_8_si_handler(C_NUM_...
Compiling module smartconnect_v1_0.sc_util_v1_0_2_pipeline(C_DWIDTH...
Compiling module smartconnect_v1_0.sc_util_v1_0_2_onehot_to_binary(...
Compiling module smartconnect_v1_0.sc_node_v1_0_8_ingress(C_PAYLD_W...
Compiling module xpm.xpm_memory_base(MEMORY_TYPE=1,ME...
Compiling module xpm.xpm_memory_sdpram(MEMORY_SIZE=60...
Compiling module smartconnect_v1_0.sc_util_v1_0_2_xpm_memory_fifo(C...
Compiling module smartconnect_v1_0.sc_node_v1_0_8_fifo(C_FAMILY="ar...
Compiling module smartconnect_v1_0.sc_node_v1_0_8_reg_slice3(C_PAYL...
Compiling module xpm.xpm_memory_base(MEMORY_TYPE=1,ME...
Compiling module xpm.xpm_memory_sdpram(MEMORY_SIZE=19...
Compiling module smartconnect_v1_0.sc_util_v1_0_2_xpm_memory_fifo(C...
Compiling module smartconnect_v1_0.sc_node_v1_0_8_fifo(C_FAMILY="ar...
Compiling module smartconnect_v1_0.sc_node_v1_0_8_egress(C_NODE_PAY...
Compiling module smartconnect_v1_0.sc_node_v1_0_8_mi_handler(C_NUM_...
Compiling module smartconnect_v1_0.sc_node_v1_0_8_top(C_FAMILY="art...
Compiling module xil_defaultlib.bd_afc3_m00bn_0
Compiling module smartconnect_v1_0.sc_node_v1_0_8_si_handler(C_NUM_...
Compiling module smartconnect_v1_0.sc_util_v1_0_2_pipeline(C_DWIDTH...
Compiling module smartconnect_v1_0.sc_node_v1_0_8_ingress(C_PAYLD_W...
Compiling module xpm.xpm_memory_base(MEMORY_TYPE=1,ME...
Compiling module xpm.xpm_memory_sdpram(MEMORY_SIZE=16...
Compiling module smartconnect_v1_0.sc_util_v1_0_2_xpm_memory_fifo(C...
Compiling module smartconnect_v1_0.sc_node_v1_0_8_fifo(C_FAMILY="ar...
Compiling module smartconnect_v1_0.sc_node_v1_0_8_egress(C_NODE_PAY...
Compiling module smartconnect_v1_0.sc_node_v1_0_8_mi_handler(C_NUM_...
Compiling module smartconnect_v1_0.sc_node_v1_0_8_top(C_FAMILY="art...
Compiling module xil_defaultlib.bd_afc3_m00rn_0
Compiling module xpm.xpm_memory_base(MEMORY_TYPE=1,ME...
Compiling module xpm.xpm_memory_sdpram(MEMORY_SIZE=4,...
Compiling module smartconnect_v1_0.sc_util_v1_0_2_counter(C_WIDTH=3...
Compiling module smartconnect_v1_0.sc_util_v1_0_2_counter(C_WIDTH=3...
Compiling module smartconnect_v1_0.sc_util_v1_0_2_xpm_memory_fifo(C...
Compiling module smartconnect_v1_0.sc_node_v1_0_8_fifo(C_FAMILY="ar...
Compiling module smartconnect_v1_0.sc_node_v1_0_8_si_handler(C_NUM_...
Compiling module smartconnect_v1_0.sc_node_v1_0_8_ingress(C_NUM_SI=...
Compiling module xpm.xpm_memory_base(MEMORY_TYPE=1,ME...
Compiling module xpm.xpm_memory_sdpram(MEMORY_SIZE=22...
Compiling module smartconnect_v1_0.sc_util_v1_0_2_xpm_memory_fifo(C...
Compiling module smartconnect_v1_0.sc_node_v1_0_8_fifo(C_FAMILY="ar...
Compiling module smartconnect_v1_0.sc_node_v1_0_8_egress(C_NODE_PAY...
Compiling module smartconnect_v1_0.sc_node_v1_0_8_mi_handler(C_NUM_...
Compiling module smartconnect_v1_0.sc_node_v1_0_8_top(C_FAMILY="art...
Compiling module xil_defaultlib.bd_afc3_m00wn_0
Compiling module xil_defaultlib.m00_nodes_imp_1GOYQYZ
Compiling module smartconnect_v1_0.sc_sc2axi_v1_0_5_top(C_AXI_ADDR_...
Compiling module xil_defaultlib.bd_afc3_m00s2a_0
Compiling module smartconnect_v1_0.sc_axi2sc_v1_0_5_top(C_AXI_ID_WI...
Compiling module xil_defaultlib.bd_afc3_s00a2s_0
Compiling module smartconnect_v1_0.sc_mmu_v1_0_5_addr_decoder(C_FAM...
Compiling module smartconnect_v1_0.sc_mmu_v1_0_5_decerr_slave(C_RES...
Compiling module smartconnect_v1_0.sc_util_v1_0_2_axi2vector(C_RDAT...
Compiling module smartconnect_v1_0.sc_util_v1_0_2_vector2axi(C_RDAT...
Compiling module smartconnect_v1_0.sc_util_v1_0_2_axi2vector
Compiling module smartconnect_v1_0.sc_util_v1_0_2_vector2axi
Compiling module smartconnect_v1_0.sc_mmu_v1_0_5_top(C_FAMILY="arti...
Compiling module xil_defaultlib.bd_afc3_s00mmu_0
Compiling module smartconnect_v1_0.sc_util_v1_0_2_axic_reg_srl_fifo...
Compiling module smartconnect_v1_0.sc_si_converter_v1_0_5_offset_fi...
Compiling module smartconnect_v1_0.sc_util_v1_0_2_axic_reg_srl_fifo...
Compiling module smartconnect_v1_0.sc_si_converter_v1_0_5_offset_fi...
Compiling module smartconnect_v1_0.sc_util_v1_0_2_axi2vector(C_ID_W...
Compiling module smartconnect_v1_0.sc_util_v1_0_2_vector2axi(C_RDAT...
Compiling module smartconnect_v1_0.sc_si_converter_v1_0_5_wrap_narr...
Compiling module smartconnect_v1_0.sc_util_v1_0_2_axic_reg_srl_fifo...
Compiling module smartconnect_v1_0.sc_util_v1_0_2_axi_reg_stall_def...
Compiling module smartconnect_v1_0.sc_si_converter_v1_0_5_splitter(...
Compiling module smartconnect_v1_0.sc_si_converter_v1_0_5_top(C_LIM...
Compiling module xil_defaultlib.bd_afc3_s00sic_0
Compiling module smartconnect_v1_0.sc_transaction_regulator_v1_0_6_...
Compiling module smartconnect_v1_0.sc_transaction_regulator_v1_0_6_...
Compiling module xil_defaultlib.bd_afc3_s00tr_0
Compiling module xil_defaultlib.s00_entry_pipeline_imp_USCCV8
Compiling module smartconnect_v1_0.sc_node_v1_0_8_si_handler(C_NUM_...
Compiling module smartconnect_v1_0.sc_node_v1_0_8_ingress(C_PAYLD_W...
Compiling module xpm.xpm_memory_base(MEMORY_TYPE=1,ME...
Compiling module xpm.xpm_memory_sdpram(MEMORY_SIZE=57...
Compiling module smartconnect_v1_0.sc_util_v1_0_2_xpm_memory_fifo(C...
Compiling module smartconnect_v1_0.sc_node_v1_0_8_fifo(C_FAMILY="ar...
Compiling module smartconnect_v1_0.sc_node_v1_0_8_reg_slice3(C_PAYL...
Compiling module xpm.xpm_memory_base(MEMORY_TYPE=1,ME...
Compiling module xpm.xpm_memory_sdpram(MEMORY_SIZE=44...
Compiling module smartconnect_v1_0.sc_util_v1_0_2_xpm_memory_fifo(C...
Compiling module smartconnect_v1_0.sc_node_v1_0_8_fifo(C_FAMILY="ar...
Compiling module smartconnect_v1_0.sc_node_v1_0_8_mi_handler(C_NUM_...
Compiling module smartconnect_v1_0.sc_node_v1_0_8_top(C_FAMILY="art...
Compiling module xil_defaultlib.bd_afc3_sarn_0
Compiling module smartconnect_v1_0.sc_node_v1_0_8_si_handler(C_NUM_...
Compiling module smartconnect_v1_0.sc_node_v1_0_8_ingress(C_PAYLD_W...
Compiling module smartconnect_v1_0.sc_node_v1_0_8_mi_handler(C_NUM_...
Compiling module smartconnect_v1_0.sc_node_v1_0_8_top(C_FAMILY="art...
Compiling module xil_defaultlib.bd_afc3_sawn_0
Compiling module smartconnect_v1_0.sc_node_v1_0_8_ingress(C_PAYLD_W...
Compiling module xpm.xpm_memory_base(MEMORY_TYPE=1,ME...
Compiling module xpm.xpm_memory_sdpram(MEMORY_SIZE=32...
Compiling module smartconnect_v1_0.sc_util_v1_0_2_xpm_memory_fifo(C...
Compiling module smartconnect_v1_0.sc_node_v1_0_8_fifo(C_FAMILY="ar...
Compiling module xpm.xpm_memory_base(MEMORY_TYPE=1,ME...
Compiling module xpm.xpm_memory_sdpram(MEMORY_SIZE=76...
Compiling module smartconnect_v1_0.sc_util_v1_0_2_xpm_memory_fifo(C...
Compiling module smartconnect_v1_0.sc_node_v1_0_8_fifo(C_FAMILY="ar...
Compiling module smartconnect_v1_0.sc_node_v1_0_8_egress(C_NODE_PAY...
Compiling module smartconnect_v1_0.sc_node_v1_0_8_mi_handler(C_NUM_...
Compiling module smartconnect_v1_0.sc_node_v1_0_8_top(C_FAMILY="art...
Compiling module xil_defaultlib.bd_afc3_sbn_0
Compiling module smartconnect_v1_0.sc_node_v1_0_8_ingress(C_PAYLD_W...
Compiling module xpm.xpm_memory_base(MEMORY_TYPE=1,ME...
Compiling module xpm.xpm_memory_sdpram(MEMORY_SIZE=22...
Compiling module smartconnect_v1_0.sc_util_v1_0_2_xpm_memory_fifo(C...
Compiling module smartconnect_v1_0.sc_node_v1_0_8_fifo(C_FAMILY="ar...
Compiling module smartconnect_v1_0.sc_node_v1_0_8_egress(C_NODE_PAY...
Compiling module smartconnect_v1_0.sc_node_v1_0_8_mi_handler(C_NUM_...
Compiling module smartconnect_v1_0.sc_node_v1_0_8_top(C_FAMILY="art...
Compiling module xil_defaultlib.bd_afc3_srn_0
Compiling module smartconnect_v1_0.sc_node_v1_0_8_si_handler(C_NUM_...
Compiling module smartconnect_v1_0.sc_node_v1_0_8_ingress(C_PAYLD_W...
Compiling module xpm.xpm_memory_base(MEMORY_TYPE=1,ME...
Compiling module xpm.xpm_memory_sdpram(MEMORY_SIZE=16...
Compiling module smartconnect_v1_0.sc_util_v1_0_2_xpm_memory_fifo(C...
Compiling module smartconnect_v1_0.sc_node_v1_0_8_fifo(C_FAMILY="ar...
Compiling module smartconnect_v1_0.sc_node_v1_0_8_mi_handler(C_NUM_...
Compiling module smartconnect_v1_0.sc_node_v1_0_8_top(C_FAMILY="art...
Compiling module xil_defaultlib.bd_afc3_swn_0
Compiling module xil_defaultlib.s00_nodes_imp_Y7M43I
Compiling module xil_defaultlib.bd_afc3_s01a2s_0
Compiling module xil_defaultlib.bd_afc3_s01mmu_0
Compiling module xil_defaultlib.bd_afc3_s01sic_0
Compiling module smartconnect_v1_0.sc_transaction_regulator_v1_0_6_...
Compiling module xil_defaultlib.bd_afc3_s01tr_0
Compiling module xil_defaultlib.s01_entry_pipeline_imp_1W4H5O0
Compiling module xil_defaultlib.bd_afc3_sarn_1
Compiling module xil_defaultlib.bd_afc3_srn_1
Compiling module xil_defaultlib.s01_nodes_imp_1RW0SI0
Compiling module smartconnect_v1_0.sc_util_v1_0_2_onehot_to_binary(...
Compiling module smartconnect_v1_0.sc_util_v1_0_2_pipeline(C_DWIDTH...
Compiling module smartconnect_v1_0.sc_util_v1_0_2_mux(C_DWIDTH=138,...
Compiling module smartconnect_v1_0.sc_util_v1_0_2_pipeline(C_DWIDTH...
Compiling module smartconnect_v1_0.sc_switchboard_v1_0_4_top(C_PAYL...
Compiling module xil_defaultlib.bd_afc3_arsw_0
Compiling module xil_defaultlib.bd_afc3_awsw_0
Compiling module smartconnect_v1_0.sc_util_v1_0_2_onehot_to_binary(...
Compiling module smartconnect_v1_0.sc_util_v1_0_2_mux(C_DWIDTH=6,C_...
Compiling module smartconnect_v1_0.sc_util_v1_0_2_pipeline(C_DWIDTH...
Compiling module smartconnect_v1_0.sc_switchboard_v1_0_4_top(C_PAYL...
Compiling module xil_defaultlib.bd_afc3_bsw_0
Compiling module smartconnect_v1_0.sc_util_v1_0_2_mux(C_DWIDTH=52,C...
Compiling module smartconnect_v1_0.sc_util_v1_0_2_pipeline(C_DWIDTH...
Compiling module smartconnect_v1_0.sc_switchboard_v1_0_4_top(C_PAYL...
Compiling module xil_defaultlib.bd_afc3_rsw_0
Compiling module smartconnect_v1_0.sc_util_v1_0_2_mux(C_DWIDTH=52,C...
Compiling module smartconnect_v1_0.sc_switchboard_v1_0_4_top(C_PAYL...
Compiling module xil_defaultlib.bd_afc3_wsw_0
Compiling module xil_defaultlib.switchboards_imp_4N4PBE
Compiling module xil_defaultlib.bd_afc3
Compiling module xil_defaultlib.design_1_axi_smc_0
Compiling architecture muxcy_v of entity unisim.MUXCY [muxcy_default]
Compiling architecture imp of entity axi_timer_v2_0_18.mux_onehot_f [\mux_onehot_f(c_nb=6,c_family="a...]
Compiling architecture imp of entity axi_timer_v2_0_18.counter_f [\counter_f(c_num_bits=32,c_famil...]
Compiling architecture imp of entity axi_timer_v2_0_18.count_module [\count_module(c_family="artix7")...]
Compiling architecture lut4_v of entity unisim.LUT4 [\LUT4(init="1111111111001010")(0...]
Compiling architecture fdrse_v of entity unisim.FDRSE [fdrse_default]
Compiling architecture implementation of entity lib_cdc_v1_0_2.cdc_sync [\cdc_sync(c_mtbf_stages=4)\]
Compiling architecture imp of entity axi_timer_v2_0_18.timer_control [\timer_control(c_ard_num_ce_arra...]
Compiling architecture lut2_v of entity unisim.LUT2 [\LUT2(init="1110")(0,3)\]
Compiling architecture fdrs_v of entity unisim.FDRS [fdrs_default]
Compiling architecture imp of entity axi_timer_v2_0_18.tc_core [\tc_core(c_family="artix7",c_ard...]
Compiling architecture imp of entity axi_lite_ipif_v3_0_4.pselect_f [\pselect_f(c_ab=3,c_aw=3,c_bar="...]
Compiling architecture imp of entity axi_lite_ipif_v3_0_4.pselect_f [\pselect_f(c_ab=3,c_aw=3,c_bar="...]
Compiling architecture imp of entity axi_lite_ipif_v3_0_4.pselect_f [\pselect_f(c_ab=3,c_aw=3,c_bar="...]
Compiling architecture imp of entity axi_lite_ipif_v3_0_4.pselect_f [\pselect_f(c_ab=3,c_aw=3,c_bar="...]
Compiling architecture imp of entity axi_lite_ipif_v3_0_4.pselect_f [\pselect_f(c_ab=3,c_aw=3,c_bar="...]
Compiling architecture imp of entity axi_lite_ipif_v3_0_4.pselect_f [\pselect_f(c_ab=3,c_aw=3,c_bar="...]
Compiling architecture imp of entity axi_lite_ipif_v3_0_4.pselect_f [\pselect_f(c_ab=3,c_aw=3,c_bar="...]
Compiling architecture imp of entity axi_lite_ipif_v3_0_4.pselect_f [\pselect_f(c_ab=3,c_aw=3,c_bar="...]
Compiling architecture imp of entity axi_lite_ipif_v3_0_4.address_decoder [\address_decoder(c_bus_awidth=5,...]
Compiling architecture imp of entity axi_lite_ipif_v3_0_4.slave_attachment [\slave_attachment(c_ard_addr_ran...]
Compiling architecture imp of entity axi_lite_ipif_v3_0_4.axi_lite_ipif [\axi_lite_ipif(c_s_axi_addr_widt...]
Compiling architecture imp of entity axi_timer_v2_0_18.axi_timer [\axi_timer(c_family="artix7")(1,...]
Compiling architecture design_1_axi_timer_0_0_arch of entity xil_defaultlib.design_1_axi_timer_0_0 [design_1_axi_timer_0_0_default]
Compiling architecture rtl of entity axi_uartlite_v2_0_20.baudrate [\baudrate(c_ratio=651)\]
Compiling architecture imp of entity lib_srl_fifo_v1_0_2.cntr_incr_decr_addn_f [\cntr_incr_decr_addn_f(c_size=5,...]
Compiling architecture behavioral of entity lib_srl_fifo_v1_0_2.dynshreg_f [\dynshreg_f(c_depth=16,c_dwidth=...]
Compiling architecture imp of entity lib_srl_fifo_v1_0_2.srl_fifo_rbu_f [\srl_fifo_rbu_f(c_dwidth=8,c_fam...]
Compiling architecture imp of entity lib_srl_fifo_v1_0_2.srl_fifo_f [\srl_fifo_f(c_dwidth=8,c_family=...]
Compiling architecture rtl of entity axi_uartlite_v2_0_20.uartlite_rx [\uartlite_rx(c_family="artix7")(...]
Compiling architecture rtl of entity axi_uartlite_v2_0_20.uartlite_tx [\uartlite_tx(c_family="artix7")(...]
Compiling architecture rtl of entity axi_uartlite_v2_0_20.uartlite_core [\uartlite_core(c_family="artix7"...]
Compiling architecture imp of entity axi_lite_ipif_v3_0_4.pselect_f [\pselect_f(c_ab=2,c_aw=2,c_bar="...]
Compiling architecture imp of entity axi_lite_ipif_v3_0_4.pselect_f [\pselect_f(c_ab=2,c_aw=2,c_bar="...]
Compiling architecture imp of entity axi_lite_ipif_v3_0_4.pselect_f [\pselect_f(c_ab=2,c_aw=2,c_bar="...]
Compiling architecture imp of entity axi_lite_ipif_v3_0_4.pselect_f [\pselect_f(c_ab=2,c_aw=2,c_bar="...]
Compiling architecture imp of entity axi_lite_ipif_v3_0_4.address_decoder [\address_decoder(c_bus_awidth=4,...]
Compiling architecture imp of entity axi_lite_ipif_v3_0_4.slave_attachment [\slave_attachment(c_ard_addr_ran...]
Compiling architecture imp of entity axi_lite_ipif_v3_0_4.axi_lite_ipif [\axi_lite_ipif(c_s_axi_addr_widt...]
Compiling architecture rtl of entity axi_uartlite_v2_0_20.axi_uartlite [\axi_uartlite(c_family="artix7")...]
Compiling architecture design_1_axi_uartlite_0_0_arch of entity xil_defaultlib.design_1_axi_uartlite_0_0 [design_1_axi_uartlite_0_0_defaul...]
Compiling architecture synth of entity xbip_pipe_v3_0_5.xbip_pipe_v3_0_5_viv [\xbip_pipe_v3_0_5_viv(c_has_ce=1...]
Compiling architecture dsp48e1_v of entity unisim.DSP48E1 [\DSP48E1(acascreg=0,adreg=0,alum...]
Compiling architecture synth of entity xbip_dsp48_wrapper_v3_0_4.xbip_dsp48e1_wrapper_v3_0 [\xbip_dsp48e1_wrapper_v3_0(preg=...]
Compiling architecture synth of entity xbip_pipe_v3_0_5.xbip_pipe_v3_0_5_viv [\xbip_pipe_v3_0_5_viv(c_has_ce=1...]
Compiling architecture synth of entity xbip_counter_v3_0_5.dsp48_counter [\dsp48_counter(c_xdevicefamily="...]
Compiling architecture synth of entity xbip_counter_v3_0_5.xbip_counter_v3_0_5_viv [\xbip_counter_v3_0_5_viv(c_xdevi...]
Compiling architecture synth of entity c_counter_binary_v12_0_12.c_counter_binary_v12_0_12_viv [\c_counter_binary_v12_0_12_viv(c...]
Compiling architecture xilinx of entity c_counter_binary_v12_0_12.c_counter_binary_v12_0_12 [\c_counter_binary_v12_0_12(c_imp...]
Compiling architecture design_1_c_counter_binary_0_0_arch of entity xil_defaultlib.design_1_c_counter_binary_0_0 [design_1_c_counter_binary_0_0_de...]
Compiling architecture design_1_c_counter_binary_1_0_arch of entity xil_defaultlib.design_1_c_counter_binary_1_0 [design_1_c_counter_binary_1_0_de...]
Compiling module xil_defaultlib.full_half_condition
Compiling module xil_defaultlib.UDP_ref
Compiling module xil_defaultlib.clear
Compiling module xil_defaultlib.width_and_phase
Compiling module xil_defaultlib.comparator_500MHz
Compiling module xil_defaultlib.comparator_500MHz_inv
Compiling module xil_defaultlib.DFFR_buffer_out
Compiling module xil_defaultlib.clk_v5_S00_AXI_default
Compiling module xil_defaultlib.clk_v5
Compiling module xil_defaultlib.design_1_clk_0_0
Compiling module unisims_ver.IBUF
Compiling module unisims_ver.MMCME2_ADV(CLKFBOUT_MULT_F=10.0,...
Compiling module unisims_ver.BUFG
Compiling module xil_defaultlib.design_1_clk_wiz_1_1_clk_wiz
Compiling module xil_defaultlib.design_1_clk_wiz_1_1
Compiling module dist_mem_gen_v8_0_12.dist_mem_gen_v8_0_12(C_FAMILY="a...
Compiling module xil_defaultlib.design_1_dist_mem_gen_0_0
Compiling architecture bscane2_v of entity unisim.BSCANE2 [\BSCANE2(jtag_chain=2)(1,5)\]
Compiling architecture imp of entity mdm_v3_2_13.MB_BSCANE2 [\MB_BSCANE2(c_target=non_rtl,jta...]
Compiling architecture bufg_v of entity unisim.BUFG [bufg_default]
Compiling architecture imp of entity mdm_v3_2_13.MB_BUFG [\MB_BUFG(c_target=non_rtl)\]
Compiling architecture fdce_v of entity unisim.FDCE [fdce_default]
Compiling architecture fdc_1_v of entity unisim.FDC_1 [fdc_1_default]
Compiling architecture imp of entity mdm_v3_2_13.MB_FDC_1 [\MB_FDC_1(c_target=non_rtl)\]
Compiling architecture fdre_1_v of entity unisim.FDRE_1 [fdre_1_default]
Compiling architecture imp of entity mdm_v3_2_13.MB_FDRE_1 [\MB_FDRE_1(c_target=non_rtl)\]
Compiling architecture srl16e_v of entity unisim.SRL16E [\SRL16E(init="0000000101100111")...]
Compiling architecture imp of entity mdm_v3_2_13.MB_SRL16E [\MB_SRL16E(c_target=non_rtl,c_st...]
Compiling architecture srl16e_v of entity unisim.SRL16E [\SRL16E(init="0100001010000111")...]
Compiling architecture imp of entity mdm_v3_2_13.MB_SRL16E [\MB_SRL16E(c_target=non_rtl,c_st...]
Compiling architecture srl16e_v of entity unisim.SRL16E [\SRL16E(init="0100010001000011")...]
Compiling architecture imp of entity mdm_v3_2_13.MB_SRL16E [\MB_SRL16E(c_target=non_rtl,c_st...]
Compiling architecture srl16e_v of entity unisim.SRL16E [\SRL16E(init="0101100001001101")...]
Compiling architecture imp of entity mdm_v3_2_13.MB_SRL16E [\MB_SRL16E(c_target=non_rtl,c_st...]
Compiling architecture imp of entity mdm_v3_2_13.JTAG_CONTROL [\JTAG_CONTROL(c_target=non_rtl,c...]
Compiling architecture imp of entity mdm_v3_2_13.MDM_Core [\MDM_Core(c_target=non_rtl,c_jta...]
Compiling architecture imp of entity mdm_v3_2_13.MDM [\MDM(c_family="artix7",c_bscanid...]
Compiling architecture design_1_mdm_1_1_arch of entity xil_defaultlib.design_1_mdm_1_1 [design_1_mdm_1_1_default]
Compiling architecture imp of entity microblaze_v10_0_6.DAXI_interface [\DAXI_interface(c_data_size=32,c...]
Compiling architecture lut5_v of entity unisim.LUT5 [\LUT5(init="10101010101011000000...]
Compiling architecture imp of entity microblaze_v10_0_6.MB_LUT5 [\MB_LUT5(c_target=artix7,init="1...]
Compiling architecture lut4_v of entity unisim.LUT4 [\LUT4(init="1111111111101100")(0...]
Compiling architecture imp of entity microblaze_v10_0_6.MB_LUT4 [\MB_LUT4(c_target=artix7,init="1...]
Compiling architecture ram32x1d_v of entity unisim.RAM32X1D [ram32x1d_default]
Compiling architecture imp of entity microblaze_v10_0_6.MB_RAM32X1D [\MB_RAM32X1D(c_target=artix7,c_u...]
Compiling architecture imp of entity microblaze_v10_0_6.MB_RAM16X1D [\MB_RAM16X1D(c_target=artix7,c_u...]
Compiling architecture lut6_v of entity unisim.LUT6 [\LUT6(init="10101010111100001100...]
Compiling architecture imp of entity microblaze_v10_0_6.MB_LUT6 [\MB_LUT6(c_target=artix7,init="1...]
Compiling architecture fdse_v of entity unisim.FDSE [\FDSE(init='0')\]
Compiling architecture imp of entity microblaze_v10_0_6.MB_FDSE [\MB_FDSE(c_target=artix7,init='0...]
Compiling architecture lut6_v of entity unisim.LUT6 [\LUT6(init="10101010000011111100...]
Compiling architecture imp of entity microblaze_v10_0_6.MB_LUT6 [\MB_LUT6(c_target=artix7,init="1...]
Compiling architecture imp of entity microblaze_v10_0_6.Cache_Interface [\Cache_Interface(c_target=artix7...]
Compiling architecture imp of entity microblaze_v10_0_6.comparator [\comparator(c_target=artix7,c_is...]
Compiling architecture imp of entity microblaze_v10_0_6.cache_valid_bit_detect [\cache_valid_bit_detect(c_addr_s...]
Compiling architecture rb36_internal_vhdl_v of entity unisim.RB36_INTERNAL_VHDL [\RB36_INTERNAL_VHDL(init_a="0000...]
Compiling architecture ramb36e1_v of entity unisim.RAMB36E1 [\RAMB36E1(read_width_a=18,read_w...]
Compiling architecture imp of entity microblaze_v10_0_6.MB_RAMB36 [\MB_RAMB36(c_target=artix7,c_use...]
Compiling architecture imp of entity microblaze_v10_0_6.RAM_Module [\RAM_Module(c_id=300,c_target=ar...]
Compiling architecture rb36_internal_vhdl_v of entity unisim.RB36_INTERNAL_VHDL [\RB36_INTERNAL_VHDL(init_a="0000...]
Compiling architecture ramb36e1_v of entity unisim.RAMB36E1 [\RAMB36E1(read_width_a=4,read_wi...]
Compiling architecture imp of entity microblaze_v10_0_6.MB_RAMB36 [\MB_RAMB36(c_target=artix7,c_use...]
Compiling architecture imp of entity microblaze_v10_0_6.RAM_Module [\RAM_Module(c_id=400,c_target=ar...]
Compiling architecture imp of entity microblaze_v10_0_6.DCache_gti [\DCache_gti(c_target=artix7,c_al...]
Compiling architecture imp of entity microblaze_v10_0_6.comparator [\comparator(c_target=artix7,c_is...]
Compiling architecture imp of entity microblaze_v10_0_6.RAM_Module [\RAM_Module(c_id=1200,c_target=a...]
Compiling architecture imp of entity microblaze_v10_0_6.RAM_Module [\RAM_Module(c_id=1300,c_target=a...]
Compiling architecture imp of entity microblaze_v10_0_6.Cache_Interface [\Cache_Interface(c_target=artix7...]
Compiling architecture imp of entity microblaze_v10_0_6.Icache [\Icache(c_target=artix7,c_allow_...]
Compiling architecture srl16e_v of entity unisim.SRL16E [\SRL16E(init="1111111111111111")...]
Compiling architecture imp of entity microblaze_v10_0_6.MB_SRL16E [\MB_SRL16E(c_target=artix7,c_use...]
Compiling architecture srl16e_v of entity unisim.SRL16E [\SRL16E(init="1001111111111111")...]
Compiling architecture imp of entity microblaze_v10_0_6.MB_SRL16E [\MB_SRL16E(c_target=artix7,c_use...]
Compiling architecture srl16e_v of entity unisim.SRL16E [\SRL16E(init="1000000000000000")...]
Compiling architecture imp of entity microblaze_v10_0_6.MB_SRL16E [\MB_SRL16E(c_target=artix7,c_use...]
Compiling architecture srl16e_v of entity unisim.SRL16E [\SRL16E(init="1000100000011011")...]
Compiling architecture imp of entity microblaze_v10_0_6.MB_SRL16E [\MB_SRL16E(c_target=artix7,c_use...]
Compiling architecture srl16e_v of entity unisim.SRL16E [\SRL16E(15,0)\]
Compiling architecture imp of entity microblaze_v10_0_6.MB_SRL16E [\MB_SRL16E(c_target=artix7,c_use...]
Compiling architecture srl16e_v of entity unisim.SRL16E [\SRL16E(init="0000000001100100")...]
Compiling architecture imp of entity microblaze_v10_0_6.MB_SRL16E [\MB_SRL16E(c_target=artix7,c_use...]
Compiling architecture srl16e_v of entity unisim.SRL16E [\SRL16E(init="0010010000000000")...]
Compiling architecture imp of entity microblaze_v10_0_6.MB_SRL16E [\MB_SRL16E(c_target=artix7,c_use...]
Compiling architecture imp of entity microblaze_v10_0_6.mb_sync_bit [\mb_sync_bit(c_levels=1,c_reset_...]
Compiling architecture imp of entity microblaze_v10_0_6.mb_sync_vec [\mb_sync_vec(c_levels=1,c_reset_...]
Compiling architecture imp of entity microblaze_v10_0_6.mb_sync_bit [\mb_sync_bit(c_levels=1)\]
Compiling architecture imp of entity microblaze_v10_0_6.mb_sync_vec [\mb_sync_vec(c_width=10)\]
Compiling architecture srlc16e_v of entity unisim.SRLC16E [\SRLC16E(0,15)\]
Compiling architecture imp of entity microblaze_v10_0_6.MB_SRLC16E [\MB_SRLC16E(c_target=artix7,c_us...]
Compiling architecture imp of entity microblaze_v10_0_6.address_hit [\address_hit(c_target=artix7,c_f...]
Compiling architecture imp of entity microblaze_v10_0_6.Debug [\Debug(c_data_size=32,c_instr_si...]
Compiling architecture imp of entity microblaze_v10_0_6.interrupt_mode_converter [\interrupt_mode_converter(c_edge...]
Compiling architecture and2b1l_v of entity unisim.AND2B1L [and2b1l_default]
Compiling architecture imp of entity microblaze_v10_0_6.MB_AND2B1L [\MB_AND2B1L(c_target=artix7)\]
Compiling architecture imp of entity microblaze_v10_0_6.MB_MUXCY [\MB_MUXCY(c_target=artix7)\]
Compiling architecture imp of entity microblaze_v10_0_6.carry_or [\carry_or(c_target=artix7)\]
Compiling architecture imp of entity microblaze_v10_0_6.carry_and [\carry_and(c_target=artix7)\]
Compiling architecture lut6_v of entity unisim.LUT6 [\LUT6(init="10010000000010010000...]
Compiling architecture imp of entity microblaze_v10_0_6.MB_LUT6 [\MB_LUT6(c_target=artix7,init="1...]
Compiling architecture lut6_v of entity unisim.LUT6 [\LUT6(init="10010000000010010000...]
Compiling architecture imp of entity microblaze_v10_0_6.MB_LUT6 [\MB_LUT6(c_target=artix7,init="1...]
Compiling architecture imp of entity microblaze_v10_0_6.MB_FDRE [\MB_FDRE(c_target=artix7)\]
Compiling architecture muxcy_l_v of entity unisim.MUXCY_L [muxcy_l_default]
Compiling architecture xorcy_v of entity unisim.XORCY [xorcy_default]
Compiling architecture imp of entity microblaze_v10_0_6.MB_MUXCY_XORCY [\MB_MUXCY_XORCY(c_target=artix7)...]
Compiling architecture muxf7_v of entity unisim.MUXF7 [muxf7_default]
Compiling architecture imp of entity microblaze_v10_0_6.MB_MUXF7 [\MB_MUXF7(c_target=artix7)\]
Compiling architecture imp of entity microblaze_v10_0_6.MB_FDR [\MB_FDR(c_target=artix7)\]
Compiling architecture imp of entity microblaze_v10_0_6.PC_Module_gti [\PC_Module_gti(c_data_size=32,c_...]
Compiling architecture lut6_v of entity unisim.LUT6 [\LUT6(init="00000000000000000000...]
Compiling architecture imp of entity microblaze_v10_0_6.MB_LUT6 [\MB_LUT6(c_target=artix7,init="0...]
Compiling architecture lut6_v of entity unisim.LUT6 [\LUT6(init="00000000000000001111...]
Compiling architecture imp of entity microblaze_v10_0_6.MB_LUT6 [\MB_LUT6(c_target=artix7,init="0...]
Compiling architecture lut6_v of entity unisim.LUT6 [\LUT6(init="11111111000000001111...]
Compiling architecture imp of entity microblaze_v10_0_6.MB_LUT6 [\MB_LUT6(c_target=artix7,init="1...]
Compiling architecture fdse_v of entity unisim.FDSE [fdse_default]
Compiling architecture fds_v of entity unisim.FDS [fds_default]
Compiling architecture imp of entity microblaze_v10_0_6.MB_FDS [\MB_FDS(c_target=artix7)\]
Compiling architecture lut6_v of entity unisim.LUT6 [\LUT6(init="00000000111111110000...]
Compiling architecture imp of entity microblaze_v10_0_6.MB_LUT6 [\MB_LUT6(c_target=artix7,init="0...]
Compiling architecture imp of entity microblaze_v10_0_6.PreFetch_Buffer_gti [\PreFetch_Buffer_gti(c_data_size...]
Compiling architecture imp of entity microblaze_v10_0_6.jump_logic [\jump_logic(c_instr_size=32,c_ta...]
Compiling architecture imp of entity microblaze_v10_0_6.Decode_gti [\Decode_gti(c_data_size=32,c_ins...]
Compiling architecture lut6_2_v of entity unisim.LUT6_2 [\LUT6_2(init="000000001111111100...]
Compiling architecture imp of entity microblaze_v10_0_6.MB_LUT6_2 [\MB_LUT6_2(c_target=artix7,init=...]
Compiling architecture ram32m_v of entity unisim.RAM32M [ram32m_default]
Compiling architecture imp of entity microblaze_v10_0_6.MB_RAM32M [\MB_RAM32M(c_target=artix7,c_use...]
Compiling architecture imp of entity microblaze_v10_0_6.Register_File_gti [\Register_File_gti(c_data_size=3...]
Compiling architecture imp of entity microblaze_v10_0_6.Operand_Select_gti [\Operand_Select_gti(c_data_size=...]
Compiling architecture lut6_2_v of entity unisim.LUT6_2 [\LUT6_2(init="011000000111101010...]
Compiling architecture imp of entity microblaze_v10_0_6.MB_LUT6_2 [\MB_LUT6_2(c_target=artix7,init=...]
Compiling architecture imp of entity microblaze_v10_0_6.ALU_Bit [\ALU_Bit(c_target=artix7,c_allow...]
Compiling architecture lut6_v of entity unisim.LUT6 [\LUT6(init="01100000011110101010...]
Compiling architecture imp of entity microblaze_v10_0_6.MB_LUT6 [\MB_LUT6(c_target=artix7,init="0...]
Compiling architecture lut4_v of entity unisim.LUT4 [\LUT4(init="1111101000001010")(0...]
Compiling architecture imp of entity microblaze_v10_0_6.MB_LUT4 [\MB_LUT4(c_target=artix7,init="1...]
Compiling architecture lut2_v of entity unisim.LUT2 [\LUT2(init="1000")(0,3)\]
Compiling architecture mult_and_v of entity unisim.MULT_AND [mult_and_default]
Compiling architecture imp of entity microblaze_v10_0_6.MB_MULT_AND [\MB_MULT_AND(c_target=artix7)\]
Compiling architecture imp of entity microblaze_v10_0_6.ALU_Bit [\ALU_Bit(c_target=artix7,c_allow...]
Compiling architecture imp of entity microblaze_v10_0_6.ALU [\ALU(c_data_size=32,c_allow_lut6...]
Compiling architecture imp of entity microblaze_v10_0_6.MB_LUT6 [\MB_LUT6(c_target=rtl,init="1100...]
Compiling architecture imp of entity microblaze_v10_0_6.MB_LUT6 [\MB_LUT6(c_target=rtl,init="1100...]
Compiling architecture imp of entity microblaze_v10_0_6.MB_LUT6 [\MB_LUT6(c_target=rtl,init="1100...]
Compiling architecture imp of entity microblaze_v10_0_6.Shift_Logic_Module_gti [\Shift_Logic_Module_gti(c_data_s...]
Compiling architecture imp of entity microblaze_v10_0_6.mul_unit [\mul_unit(c_data_size=32,c_targe...]
Compiling architecture imp of entity microblaze_v10_0_6.Barrel_Shifter_gti [\Barrel_Shifter_gti(c_data_size=...]
Compiling architecture imp of entity microblaze_v10_0_6.WB_Mux_Bit [\WB_Mux_Bit(c_target=artix7,c_lu...]
Compiling architecture imp of entity microblaze_v10_0_6.WB_Mux [\WB_Mux(c_data_size=32,c_daddr_s...]
Compiling architecture imp of entity microblaze_v10_0_6.Zero_Detect_gti [\Zero_Detect_gti(c_data_size=32,...]
Compiling architecture imp of entity microblaze_v10_0_6.Byte_Doublet_Handle_gti [\Byte_Doublet_Handle_gti(c_data_...]
Compiling architecture imp of entity microblaze_v10_0_6.Data_Flow_Logic [\Data_Flow_Logic(c_data_size=32,...]
Compiling architecture msr_reg of entity microblaze_v10_0_6.msr_reg_gti [\msr_reg_gti(c_data_size=32,c_ta...]
Compiling architecture lut6_2_v of entity unisim.LUT6_2 [\LUT6_2(init="111111110000000011...]
Compiling architecture imp of entity microblaze_v10_0_6.MB_LUT6_2 [\MB_LUT6_2(c_target=artix7,init=...]
Compiling architecture imp of entity microblaze_v10_0_6.mux_bus [\mux_bus(c_target=artix7,c_allow...]
Compiling architecture lut6_2_v of entity unisim.LUT6_2 [\LUT6_2(init="100101101001011010...]
Compiling architecture imp of entity microblaze_v10_0_6.MB_LUT6_2 [\MB_LUT6_2(c_target=artix7,init=...]
Compiling architecture fde_v of entity unisim.FDE [fde_default]
Compiling architecture imp of entity microblaze_v10_0_6.MB_FDE [\MB_FDE(c_target=artix7)\]
Compiling architecture imp of entity microblaze_v10_0_6.exception_registers_gti [\exception_registers_gti(c_data_...]
Compiling architecture imp of entity microblaze_v10_0_6.Fpu [\Fpu(c_data_size=32,c_target=art...]
Compiling architecture imp of entity microblaze_v10_0_6.PVR [\PVR(c_data_size=32,c_daddr_size...]
Compiling architecture imp of entity microblaze_v10_0_6.Data_Flow_gti [\Data_Flow_gti(c_data_size=32,c_...]
Compiling architecture imp of entity microblaze_v10_0_6.read_data_mux [\read_data_mux(c_data_size=32,c_...]
Compiling architecture imp of entity microblaze_v10_0_6.instr_mux [\instr_mux(c_instr_size=32,c_tar...]
Compiling architecture imp of entity microblaze_v10_0_6.MMU [\MMU(c_data_size=32,c_daddr_size...]
Compiling architecture imp of entity microblaze_v10_0_6.MicroBlaze_GTi [\MicroBlaze_GTi(c_num_sync_ff_cl...]
Compiling architecture imp of entity microblaze_v10_0_6.mb_sync_bit [mb_sync_bit_default]
Compiling architecture imp of entity microblaze_v10_0_6.MicroBlaze_Core [\MicroBlaze_Core(c_freq=10000000...]
Compiling architecture imp of entity microblaze_v10_0_6.MicroBlaze [\MicroBlaze(c_freq=100000000,c_e...]
Compiling architecture design_1_microblaze_0_1_arch of entity xil_defaultlib.design_1_microblaze_0_1 [design_1_microblaze_0_1_default]
Compiling architecture byte_data_ram_a of entity axi_intc_v4_1_10.shared_ram_ivar [shared_ram_ivar_default]
Compiling architecture imp of entity axi_intc_v4_1_10.intc_core [\intc_core(c_family="artix7",c_k...]
Compiling architecture imp of entity axi_lite_ipif_v3_0_4.pselect_f [\pselect_f(c_ab=3,c_aw=9,c_bar="...]
Compiling architecture imp of entity axi_lite_ipif_v3_0_4.pselect_f [\pselect_f(c_ab=4,c_aw=4,c_bar="...]
Compiling architecture imp of entity axi_lite_ipif_v3_0_4.pselect_f [\pselect_f(c_ab=4,c_aw=4,c_bar="...]
Compiling architecture imp of entity axi_lite_ipif_v3_0_4.pselect_f [\pselect_f(c_ab=4,c_aw=4,c_bar="...]
Compiling architecture imp of entity axi_lite_ipif_v3_0_4.pselect_f [\pselect_f(c_ab=4,c_aw=4,c_bar="...]
Compiling architecture imp of entity axi_lite_ipif_v3_0_4.pselect_f [\pselect_f(c_ab=4,c_aw=4,c_bar="...]
Compiling architecture imp of entity axi_lite_ipif_v3_0_4.pselect_f [\pselect_f(c_ab=4,c_aw=4,c_bar="...]
Compiling architecture imp of entity axi_lite_ipif_v3_0_4.pselect_f [\pselect_f(c_ab=4,c_aw=4,c_bar="...]
Compiling architecture imp of entity axi_lite_ipif_v3_0_4.pselect_f [\pselect_f(c_ab=4,c_aw=4,c_bar="...]
Compiling architecture imp of entity axi_lite_ipif_v3_0_4.pselect_f [\pselect_f(c_ab=4,c_aw=4,c_bar="...]
Compiling architecture imp of entity axi_lite_ipif_v3_0_4.pselect_f [\pselect_f(c_ab=4,c_aw=4,c_bar="...]
Compiling architecture imp of entity axi_lite_ipif_v3_0_4.pselect_f [\pselect_f(c_ab=4,c_aw=4,c_bar="...]
Compiling architecture imp of entity axi_lite_ipif_v3_0_4.pselect_f [\pselect_f(c_ab=4,c_aw=4,c_bar="...]
Compiling architecture imp of entity axi_lite_ipif_v3_0_4.pselect_f [\pselect_f(c_ab=4,c_aw=4,c_bar="...]
Compiling architecture imp of entity axi_lite_ipif_v3_0_4.pselect_f [\pselect_f(c_ab=4,c_aw=4,c_bar="...]
Compiling architecture imp of entity axi_lite_ipif_v3_0_4.pselect_f [\pselect_f(c_ab=4,c_aw=4,c_bar="...]
Compiling architecture imp of entity axi_lite_ipif_v3_0_4.pselect_f [\pselect_f(c_ab=4,c_aw=4,c_bar="...]
Compiling architecture imp of entity axi_lite_ipif_v3_0_4.pselect_f [\pselect_f(c_ab=2,c_aw=9,c_bar="...]
Compiling architecture imp of entity axi_lite_ipif_v3_0_4.address_decoder [\address_decoder(c_bus_awidth=9,...]
Compiling architecture imp of entity axi_lite_ipif_v3_0_4.slave_attachment [\slave_attachment(c_ard_addr_ran...]
Compiling architecture imp of entity axi_lite_ipif_v3_0_4.axi_lite_ipif [\axi_lite_ipif(c_s_axi_addr_widt...]
Compiling architecture imp of entity axi_intc_v4_1_10.axi_intc [\axi_intc(c_family="artix7",c_in...]
Compiling architecture design_1_microblaze_0_axi_intc_1_arch of entity xil_defaultlib.design_1_microblaze_0_axi_intc_1 [design_1_microblaze_0_axi_intc_1...]
Compiling module xil_defaultlib.m00_couplers_imp_8RVYHO
Compiling module xil_defaultlib.m01_couplers_imp_1UTB3Y5
Compiling module xil_defaultlib.m02_couplers_imp_7ANRHB
Compiling module xil_defaultlib.m03_couplers_imp_1W07O72
Compiling module xil_defaultlib.m04_couplers_imp_5LX7BU
Compiling module xil_defaultlib.m05_couplers_imp_1XR4ZAZ
Compiling module xil_defaultlib.m06_couplers_imp_4YOIXL
Compiling module xil_defaultlib.s00_couplers_imp_1RZP34U
Compiling module axi_crossbar_v2_1_17.axi_crossbar_v2_1_17_addr_arbite...
Compiling module generic_baseblocks_v2_1_0.generic_baseblocks_v2_1_0_carry_...
Compiling module generic_baseblocks_v2_1_0.generic_baseblocks_v2_1_0_compar...
Compiling module generic_baseblocks_v2_1_0.generic_baseblocks_v2_1_0_compar...
Compiling module generic_baseblocks_v2_1_0.generic_baseblocks_v2_1_0_compar...
Compiling module generic_baseblocks_v2_1_0.generic_baseblocks_v2_1_0_compar...
Compiling module generic_baseblocks_v2_1_0.generic_baseblocks_v2_1_0_compar...
Compiling module axi_crossbar_v2_1_17.axi_crossbar_v2_1_17_addr_decode...
Compiling module axi_crossbar_v2_1_17.axi_crossbar_v2_1_17_splitter(C_...
Compiling module axi_crossbar_v2_1_17.axi_crossbar_v2_1_17_splitter
Compiling module generic_baseblocks_v2_1_0.generic_baseblocks_v2_1_0_mux_en...
Compiling module generic_baseblocks_v2_1_0.generic_baseblocks_v2_1_0_mux_en...
Compiling module generic_baseblocks_v2_1_0.generic_baseblocks_v2_1_0_mux_en...
Compiling module axi_register_slice_v2_1_16.axi_register_slice_v2_1_16_axic_...
Compiling module generic_baseblocks_v2_1_0.generic_baseblocks_v2_1_0_mux_en...
Compiling module axi_crossbar_v2_1_17.axi_crossbar_v2_1_17_decerr_slav...
Compiling module axi_crossbar_v2_1_17.axi_crossbar_v2_1_17_crossbar_sa...
Compiling module axi_crossbar_v2_1_17.axi_crossbar_v2_1_17_axi_crossba...
Compiling module xil_defaultlib.design_1_xbar_0
Compiling module xil_defaultlib.design_1_microblaze_0_axi_periph...
Compiling architecture imp of entity lmb_bram_if_cntlr_v4_0_14.pselect_mask [\pselect_mask(c_bar="00000000000...]
Compiling architecture imp of entity lmb_bram_if_cntlr_v4_0_14.lmb_mux [\lmb_mux(c_target=artix7,c_basea...]
Compiling architecture imp of entity lmb_bram_if_cntlr_v4_0_14.lmb_bram_if_cntlr [\lmb_bram_if_cntlr(c_family="art...]
Compiling architecture design_1_dlmb_bram_if_cntlr_1_arch of entity xil_defaultlib.design_1_dlmb_bram_if_cntlr_1 [design_1_dlmb_bram_if_cntlr_1_de...]
Compiling architecture imp of entity lmb_v10_v3_0_9.lmb_v10 [\lmb_v10(c_lmb_num_slaves=1)\]
Compiling architecture design_1_dlmb_v10_1_arch of entity xil_defaultlib.design_1_dlmb_v10_1 [design_1_dlmb_v10_1_default]
Compiling architecture imp of entity lmb_bram_if_cntlr_v4_0_14.pselect_mask [\pselect_mask(c_bar="00000000000...]
Compiling architecture imp of entity lmb_bram_if_cntlr_v4_0_14.lmb_mux [\lmb_mux(c_target=artix7,c_basea...]
Compiling architecture imp of entity lmb_bram_if_cntlr_v4_0_14.lmb_bram_if_cntlr [\lmb_bram_if_cntlr(c_family="art...]
Compiling architecture design_1_ilmb_bram_if_cntlr_1_arch of entity xil_defaultlib.design_1_ilmb_bram_if_cntlr_1 [design_1_ilmb_bram_if_cntlr_1_de...]
Compiling architecture design_1_ilmb_v10_1_arch of entity xil_defaultlib.design_1_ilmb_v10_1 [design_1_ilmb_v10_1_default]
Compiling module blk_mem_gen_v8_4_1.blk_mem_gen_v8_4_1_output_stage(...
Compiling module blk_mem_gen_v8_4_1.blk_mem_gen_v8_4_1_softecc_outpu...
Compiling module blk_mem_gen_v8_4_1.blk_mem_gen_v8_4_1_mem_module(C_...
Compiling module blk_mem_gen_v8_4_1.blk_mem_gen_v8_4_1(C_FAMILY="art...
Compiling module xil_defaultlib.design_1_lmb_bram_1
Compiling module xil_defaultlib.microblaze_0_local_memory_imp_1K...
Compiling module xlconcat_v2_1_1.xlconcat_v2_1_1_xlconcat_default
Compiling module xil_defaultlib.design_1_microblaze_0_xlconcat_1
Compiling module unisims_ver.IDELAYCTRL_default
Compiling module xil_defaultlib.mig_7series_v4_1_iodelay_ctrl(IO...
Compiling module xil_defaultlib.mig_7series_v4_1_clk_ibuf(SYSCLK...
Compiling module unisims_ver.XADC(INIT_40=16'b01000000000000,...
Compiling module xil_defaultlib.mig_7series_v4_1_tempmon_default
Compiling module unisims_ver.PLLE2_ADV(CLKFBOUT_MULT=4,CLKIN1...
Compiling module unisims_ver.BUFH
Compiling module unisims_ver.MMCME2_ADV(BANDWIDTH="HIGH",CLKF...
Compiling module xil_defaultlib.mig_7series_v4_1_infrastructure(...
Compiling module unisims_ver.SRLC32E_default
Compiling module xil_defaultlib.mig_7series_v4_1_rank_cntrl(DQRD...
Compiling module xil_defaultlib.mig_7series_v4_1_round_robin_arb...
Compiling module xil_defaultlib.mig_7series_v4_1_round_robin_arb...
Compiling module xil_defaultlib.mig_7series_v4_1_rank_common(MAI...
Compiling module xil_defaultlib.mig_7series_v4_1_rank_mach(CS_WI...
Compiling module xil_defaultlib.mig_7series_v4_1_bank_compare(CO...
Compiling module xil_defaultlib.mig_7series_v4_1_bank_state(DATA...
Compiling module xil_defaultlib.mig_7series_v4_1_bank_queue_defa...
Compiling module xil_defaultlib.mig_7series_v4_1_bank_cntrl(COL_...
Compiling module xil_defaultlib.mig_7series_v4_1_bank_state(DATA...
Compiling module xil_defaultlib.mig_7series_v4_1_bank_queue(ID=1...
Compiling module xil_defaultlib.mig_7series_v4_1_bank_cntrl(COL_...
Compiling module xil_defaultlib.mig_7series_v4_1_bank_state(DATA...
Compiling module xil_defaultlib.mig_7series_v4_1_bank_queue(ID=2...
Compiling module xil_defaultlib.mig_7series_v4_1_bank_cntrl(COL_...
Compiling module xil_defaultlib.mig_7series_v4_1_bank_state(DATA...
Compiling module xil_defaultlib.mig_7series_v4_1_bank_queue(ID=3...
Compiling module xil_defaultlib.mig_7series_v4_1_bank_cntrl(COL_...
Compiling module xil_defaultlib.mig_7series_v4_1_bank_common(LOW...
Compiling module xil_defaultlib.mig_7series_v4_1_round_robin_arb...
Compiling module xil_defaultlib.mig_7series_v4_1_arb_row_col(nCK...
Compiling module xil_defaultlib.mig_7series_v4_1_arb_select(CS_W...
Compiling module xil_defaultlib.mig_7series_v4_1_arb_mux(CS_WIDT...
Compiling module xil_defaultlib.mig_7series_v4_1_bank_mach(COL_W...
Compiling module unisims_ver.RAM32M
Compiling module xil_defaultlib.mig_7series_v4_1_col_mach(COL_WI...
Compiling module xil_defaultlib.mig_7series_v4_1_mc(CL=6,COL_WID...
Compiling module unisims_ver.OBUF
Compiling module unisims_ver.OBUFT
Compiling module unisims_ver.IOBUF_INTERMDISABLE(IBUF_LOW_PWR...
Compiling module unisims_ver.IOBUFDS_DIFF_OUT_INTERMDISABLE(D...
Compiling module unisims_ver.IDDR
Compiling module xil_defaultlib.mig_7series_v4_1_poc_pd_default
Compiling module xil_defaultlib.mig_7series_v4_1_ddr_of_pre_fifo...
Compiling module xil_defaultlib.mig_7series_v4_1_ddr_of_pre_fifo...
Compiling module unisims_ver.BUFIO
Compiling module xil_defaultlib.mig_7series_v4_1_ddr_of_pre_fifo...
Compiling secureip modules ...
Compiling module unisims_ver.PHASER_OUT_PHY(FINE_DELAY=60,MEM...
Compiling secureip modules ...
Compiling module unisims_ver.OUT_FIFO(ARRAY_MODE="ARRAY_MODE_...
Compiling secureip modules ...
Compiling module unisims_ver.OSERDESE2(DATA_RATE_OQ="SDR",DAT...
Compiling module xil_defaultlib.mig_7series_v4_1_ddr_byte_group_...
Compiling module unisims_ver.ODDR(DDR_CLK_EDGE="SAME_EDGE")
Compiling module unisims_ver.OBUFDS
Compiling module xil_defaultlib.mig_7series_v4_1_ddr_byte_lane(B...
Compiling module xil_defaultlib.mig_7series_v4_1_ddr_byte_group_...
Compiling module xil_defaultlib.mig_7series_v4_1_ddr_byte_lane(A...
Compiling module xil_defaultlib.mig_7series_v4_1_ddr_if_post_fif...
Compiling secureip modules ...
Compiling module unisims_ver.PHASER_IN_PHY(BURST_MODE="TRUE",...
Compiling module unisims_ver.PHASER_OUT_PHY(CLKOUT_DIV=2,DATA...
Compiling secureip modules ...
Compiling module unisims_ver.IN_FIFO
Compiling module unisims_ver.OUT_FIFO
Compiling secureip modules ...
Compiling module unisims_ver.ISERDESE2(INTERFACE_TYPE="MEMORY...
Compiling module unisims_ver.IDELAYE2(HIGH_PERFORMANCE_MODE="...
Compiling secureip modules ...
Compiling module unisims_ver.OSERDESE2(DATA_WIDTH=32'sb0100,I...
Compiling secureip modules ...
Compiling module unisims_ver.OSERDESE2(DATA_WIDTH=32'sb0100,I...
Compiling module xil_defaultlib.mig_7series_v4_1_ddr_byte_group_...
Compiling module xil_defaultlib.mig_7series_v4_1_ddr_byte_lane(A...
Compiling module xil_defaultlib.mig_7series_v4_1_ddr_byte_group_...
Compiling module xil_defaultlib.mig_7series_v4_1_ddr_byte_lane(A...
Compiling secureip modules ...
Compiling module unisims_ver.PHY_CONTROL(AO_TOGGLE=1,BURST_MO...
Compiling module unisims_ver.PHASER_REF
Compiling module xil_defaultlib.mig_7series_v4_1_ddr_phy_4lanes(...
Compiling module xil_defaultlib.mig_7series_v4_1_ddr_mc_phy(DATA...
Compiling module xil_defaultlib.mig_7series_v4_1_ddr_mc_phy_wrap...
Compiling module xil_defaultlib.mig_7series_v4_1_ddr_prbs_gen(DQ...
Compiling module xil_defaultlib.mig_7series_v4_1_ddr_phy_init(tC...
Compiling module xil_defaultlib.mig_7series_v4_1_ddr_phy_wrcal(n...
Compiling module xil_defaultlib.mig_7series_v4_1_ddr_phy_wrlvl(D...
Compiling module xil_defaultlib.mig_7series_v4_1_ddr_phy_ck_addr...
Compiling module xil_defaultlib.mig_7series_v4_1_ddr_phy_dqs_fou...
Compiling module xil_defaultlib.mig_7series_v4_1_ddr_phy_rdlvl(n...
Compiling module xil_defaultlib.mig_7series_v4_1_ddr_phy_prbs_rd...
Compiling module xil_defaultlib.mig_7series_v4_1_ddr_phy_tempmon...
Compiling module xil_defaultlib.mig_7series_v4_1_ddr_calib_top(n...
Compiling module xil_defaultlib.mig_7series_v4_1_ddr_phy_top(DDR...
Compiling module xil_defaultlib.mig_7series_v4_1_mem_intfc(DDR3_...
Compiling module xil_defaultlib.mig_7series_v4_1_ui_cmd(ADDR_WID...
Compiling module xil_defaultlib.mig_7series_v4_1_ui_wr_data(APP_...
Compiling module xil_defaultlib.mig_7series_v4_1_ui_rd_data(APP_...
Compiling module xil_defaultlib.mig_7series_v4_1_ui_top(APP_DATA...
Compiling module xil_defaultlib.mig_7series_v4_1_ddr_axic_regist...
Compiling module xil_defaultlib.mig_7series_v4_1_ddr_axic_regist...
Compiling module xil_defaultlib.mig_7series_v4_1_ddr_axic_regist...
Compiling module xil_defaultlib.mig_7series_v4_1_ddr_axic_regist...
Compiling module xil_defaultlib.mig_7series_v4_1_ddr_axi_registe...
Compiling module xil_defaultlib.mig_7series_v4_1_ddr_axic_regist...
Compiling module xil_defaultlib.mig_7series_v4_1_ddr_axic_regist...
Compiling module xil_defaultlib.mig_7series_v4_1_ddr_axic_regist...
Compiling module xil_defaultlib.mig_7series_v4_1_ddr_axic_regist...
Compiling module xil_defaultlib.mig_7series_v4_1_ddr_axi_registe...
Compiling module xil_defaultlib.mig_7series_v4_1_ddr_axic_regist...
Compiling module xil_defaultlib.mig_7series_v4_1_ddr_axic_regist...
Compiling module xil_defaultlib.mig_7series_v4_1_ddr_axic_regist...
Compiling module xil_defaultlib.mig_7series_v4_1_ddr_axi_registe...
Compiling module unisims_ver.MUXCY
Compiling module unisims_ver.XORCY
Compiling module unisims_ver.AND2B1L
Compiling module xil_defaultlib.mig_7series_v4_1_ddr_carry_latch...
Compiling module xil_defaultlib.mig_7series_v4_1_ddr_carry_and(C...
Compiling module unisims_ver.OR2L
Compiling module xil_defaultlib.mig_7series_v4_1_ddr_carry_latch...
Compiling module unisims_ver.FDRE_default
Compiling module xil_defaultlib.mig_7series_v4_1_ddr_command_fif...
Compiling module xil_defaultlib.mig_7series_v4_1_ddr_a_upsizer(C...
Compiling module xil_defaultlib.mig_7series_v4_1_ddr_comparator_...
Compiling module xil_defaultlib.mig_7series_v4_1_ddr_carry_or(C_...
Compiling module unisims_ver.LUT6_2(INIT=64'b0101101001011010...
Compiling module unisims_ver.LUT6_2(INIT=64'b0110011001111000...
Compiling module unisims_ver.LUT4
Compiling module unisims_ver.LUT6
Compiling module unisims_ver.FDSE_default
Compiling module xil_defaultlib.mig_7series_v4_1_ddr_comparator_...
Compiling module xil_defaultlib.mig_7series_v4_1_ddr_comparator_...
Compiling module xil_defaultlib.mig_7series_v4_1_ddr_w_upsizer(C...
Compiling module xil_defaultlib.mig_7series_v4_1_ddr_a_upsizer(C...
Compiling module xil_defaultlib.mig_7series_v4_1_ddr_r_upsizer(C...
Compiling module xil_defaultlib.mig_7series_v4_1_ddr_axi_upsizer...
Compiling module xil_defaultlib.mig_7series_v4_1_ddr_axic_regist...
Compiling module xil_defaultlib.mig_7series_v4_1_ddr_axic_regist...
Compiling module xil_defaultlib.mig_7series_v4_1_ddr_axi_registe...
Compiling module xil_defaultlib.mig_7series_v4_1_axi_mc_incr_cmd...
Compiling module xil_defaultlib.mig_7series_v4_1_axi_mc_wrap_cmd...
Compiling module xil_defaultlib.mig_7series_v4_1_axi_mc_cmd_tran...
Compiling module xil_defaultlib.mig_7series_v4_1_axi_mc_wr_cmd_f...
Compiling module xil_defaultlib.mig_7series_v4_1_axi_mc_aw_chann...
Compiling module xil_defaultlib.mig_7series_v4_1_axi_mc_w_channe...
Compiling module xil_defaultlib.mig_7series_v4_1_axi_mc_fifo(C_W...
Compiling module xil_defaultlib.mig_7series_v4_1_axi_mc_b_channe...
Compiling module xil_defaultlib.mig_7series_v4_1_axi_mc_incr_cmd...
Compiling module xil_defaultlib.mig_7series_v4_1_axi_mc_wrap_cmd...
Compiling module xil_defaultlib.mig_7series_v4_1_axi_mc_cmd_tran...
Compiling module xil_defaultlib.mig_7series_v4_1_axi_mc_cmd_fsm(...
Compiling module xil_defaultlib.mig_7series_v4_1_axi_mc_ar_chann...
Compiling module xil_defaultlib.mig_7series_v4_1_axi_mc_fifo(C_W...
Compiling module xil_defaultlib.mig_7series_v4_1_axi_mc_fifo(C_W...
Compiling module xil_defaultlib.mig_7series_v4_1_axi_mc_r_channe...
Compiling module xil_defaultlib.mig_7series_v4_1_axi_mc_cmd_arbi...
Compiling module xil_defaultlib.mig_7series_v4_1_axi_mc(C_FAMILY...
Compiling module xil_defaultlib.mig_7series_v4_1_memc_ui_top_axi...
Compiling module xil_defaultlib.design_1_mig_7series_0_0_mig_def...
Compiling module xil_defaultlib.design_1_mig_7series_0_0
Compiling architecture imp of entity proc_sys_reset_v5_0_12.lpf [\lpf(c_ext_rst_width=4,c_aux_rst...]
Compiling architecture imp of entity proc_sys_reset_v5_0_12.proc_sys_reset [\proc_sys_reset(c_family="artix7...]
Compiling architecture design_1_rst_clk_wiz_1_100m_1_arch of entity xil_defaultlib.design_1_rst_clk_wiz_1_100M_1 [design_1_rst_clk_wiz_1_100m_1_de...]
Compiling architecture imp of entity proc_sys_reset_v5_0_12.lpf [\lpf(c_ext_rst_width=4,c_aux_rst...]
Compiling architecture imp of entity proc_sys_reset_v5_0_12.proc_sys_reset [\proc_sys_reset(c_family="artix7...]
Compiling architecture design_1_rst_mig_7series_0_100m_0_arch of entity xil_defaultlib.design_1_rst_mig_7series_0_100M_0 [design_1_rst_mig_7series_0_100m_...]
Compiling module xil_defaultlib.design_1
Compiling module xil_defaultlib.design_1_wrapper
Compiling module xil_defaultlib.tb
Compiling module xil_defaultlib.glbl
Compiling package smartconnect_v1_0.sc_util_v1_0_2_pkg
Built simulation snapshot tb_behav
