Vivado Simulator 2018.1
Time resolution is 1 fs
WARNING: This core is supplied with a behavioral model. To model cycle-accurate behavior you must run timing simulation.
Block Memory Generator module tb.dut.design_1_i.microblaze_0_local_memory.lmb_bram.inst.native_mem_mapped_module.blk_mem_gen_v8_4_1_inst is using a behavioral model for simulation which will not precisely model memory collision behavior.
WARNING: file design.txt could not be opened
 *** Warning: The analog data file design.txt for XADC instance tb.dut.design_1_i.mig_7series_0.u_design_1_mig_7series_0_0_mig.temp_mon_enabled.u_tempmon.xadc_supplied_temperature.XADC_inst was not found. Use the SIM_MONITOR_FILE parameter to specify the analog data file name or use the default name: design.txt.

############# Write Clocks PLLE2_ADV Parameters #############

nCK_PER_CLK      =       4
CLK_PERIOD       =    5000
CLKIN1_PERIOD    =   5.000
DIVCLK_DIVIDE    =       1
CLKFBOUT_MULT    =       4
VCO_PERIOD       =  1250.0
CLKOUT0_DIVIDE_F =       1
CLKOUT1_DIVIDE   =       2
CLKOUT2_DIVIDE   =      32
CLKOUT3_DIVIDE   =       8
CLKOUT0_PERIOD   =    1250
CLKOUT1_PERIOD   =    2500
CLKOUT2_PERIOD   =   40000
CLKOUT3_PERIOD   =   10000
CLKOUT4_PERIOD   =    5000
############################################################

############# MMCME2_ADV Parameters #############

MMCM_MULT_F           =           8
MMCM_VCO_FREQ (MHz)   = 800.000
MMCM_VCO_PERIOD       = 1250.000
#################################################

tb.dut.design_1_i.mig_7series_0.u_design_1_mig_7series_0_0_mig.u_memc_ui_top_axi.mem_intfc0.ddr_phy_top0.u_ddr_mc_phy_wrapper.u_ddr_mc_phy : BYTE_LANES_B0 = f BYTE_LANES_B1 = 0 DATA_CTL_B0 = c DATA_CTL_B1 = 0
tb.dut.design_1_i.mig_7series_0.u_design_1_mig_7series_0_0_mig.u_memc_ui_top_axi.mem_intfc0.ddr_phy_top0.u_ddr_mc_phy_wrapper.u_ddr_mc_phy : HIGHEST_LANE =           4 HIGHEST_LANE_B0 =           4 HIGHEST_LANE_B1 =           0
tb.dut.design_1_i.mig_7series_0.u_design_1_mig_7series_0_0_mig.u_memc_ui_top_axi.mem_intfc0.ddr_phy_top0.u_ddr_mc_phy_wrapper.u_ddr_mc_phy : HIGHEST_BANK =           1
tb.dut.design_1_i.mig_7series_0.u_design_1_mig_7series_0_0_mig.u_memc_ui_top_axi.mem_intfc0.ddr_phy_top0.u_ddr_mc_phy_wrapper.u_ddr_mc_phy : FREQ_REF_PERIOD         = 1250.00 
tb.dut.design_1_i.mig_7series_0.u_design_1_mig_7series_0_0_mig.u_memc_ui_top_axi.mem_intfc0.ddr_phy_top0.u_ddr_mc_phy_wrapper.u_ddr_mc_phy : DDR_TCK                 = 2500 
tb.dut.design_1_i.mig_7series_0.u_design_1_mig_7series_0_0_mig.u_memc_ui_top_axi.mem_intfc0.ddr_phy_top0.u_ddr_mc_phy_wrapper.u_ddr_mc_phy : PO_S2_TAPS_SIZE         = 9.77 
tb.dut.design_1_i.mig_7series_0.u_design_1_mig_7series_0_0_mig.u_memc_ui_top_axi.mem_intfc0.ddr_phy_top0.u_ddr_mc_phy_wrapper.u_ddr_mc_phy : PO_CIRC_BUF_EARLY       = 1 
tb.dut.design_1_i.mig_7series_0.u_design_1_mig_7series_0_0_mig.u_memc_ui_top_axi.mem_intfc0.ddr_phy_top0.u_ddr_mc_phy_wrapper.u_ddr_mc_phy : PO_CIRC_BUF_OFFSET      = 1219.75 
tb.dut.design_1_i.mig_7series_0.u_design_1_mig_7series_0_0_mig.u_memc_ui_top_axi.mem_intfc0.ddr_phy_top0.u_ddr_mc_phy_wrapper.u_ddr_mc_phy : PO_CIRC_BUF_META_ZONE   = 200.00 
tb.dut.design_1_i.mig_7series_0.u_design_1_mig_7series_0_0_mig.u_memc_ui_top_axi.mem_intfc0.ddr_phy_top0.u_ddr_mc_phy_wrapper.u_ddr_mc_phy : PO_STG2_FINE_INTR_DLY   = 769.25 
tb.dut.design_1_i.mig_7series_0.u_design_1_mig_7series_0_0_mig.u_memc_ui_top_axi.mem_intfc0.ddr_phy_top0.u_ddr_mc_phy_wrapper.u_ddr_mc_phy : PO_STG2_COARSE_INTR_DLY = 511.00 
tb.dut.design_1_i.mig_7series_0.u_design_1_mig_7series_0_0_mig.u_memc_ui_top_axi.mem_intfc0.ddr_phy_top0.u_ddr_mc_phy_wrapper.u_ddr_mc_phy : PO_STG2_INTRINSIC_DELAY = 1280.25 
tb.dut.design_1_i.mig_7series_0.u_design_1_mig_7series_0_0_mig.u_memc_ui_top_axi.mem_intfc0.ddr_phy_top0.u_ddr_mc_phy_wrapper.u_ddr_mc_phy : PO_CIRC_BUF_DELAY       = 60 
tb.dut.design_1_i.mig_7series_0.u_design_1_mig_7series_0_0_mig.u_memc_ui_top_axi.mem_intfc0.ddr_phy_top0.u_ddr_mc_phy_wrapper.u_ddr_mc_phy : PO_INTRINSIC_DELAY      = 1280.25 
tb.dut.design_1_i.mig_7series_0.u_design_1_mig_7series_0_0_mig.u_memc_ui_top_axi.mem_intfc0.ddr_phy_top0.u_ddr_mc_phy_wrapper.u_ddr_mc_phy : PO_DELAY                = 1866.19 
tb.dut.design_1_i.mig_7series_0.u_design_1_mig_7series_0_0_mig.u_memc_ui_top_axi.mem_intfc0.ddr_phy_top0.u_ddr_mc_phy_wrapper.u_ddr_mc_phy : PO_OCLK_DELAY           = 0 
tb.dut.design_1_i.mig_7series_0.u_design_1_mig_7series_0_0_mig.u_memc_ui_top_axi.mem_intfc0.ddr_phy_top0.u_ddr_mc_phy_wrapper.u_ddr_mc_phy : L_PHY_0_PO_FINE_DELAY   = 60 
tb.dut.design_1_i.mig_7series_0.u_design_1_mig_7series_0_0_mig.u_memc_ui_top_axi.mem_intfc0.ddr_phy_top0.u_ddr_mc_phy_wrapper.u_ddr_mc_phy : PI_STG1_INTRINSIC_DELAY = 0.00 
tb.dut.design_1_i.mig_7series_0.u_design_1_mig_7series_0_0_mig.u_memc_ui_top_axi.mem_intfc0.ddr_phy_top0.u_ddr_mc_phy_wrapper.u_ddr_mc_phy : PI_STG2_INTRINSIC_DELAY = 744.00 
tb.dut.design_1_i.mig_7series_0.u_design_1_mig_7series_0_0_mig.u_memc_ui_top_axi.mem_intfc0.ddr_phy_top0.u_ddr_mc_phy_wrapper.u_ddr_mc_phy : PI_INTRINSIC_DELAY      = 744.00 
tb.dut.design_1_i.mig_7series_0.u_design_1_mig_7series_0_0_mig.u_memc_ui_top_axi.mem_intfc0.ddr_phy_top0.u_ddr_mc_phy_wrapper.u_ddr_mc_phy : PI_MAX_STG2_DELAY       = 615.23 
tb.dut.design_1_i.mig_7series_0.u_design_1_mig_7series_0_0_mig.u_memc_ui_top_axi.mem_intfc0.ddr_phy_top0.u_ddr_mc_phy_wrapper.u_ddr_mc_phy : PI_OFFSET               = -78.00 
tb.dut.design_1_i.mig_7series_0.u_design_1_mig_7series_0_0_mig.u_memc_ui_top_axi.mem_intfc0.ddr_phy_top0.u_ddr_mc_phy_wrapper.u_ddr_mc_phy : a negative PI_OFFSET means that rclk path is longer than oclk path so rclk will be delayed to next oclk edge and the negedge of rclk may be used.
tb.dut.design_1_i.mig_7series_0.u_design_1_mig_7series_0_0_mig.u_memc_ui_top_axi.mem_intfc0.ddr_phy_top0.u_ddr_mc_phy_wrapper.u_ddr_mc_phy : PI_STG2_DELAY           = 615.23 
tb.dut.design_1_i.mig_7series_0.u_design_1_mig_7series_0_0_mig.u_memc_ui_top_axi.mem_intfc0.ddr_phy_top0.u_ddr_mc_phy_wrapper.u_ddr_mc_phy :PI_STG2_DELAY_CAND       = 1172.00 
tb.dut.design_1_i.mig_7series_0.u_design_1_mig_7series_0_0_mig.u_memc_ui_top_axi.mem_intfc0.ddr_phy_top0.u_ddr_mc_phy_wrapper.u_ddr_mc_phy : DEFAULT_RCLK_DELAY      = 63 
tb.dut.design_1_i.mig_7series_0.u_design_1_mig_7series_0_0_mig.u_memc_ui_top_axi.mem_intfc0.ddr_phy_top0.u_ddr_mc_phy_wrapper.u_ddr_mc_phy : RCLK_SELECT_EDGE        = 0 
WARNING: tb.dut.design_1_i.mig_7series_0.u_design_1_mig_7series_0_0_mig.u_memc_ui_top_axi.mem_intfc0.ddr_phy_top0.u_ddr_mc_phy_wrapper.u_ddr_mc_phy: The required delay though the phaser_in to internally match the aux_out clock  to ddr clock exceeds the maximum allowable delay. The clock edge  will occur at the output registers of aux_out 556.77 ps before the ddr clock  edge. If aux_out is used for memory inputs, this may violate setup or hold time.
WARNING in tb.dut.design_1_i.dist_mem_gen_0.inst at time                 1100 ns: 
Reading from out-of-range address. Max address in tb.dut.design_1_i.dist_mem_gen_0.inst is        2047
Warning: [Unisim MMCME2_ADV-20] Input CLKIN1 period and attribute CLKIN1_PERIOD are not same. Instance tb.dut.design_1_i.clk_wiz_1.inst.mmcm_adv_inst 
Warning : input CLKIN1 period and attribute CLKIN1_PERIOD on PLLE2_ADV instance tb.dut.design_1_i.mig_7series_0.u_design_1_mig_7series_0_0_mig.u_ddr3_infrastructure.plle2_i are not same.
Warning: Warning : input CLKIN1 period and attribute CLKIN1_PERIOD are not same.
Time: 221 ns  Iteration: 16  Process: /tb/dut/design_1_i/UDP_1/inst/UDP_v3_S00_AXI_inst/interface/clocking/PLLE2_ADV_inst/pchk_p  File: D:\Xilinx\Vivado\2018.1\data/vhdl/src/unisims/primitive/PLLE2_ADV.vhd
Warning: [Unisim MMCME2_ADV-20] Input CLKIN1 period and attribute CLKIN1_PERIOD are not same. Instance tb.dut.design_1_i.mig_7series_0.u_design_1_mig_7series_0_0_mig.u_ddr3_infrastructure.gen_mmcm.mmcm_i 
Warning: Invalid average CLKIN frequency detected = 4000.000 MHz
    on PHASER_REF instance tb.dut.design_1_i.mig_7series_0.u_design_1_mig_7series_0_0_mig.u_memc_ui_top_axi.mem_intfc0.ddr_phy_top0.u_ddr_mc_phy_wrapper.u_ddr_mc_phy.ddr_phy_4lanes_0.u_ddr_phy_4lanes.phaser_ref_i at time            259750000 ps.
    The valid CLKIN frequency range is:
        Minimum = 400.000 MHz
        Maximum = 1066.000 MHz
