INFO: [VRFC 10-2263] Analyzing Verilog file "D:/Users/khanm/ICGTRMP1/MBS_V1/MicroBlazeServer.ip_user_files/bd/design_1/ip/design_1_axi_smc_0/bd_0/ip/ip_0/sim/bd_afc3_one_0.v" into library xil_defaultlib
INFO: [VRFC 10-311] analyzing module bd_afc3_one_0
INFO: [VRFC 10-2263] Analyzing Verilog file "D:/Users/khanm/ICGTRMP1/MBS_V1/MicroBlazeServer.ip_user_files/bd/design_1/ip/design_1_axi_smc_0/sim/design_1_axi_smc_0.v" into library xil_defaultlib
INFO: [VRFC 10-311] analyzing module design_1_axi_smc_0
INFO: [VRFC 10-2263] Analyzing Verilog file "D:/Users/khanm/ICGTRMP1/MBS_V1/MicroBlazeServer.ip_user_files/bd/design_1/ip/design_1_lmb_bram_1/sim/design_1_lmb_bram_1.v" into library xil_defaultlib
INFO: [VRFC 10-311] analyzing module design_1_lmb_bram_1
INFO: [VRFC 10-2263] Analyzing Verilog file "D:/Users/khanm/ICGTRMP1/MBS_V1/MicroBlazeServer.ip_user_files/bd/design_1/ip/design_1_dist_mem_gen_0_0/sim/design_1_dist_mem_gen_0_0.v" into library xil_defaultlib
INFO: [VRFC 10-311] analyzing module design_1_dist_mem_gen_0_0
INFO: [VRFC 10-2263] Analyzing Verilog file "D:/Users/khanm/ICGTRMP1/MBS_V1/MicroBlazeServer.ip_user_files/bd/design_1/ipshared/d4a5/hdl/UDP_v3_S00_AXI.v" into library xil_defaultlib
INFO: [VRFC 10-311] analyzing module UDP_v3_S00_AXI
INFO: [VRFC 10-2263] Analyzing Verilog file "D:/Users/khanm/ICGTRMP1/MBS_V1/MicroBlazeServer.ip_user_files/bd/design_1/ipshared/d4a5/hdl/UDP_v3.v" into library xil_defaultlib
INFO: [VRFC 10-311] analyzing module UDP_v3
INFO: [VRFC 10-2263] Analyzing Verilog file "D:/Users/khanm/ICGTRMP1/MBS_V1/MicroBlazeServer.ip_user_files/bd/design_1/ip/design_1_UDP_1_0/sim/design_1_UDP_1_0.v" into library xil_defaultlib
INFO: [VRFC 10-311] analyzing module design_1_UDP_1_0
INFO: [VRFC 10-2263] Analyzing Verilog file "D:/Users/khanm/ICGTRMP1/MBS_V1/MicroBlazeServer.ip_user_files/bd/design_1/ipshared/bcca/src/DFFR_buffer_out.v" into library xil_defaultlib
INFO: [VRFC 10-311] analyzing module DFFR_buffer_out
INFO: [VRFC 10-2263] Analyzing Verilog file "D:/Users/khanm/ICGTRMP1/MBS_V1/MicroBlazeServer.ip_user_files/bd/design_1/ipshared/bcca/src/UDP_ref.v" into library xil_defaultlib
INFO: [VRFC 10-311] analyzing module UDP_ref
INFO: [VRFC 10-2263] Analyzing Verilog file "D:/Users/khanm/ICGTRMP1/MBS_V1/MicroBlazeServer.ip_user_files/bd/design_1/ipshared/bcca/src/clear.v" into library xil_defaultlib
INFO: [VRFC 10-311] analyzing module clear
INFO: [VRFC 10-2263] Analyzing Verilog file "D:/Users/khanm/ICGTRMP1/MBS_V1/MicroBlazeServer.ip_user_files/bd/design_1/ipshared/bcca/hdl/clk_v5_S00_AXI.v" into library xil_defaultlib
INFO: [VRFC 10-311] analyzing module clk_v5_S00_AXI
INFO: [VRFC 10-2263] Analyzing Verilog file "D:/Users/khanm/ICGTRMP1/MBS_V1/MicroBlazeServer.ip_user_files/bd/design_1/ipshared/bcca/src/comparator_500MHz.v" into library xil_defaultlib
INFO: [VRFC 10-311] analyzing module comparator_500MHz
INFO: [VRFC 10-2263] Analyzing Verilog file "D:/Users/khanm/ICGTRMP1/MBS_V1/MicroBlazeServer.ip_user_files/bd/design_1/ipshared/bcca/src/comparator_500MHz_inv.v" into library xil_defaultlib
INFO: [VRFC 10-311] analyzing module comparator_500MHz_inv
INFO: [VRFC 10-2263] Analyzing Verilog file "D:/Users/khanm/ICGTRMP1/MBS_V1/MicroBlazeServer.ip_user_files/bd/design_1/ipshared/bcca/src/full_half_condition.v" into library xil_defaultlib
INFO: [VRFC 10-311] analyzing module full_half_condition
INFO: [VRFC 10-2263] Analyzing Verilog file "D:/Users/khanm/ICGTRMP1/MBS_V1/MicroBlazeServer.ip_user_files/bd/design_1/ipshared/bcca/src/width_and_phase.v" into library xil_defaultlib
INFO: [VRFC 10-311] analyzing module width_and_phase
INFO: [VRFC 10-2263] Analyzing Verilog file "D:/Users/khanm/ICGTRMP1/MBS_V1/MicroBlazeServer.ip_user_files/bd/design_1/ipshared/bcca/hdl/clk_v5.v" into library xil_defaultlib
INFO: [VRFC 10-311] analyzing module clk_v5
INFO: [VRFC 10-2263] Analyzing Verilog file "D:/Users/khanm/ICGTRMP1/MBS_V1/MicroBlazeServer.ip_user_files/bd/design_1/ip/design_1_clk_0_0/sim/design_1_clk_0_0.v" into library xil_defaultlib
INFO: [VRFC 10-311] analyzing module design_1_clk_0_0
INFO: [VRFC 10-2263] Analyzing Verilog file "D:/Users/khanm/ICGTRMP1/MBS_V1/MicroBlazeServer.ip_user_files/bd/design_1/ip/design_1_xbar_0/sim/design_1_xbar_0.v" into library xil_defaultlib
INFO: [VRFC 10-311] analyzing module design_1_xbar_0
INFO: [VRFC 10-2263] Analyzing Verilog file "D:/Users/khanm/ICGTRMP1/MBS_V1/MicroBlazeServer.ip_user_files/bd/design_1/sim/design_1.v" into library xil_defaultlib
INFO: [VRFC 10-311] analyzing module design_1
INFO: [VRFC 10-311] analyzing module design_1_microblaze_0_axi_periph_1
INFO: [VRFC 10-311] analyzing module m00_couplers_imp_8RVYHO
INFO: [VRFC 10-311] analyzing module m01_couplers_imp_1UTB3Y5
INFO: [VRFC 10-311] analyzing module m02_couplers_imp_7ANRHB
INFO: [VRFC 10-311] analyzing module m03_couplers_imp_1W07O72
INFO: [VRFC 10-311] analyzing module m04_couplers_imp_5LX7BU
INFO: [VRFC 10-311] analyzing module m05_couplers_imp_1XR4ZAZ
INFO: [VRFC 10-311] analyzing module m06_couplers_imp_4YOIXL
INFO: [VRFC 10-311] analyzing module microblaze_0_local_memory_imp_1K0VQXK
INFO: [VRFC 10-311] analyzing module s00_couplers_imp_1RZP34U
INFO: [VRFC 10-2263] Analyzing Verilog file "D:/Users/khanm/ICGTRMP1/MBS_V1/MicroBlazeServer.srcs/sources_1/bd/design_1/hdl/design_1_wrapper.v" into library xil_defaultlib
INFO: [VRFC 10-311] analyzing module design_1_wrapper
INFO: [VRFC 10-2263] Analyzing Verilog file "D:/Users/khanm/ICGTRMP1/MBS_V1/MicroBlazeServer.srcs/sim_1/new/tb.v" into library xil_defaultlib
INFO: [VRFC 10-311] analyzing module tb
