Copyright 1986-2018 Xilinx, Inc. All Rights Reserved.
---------------------------------------------------------------------------------------------------------------------------
| Tool Version : Vivado v.2018.1 (win64) Build 2188600 Wed Apr  4 18:40:38 MDT 2018
| Date         : Mon Aug 26 17:34:31 2019
| Host         : LAPTOP-1NA0UHBO running 64-bit major release  (build 9200)
| Command      : report_utilization -file design_1_wrapper_utilization_synth.rpt -pb design_1_wrapper_utilization_synth.pb
| Design       : design_1_wrapper
| Device       : 7a200tsbg484-1
| Design State : Synthesized
---------------------------------------------------------------------------------------------------------------------------

Utilization Design Information

Table of Contents
-----------------
1. Slice Logic
1.1 Summary of Registers by Type
2. Memory
3. DSP
4. IO and GT Specific
5. Clocking
6. Specific Feature
7. Primitives
8. Black Boxes
9. Instantiated Netlists

1. Slice Logic
--------------

+----------------------------+-------+-------+-----------+-------+
|          Site Type         |  Used | Fixed | Available | Util% |
+----------------------------+-------+-------+-----------+-------+
| Slice LUTs*                | 19083 |     0 |    134600 | 14.18 |
|   LUT as Logic             | 16488 |     0 |    134600 | 12.25 |
|   LUT as Memory            |  2595 |     0 |     46200 |  5.62 |
|     LUT as Distributed RAM |  2038 |     0 |           |       |
|     LUT as Shift Register  |   557 |     0 |           |       |
| Slice Registers            | 18474 |    11 |    269200 |  6.86 |
|   Register as Flip Flop    | 18458 |    11 |    269200 |  6.86 |
|   Register as Latch        |     0 |     0 |    269200 |  0.00 |
|   Register as AND/OR       |    16 |     0 |    269200 | <0.01 |
| F7 Muxes                   |   721 |     0 |     67300 |  1.07 |
| F8 Muxes                   |   144 |     0 |     33650 |  0.43 |
+----------------------------+-------+-------+-----------+-------+
* Warning! The Final LUT count, after physical optimizations and full implementation, is typically lower. Run opt_design after synthesis, if not already completed, for a more realistic count.


1.1 Summary of Registers by Type
--------------------------------

+-------+--------------+-------------+--------------+
| Total | Clock Enable | Synchronous | Asynchronous |
+-------+--------------+-------------+--------------+
| 16    |            _ |           - |            - |
| 0     |            _ |           - |          Set |
| 0     |            _ |           - |        Reset |
| 0     |            _ |         Set |            - |
| 0     |            _ |       Reset |            - |
| 0     |          Yes |           - |            - |
| 109   |          Yes |           - |          Set |
| 1027  |          Yes |           - |        Reset |
| 679   |          Yes |         Set |            - |
| 16643 |          Yes |       Reset |            - |
+-------+--------------+-------------+--------------+


2. Memory
---------

+-------------------+------+-------+-----------+-------+
|     Site Type     | Used | Fixed | Available | Util% |
+-------------------+------+-------+-----------+-------+
| Block RAM Tile    |   52 |     0 |       365 | 14.25 |
|   RAMB36/FIFO*    |   52 |     0 |       365 | 14.25 |
|     RAMB36E1 only |   52 |       |           |       |
|   RAMB18          |    0 |     0 |       730 |  0.00 |
+-------------------+------+-------+-----------+-------+
* Note: Each Block RAM Tile only has one FIFO logic available and therefore can accommodate only one FIFO36E1 or one FIFO18E1. However, if a FIFO18E1 occupies a Block RAM Tile, that tile can still accommodate a RAMB18E1


3. DSP
------

+----------------+------+-------+-----------+-------+
|    Site Type   | Used | Fixed | Available | Util% |
+----------------+------+-------+-----------+-------+
| DSPs           |   29 |     0 |       740 |  3.92 |
|   DSP48E1 only |   29 |       |           |       |
+----------------+------+-------+-----------+-------+


4. IO and GT Specific
---------------------

+-----------------------------+------+-------+-----------+-------+
|          Site Type          | Used | Fixed | Available | Util% |
+-----------------------------+------+-------+-----------+-------+
| Bonded IOB                  |  101 |     0 |       285 | 35.44 |
| Bonded IPADs                |    0 |     0 |        14 |  0.00 |
| Bonded OPADs                |    0 |     0 |         8 |  0.00 |
| PHY_CONTROL                 |    1 |     0 |        10 | 10.00 |
| PHASER_REF                  |    1 |     0 |        10 | 10.00 |
| OUT_FIFO                    |    4 |     0 |        40 | 10.00 |
| IN_FIFO                     |    2 |     0 |        40 |  5.00 |
| IDELAYCTRL                  |    1 |     0 |        10 | 10.00 |
| IBUFDS                      |    0 |     0 |       274 |  0.00 |
| GTPE2_CHANNEL               |    0 |     0 |         4 |  0.00 |
| PHASER_OUT/PHASER_OUT_PHY   |    4 |     0 |        40 | 10.00 |
|   PHASER_OUT_PHY only       |    4 |     0 |           |       |
| PHASER_IN/PHASER_IN_PHY     |    2 |     0 |        40 |  5.00 |
|   PHASER_IN_PHY only        |    2 |     0 |           |       |
| IDELAYE2/IDELAYE2_FINEDELAY |   16 |     0 |       500 |  3.20 |
|   IDELAYE2 only             |   16 |     0 |           |       |
| IBUFDS_GTE2                 |    0 |     0 |         2 |  0.00 |
| ILOGIC                      |   18 |     0 |       285 |  6.32 |
|   ISERDES                   |   16 |       |           |       |
|   IDDR                      |    2 |       |           |       |
| OLOGIC                      |   54 |     0 |       285 | 18.95 |
|   OSERDES                   |   43 |       |           |       |
|   ODDR                      |   11 |       |           |       |
+-----------------------------+------+-------+-----------+-------+


5. Clocking
-----------

+------------+------+-------+-----------+-------+
|  Site Type | Used | Fixed | Available | Util% |
+------------+------+-------+-----------+-------+
| BUFGCTRL   |   12 |     0 |        32 | 37.50 |
| BUFIO      |    0 |     0 |        40 |  0.00 |
| MMCME2_ADV |    2 |     0 |        10 | 20.00 |
| PLLE2_ADV  |    2 |     0 |        10 | 20.00 |
| BUFMRCE    |    0 |     0 |        20 |  0.00 |
| BUFHCE     |    1 |     0 |       120 |  0.83 |
| BUFR       |    0 |     0 |        40 |  0.00 |
+------------+------+-------+-----------+-------+


6. Specific Feature
-------------------

+-------------+------+-------+-----------+--------+
|  Site Type  | Used | Fixed | Available |  Util% |
+-------------+------+-------+-----------+--------+
| BSCANE2     |    1 |     0 |         4 |  25.00 |
| CAPTUREE2   |    0 |     0 |         1 |   0.00 |
| DNA_PORT    |    0 |     0 |         1 |   0.00 |
| EFUSE_USR   |    0 |     0 |         1 |   0.00 |
| FRAME_ECCE2 |    0 |     0 |         1 |   0.00 |
| ICAPE2      |    0 |     0 |         2 |   0.00 |
| PCIE_2_1    |    0 |     0 |         1 |   0.00 |
| STARTUPE2   |    0 |     0 |         1 |   0.00 |
| XADC        |    1 |     0 |         1 | 100.00 |
+-------------+------+-------+-----------+--------+


7. Primitives
-------------

+--------------------------+-------+---------------------+
|         Ref Name         |  Used | Functional Category |
+--------------------------+-------+---------------------+
| FDRE                     | 16643 |        Flop & Latch |
| LUT6                     |  4528 |                 LUT |
| LUT4                     |  3769 |                 LUT |
| LUT5                     |  3479 |                 LUT |
| LUT3                     |  2391 |                 LUT |
| RAMD32                   |  2220 |  Distributed Memory |
| LUT2                     |  2175 |                 LUT |
| FDCE                     |  1027 |        Flop & Latch |
| MUXF7                    |   721 |               MuxFx |
| RAMS32                   |   694 |  Distributed Memory |
| FDSE                     |   679 |        Flop & Latch |
| LUT1                     |   622 |                 LUT |
| RAMD64E                  |   512 |  Distributed Memory |
| CARRY4                   |   447 |          CarryLogic |
| SRLC32E                  |   410 |  Distributed Memory |
| MUXF8                    |   144 |               MuxFx |
| SRL16E                   |   139 |  Distributed Memory |
| FDPE                     |   109 |        Flop & Latch |
| OBUF                     |    62 |                  IO |
| RAMB36E1                 |    52 |        Block Memory |
| OSERDESE2                |    43 |                  IO |
| DSP48E1                  |    29 |    Block Arithmetic |
| OBUFT                    |    18 |                  IO |
| ISERDESE2                |    16 |                  IO |
| IDELAYE2                 |    16 |                  IO |
| IBUF_INTERMDISABLE       |    16 |                  IO |
| IBUF                     |    15 |                  IO |
| AND2B1L                  |    14 |              Others |
| BUFG                     |    12 |               Clock |
| ODDR                     |    11 |                  IO |
| SRLC16E                  |     8 |  Distributed Memory |
| PHASER_OUT_PHY           |     4 |                  IO |
| OUT_FIFO                 |     4 |                  IO |
| OBUFTDS                  |     4 |                  IO |
| IBUFDS_INTERMDISABLE_INT |     4 |                  IO |
| INV                      |     3 |                 LUT |
| PLLE2_ADV                |     2 |               Clock |
| PHASER_IN_PHY            |     2 |                  IO |
| OR2L                     |     2 |              Others |
| OBUFDS                   |     2 |                  IO |
| MMCME2_ADV               |     2 |               Clock |
| IN_FIFO                  |     2 |                  IO |
| IDDR                     |     2 |                  IO |
| XADC                     |     1 |              Others |
| PHY_CONTROL              |     1 |                  IO |
| PHASER_REF               |     1 |                  IO |
| IDELAYCTRL               |     1 |                  IO |
| BUFH                     |     1 |               Clock |
| BSCANE2                  |     1 |              Others |
+--------------------------+-------+---------------------+


8. Black Boxes
--------------

+----------+------+
| Ref Name | Used |
+----------+------+


9. Instantiated Netlists
------------------------

+----------+------+
| Ref Name | Used |
+----------+------+


