#-----------------------------------------------------------
# Webtalk v2018.1 (64-bit)
# SW Build 2188600 on Wed Apr  4 18:40:38 MDT 2018
# 
# Start of session at: Mon Aug 26 13:46:46 2019
# Process ID: 37268
# Current directory: D:/GMJ_SDK/webtalk
# Command line: wbtcv.exe -mode batch -source sdk_webtalk.tcl
# Log file: D:/GMJ_SDK/webtalk/webtalk.log
# Journal file: D:/GMJ_SDK/webtalk\webtalk.jou
#-----------------------------------------------------------
source sdk_webtalk.tcl
# webtalk_init -webtalk_dir D:\\GMJ_SDK\\webtalk
# webtalk_register_client -client project
# webtalk_add_data -client project -key date_generated -value "2019-08-26 13:46:44" -context "software_version_and_target_device"
# webtalk_add_data -client project -key product_version -value "SDK v2018.1" -context "software_version_and_target_device"
# webtalk_add_data -client project -key build_version -value "2018.1" -context "software_version_and_target_device"
# webtalk_add_data -client project -key os_platform -value "amd64" -context "software_version_and_target_device"
# webtalk_add_data -client project -key registration_id -value "211734211_0_0_470" -context "software_version_and_target_device"
# webtalk_add_data -client project -key tool_flow -value "SDK" -context "software_version_and_target_device"
# webtalk_add_data -client project -key beta -value "false" -context "software_version_and_target_device"
# webtalk_add_data -client project -key route_design -value "NA" -context "software_version_and_target_device"
# webtalk_add_data -client project -key target_family -value "NA" -context "software_version_and_target_device"
# webtalk_add_data -client project -key target_device -value "NA" -context "software_version_and_target_device"
# webtalk_add_data -client project -key target_package -value "NA" -context "software_version_and_target_device"
# webtalk_add_data -client project -key target_speed -value "NA" -context "software_version_and_target_device"
# webtalk_add_data -client project -key random_id -value "1c9k4r8io81lbkj5hrlh9e2f78" -context "software_version_and_target_device"
# webtalk_add_data -client project -key project_id -value "2018.1_19" -context "software_version_and_target_device"
# webtalk_add_data -client project -key project_iteration -value "19" -context "software_version_and_target_device"
# webtalk_add_data -client project -key os_name -value "Microsoft Windows 8 or later , 64-bit" -context "user_environment"
# webtalk_add_data -client project -key os_release -value "major release  (build 9200)" -context "user_environment"
# webtalk_add_data -client project -key cpu_name -value "Intel(R) Core(TM) i5-8250U CPU @ 1.60GHz" -context "user_environment"
# webtalk_add_data -client project -key cpu_speed -value "1800 MHz" -context "user_environment"
# webtalk_add_data -client project -key total_processors -value "1" -context "user_environment"
# webtalk_add_data -client project -key system_ram -value "8.468 GB" -context "user_environment"
# webtalk_register_client -client sdk
# webtalk_add_data -client sdk -key uid -value "1566841448111" -context "sdk\\\\bsp/1566841448111"
# webtalk_add_data -client sdk -key hwid -value "1566841340124" -context "sdk\\\\bsp/1566841448111"
# webtalk_add_data -client sdk -key os -value "standalone" -context "sdk\\\\bsp/1566841448111"
# webtalk_add_data -client sdk -key apptemplate -value "hello_world" -context "sdk\\\\bsp/1566841448111"
# webtalk_add_data -client sdk -key RecordType -value "BSPCreation" -context "sdk\\\\bsp/1566841448111"
# webtalk_add_data -client sdk -key uid -value "1566841453711" -context "sdk\\\\application/1566841453711"
# webtalk_add_data -client sdk -key hwid -value "1566841340124" -context "sdk\\\\application/1566841453711"
# webtalk_add_data -client sdk -key bspid -value "1566841448111" -context "sdk\\\\application/1566841453711"
# webtalk_add_data -client sdk -key newbsp -value "true" -context "sdk\\\\application/1566841453711"
# webtalk_add_data -client sdk -key os -value "standalone" -context "sdk\\\\application/1566841453711"
# webtalk_add_data -client sdk -key apptemplate -value "hello_world" -context "sdk\\\\application/1566841453711"
# webtalk_add_data -client sdk -key RecordType -value "APPCreation" -context "sdk\\\\application/1566841453711"
# webtalk_add_data -client sdk -key LangUsed -value "C" -context "sdk\\\\application/1566841453711"
# webtalk_add_data -client sdk -key Procused -value "microblaze" -context "sdk\\\\application/1566841453711"
# webtalk_add_data -client sdk -key projSize -value "84.81640625" -context "sdk\\\\application/1566841453711"
# webtalk_add_data -client sdk -key uid -value "NA" -context "sdk\\\\bsp/1566841604440"
# webtalk_add_data -client sdk -key RecordType -value "ToolUsage" -context "sdk\\\\bsp/1566841604440"
# webtalk_add_data -client sdk -key BootgenCount -value "0" -context "sdk\\\\bsp/1566841604440"
# webtalk_add_data -client sdk -key DebugCount -value "0" -context "sdk\\\\bsp/1566841604440"
# webtalk_add_data -client sdk -key PerfCount -value "0" -context "sdk\\\\bsp/1566841604440"
# webtalk_add_data -client sdk -key FlashCount -value "0" -context "sdk\\\\bsp/1566841604440"
# webtalk_add_data -client sdk -key CrossTriggCount -value "0" -context "sdk\\\\bsp/1566841604440"
# webtalk_add_data -client sdk -key QemuDebugCount -value "0" -context "sdk\\\\bsp/1566841604440"
# webtalk_transmit -clientid 503662761 -regid "211734211_0_0_470" -xml D:\\GMJ_SDK\\webtalk\\usage_statistics_ext_sdk.xml -html D:\\GMJ_SDK\\webtalk\\usage_statistics_ext_sdk.html -wdm D:\\GMJ_SDK\\webtalk\\sdk_webtalk.wdm -intro "<H3>SDK Usage Report</H3><BR>"
INFO: [Common 17-186] 'D:\GMJ_SDK\webtalk\usage_statistics_ext_sdk.xml' has been successfully sent to Xilinx on Mon Aug 26 13:46:49 2019. For additional details about this file, please refer to the WebTalk help file at C:/Xilinx/SDK/2018.1/doc/webtalk_introduction.html.
# webtalk_terminate
INFO: [Common 17-206] Exiting Webtalk at Mon Aug 26 13:46:49 2019...
