14:24:15 INFO  : Registering command handlers for SDK TCF services
14:24:18 INFO  : Launching XSCT server: xsct.bat -interactive D:\GMJ_SDK\temp_xsdb_launch_script.tcl
14:24:26 INFO  : XSCT server has started successfully.
14:24:31 INFO  : Successfully done setting XSCT server connection channel  
14:24:31 INFO  : Successfully done setting SDK workspace  
14:24:31 INFO  : Processing command line option -hwspec D:/GMJ_SDK/design_1_wrapper.hdf.
16:41:13 INFO  : Registering command handlers for SDK TCF services
16:41:14 INFO  : Launching XSCT server: xsct.bat -interactive D:\GMJ_SDK\temp_xsdb_launch_script.tcl
16:41:18 INFO  : XSCT server has started successfully.
16:41:23 INFO  : Successfully done setting XSCT server connection channel  
16:41:23 INFO  : Successfully done setting SDK workspace  
16:41:23 INFO  : Processing command line option -hwspec D:/GMJ_SDK/design_1_wrapper.hdf.
16:41:23 INFO  : Checking for hwspec changes in the project design_1_wrapper_hw_platform_0.
16:41:29 INFO  : SDK has detected change in the last modified timestamps for source hardware specification file Source:1566244997545,  Project:1565904500189
16:41:29 INFO  : The hardware specification for project 'design_1_wrapper_hw_platform_0' is different from D:/GMJ_SDK/design_1_wrapper.hdf.
16:41:29 INFO  : Copied contents of D:/GMJ_SDK/design_1_wrapper.hdf into \design_1_wrapper_hw_platform_0\system.hdf.
16:41:30 INFO  : Synchronizing projects in the workspace with the hardware platform specification changes.
16:41:38 INFO  : 
16:41:40 INFO  : Updating hardware inferred compiler options for GMJ_SDK_1.
16:41:40 INFO  : Clearing existing target manager status.
17:07:19 INFO  : Connected to target on host '127.0.0.1' and port '3121'.
17:07:22 INFO  : 'targets -set -filter {jtag_cable_name =~ "Digilent Nexys Video 210276723563B" && level==0} -index 0' command is executed.
17:07:22 ERROR : couldn't open "D:/GMJ_SDK/design_1_wrapper_hw_platform_0/download.bit": no such file or directory
17:08:35 INFO  : Inferring section assignments and sizes from elf file: D:\GMJ_SDK\GMJ_SDK_1\Debug\GMJ_SDK_1.elf
17:08:42 INFO  : Successfully generated D:\GMJ_SDK\GMJ_SDK_1\src\lscript.ld.
17:08:42 INFO  : Applying linker script to all configurations of project GMJ_SDK_1.
17:08:42 INFO  : Setting rebuild state to true for all configurations of project GMJ_SDK_1.
17:12:50 INFO  : Inferring section assignments and sizes from elf file: D:\GMJ_SDK\GMJ_SDK_1\Debug\GMJ_SDK_1.elf
17:12:53 INFO  : Successfully generated D:\GMJ_SDK\GMJ_SDK_1\src\lscript.ld.
17:12:53 INFO  : Applying linker script to all configurations of project GMJ_SDK_1.
17:12:53 INFO  : Setting rebuild state to true for all configurations of project GMJ_SDK_1.
17:13:31 INFO  : Connected to target on host '127.0.0.1' and port '3121'.
17:13:31 INFO  : 'targets -set -filter {jtag_cable_name =~ "Digilent Nexys Video 210276723563B" && level==0} -index 0' command is executed.
17:13:37 INFO  : FPGA configured successfully with bitstream "D:/GMJ_SDK/design_1_wrapper_hw_platform_0/download.bit"
13:25:25 INFO  : Registering command handlers for SDK TCF services
13:25:27 INFO  : Launching XSCT server: xsct.bat -interactive D:\GMJ_SDK\temp_xsdb_launch_script.tcl
13:25:35 INFO  : XSCT server has started successfully.
13:25:35 INFO  : Successfully done setting XSCT server connection channel  
13:25:41 INFO  : Successfully done setting SDK workspace  
13:25:41 INFO  : Processing command line option -hwspec D:/GMJ_SDK/design_1_wrapper.hdf.
13:25:41 INFO  : Checking for hwspec changes in the project design_1_wrapper_hw_platform_0.
13:25:48 INFO  : SDK has detected change in the last modified timestamps for source hardware specification file Source:1566254964005,  Project:1566244997545
13:25:48 INFO  : The hardware specification for project 'design_1_wrapper_hw_platform_0' is different from D:/GMJ_SDK/design_1_wrapper.hdf.
13:25:48 INFO  : Copied contents of D:/GMJ_SDK/design_1_wrapper.hdf into \design_1_wrapper_hw_platform_0\system.hdf.
13:25:50 INFO  : Synchronizing projects in the workspace with the hardware platform specification changes.
13:26:00 INFO  : 
13:26:02 INFO  : Updating hardware inferred compiler options for GMJ_SDK_1.
13:26:02 INFO  : Clearing existing target manager status.
13:29:50 INFO  : Connected to target on host '127.0.0.1' and port '3121'.
13:29:52 INFO  : 'targets -set -filter {jtag_cable_name =~ "Digilent Nexys Video 210276723563B" && level==0} -index 0' command is executed.
13:29:59 INFO  : FPGA configured successfully with bitstream "D:/GMJ_SDK/design_1_wrapper_hw_platform_0/download.bit"
15:02:14 INFO  : Registering command handlers for SDK TCF services
15:02:16 INFO  : Launching XSCT server: xsct.bat -interactive D:\GMJ_SDK\temp_xsdb_launch_script.tcl
15:02:22 INFO  : XSCT server has started successfully.
15:02:22 INFO  : Successfully done setting XSCT server connection channel  
15:02:31 INFO  : Successfully done setting SDK workspace  
15:02:31 INFO  : Processing command line option -hwspec D:/GMJ_SDK/design_1_wrapper.hdf.
15:02:31 INFO  : Checking for hwspec changes in the project design_1_wrapper_hw_platform_0.
15:02:37 INFO  : SDK has detected change in the last modified timestamps for source hardware specification file Source:1566327628540,  Project:1566254964005
15:02:37 INFO  : The hardware specification for project 'design_1_wrapper_hw_platform_0' is different from D:/GMJ_SDK/design_1_wrapper.hdf.
15:02:38 INFO  : Copied contents of D:/GMJ_SDK/design_1_wrapper.hdf into \design_1_wrapper_hw_platform_0\system.hdf.
15:02:38 INFO  : Synchronizing projects in the workspace with the hardware platform specification changes.
15:02:48 INFO  : 
15:02:50 INFO  : Updating hardware inferred compiler options for GMJ_SDK_1.
15:02:50 INFO  : Clearing existing target manager status.
15:14:05 INFO  : Connected to target on host '127.0.0.1' and port '3121'.
15:14:06 INFO  : 'targets -set -filter {jtag_cable_name =~ "Digilent Nexys Video 210276723563B" && level==0} -index 0' command is executed.
15:14:14 INFO  : FPGA configured successfully with bitstream "D:/GMJ_SDK/design_1_wrapper_hw_platform_0/download.bit"
15:24:12 INFO  : Connected to target on host '127.0.0.1' and port '3121'.
15:24:12 INFO  : 'targets -set -filter {jtag_cable_name =~ "Digilent Nexys Video 210276723563B" && level==0} -index 0' command is executed.
15:24:17 INFO  : FPGA configured successfully with bitstream "D:/GMJ_SDK/design_1_wrapper_hw_platform_0/download.bit"
15:26:58 INFO  : Connected to target on host '127.0.0.1' and port '3121'.
15:26:58 INFO  : 'targets -set -filter {jtag_cable_name =~ "Digilent Nexys Video 210276723563B" && level==0} -index 0' command is executed.
15:27:03 INFO  : FPGA configured successfully with bitstream "D:/GMJ_SDK/design_1_wrapper_hw_platform_0/download.bit"
15:28:00 INFO  : Connected to target on host '127.0.0.1' and port '3121'.
15:28:00 INFO  : 'targets -set -filter {jtag_cable_name =~ "Digilent Nexys Video 210276723563B" && level==0} -index 0' command is executed.
15:28:06 INFO  : FPGA configured successfully with bitstream "D:/GMJ_SDK/design_1_wrapper_hw_platform_0/download.bit"
15:29:34 INFO  : Connected to target on host '127.0.0.1' and port '3121'.
15:29:34 INFO  : 'targets -set -filter {jtag_cable_name =~ "Digilent Nexys Video 210276723563B" && level==0} -index 0' command is executed.
15:29:40 INFO  : FPGA configured successfully with bitstream "D:/GMJ_SDK/design_1_wrapper_hw_platform_0/download.bit"
17:21:21 INFO  : Registering command handlers for SDK TCF services
17:21:23 INFO  : Launching XSCT server: xsct.bat -interactive D:\GMJ_SDK\temp_xsdb_launch_script.tcl
17:21:28 INFO  : XSCT server has started successfully.
17:21:33 INFO  : Successfully done setting XSCT server connection channel  
17:21:33 INFO  : Successfully done setting SDK workspace  
17:21:33 INFO  : Processing command line option -hwspec D:/GMJ_SDK/design_1_wrapper.hdf.
17:21:33 INFO  : Checking for hwspec changes in the project design_1_wrapper_hw_platform_0.
17:21:39 INFO  : SDK has detected change in the last modified timestamps for source hardware specification file Source:1566334865169,  Project:1566327628540
17:21:39 INFO  : The hardware specification for project 'design_1_wrapper_hw_platform_0' is different from D:/GMJ_SDK/design_1_wrapper.hdf.
17:21:39 INFO  : Copied contents of D:/GMJ_SDK/design_1_wrapper.hdf into \design_1_wrapper_hw_platform_0\system.hdf.
17:21:40 INFO  : Synchronizing projects in the workspace with the hardware platform specification changes.
17:21:44 INFO  : 
17:21:45 INFO  : Updating hardware inferred compiler options for GMJ_SDK_1.
17:21:45 INFO  : Clearing existing target manager status.
17:24:25 INFO  : Connected to target on host '127.0.0.1' and port '3121'.
17:24:27 INFO  : 'targets -set -filter {jtag_cable_name =~ "Digilent Nexys Video 210276723563B" && level==0} -index 0' command is executed.
17:24:33 INFO  : FPGA configured successfully with bitstream "D:/GMJ_SDK/design_1_wrapper_hw_platform_0/download.bit"
13:21:37 INFO  : Registering command handlers for SDK TCF services
13:21:40 INFO  : Launching XSCT server: xsct.bat -interactive D:\GMJ_SDK\temp_xsdb_launch_script.tcl
13:21:52 INFO  : XSCT server has started successfully.
13:21:52 INFO  : Successfully done setting XSCT server connection channel  
13:22:02 INFO  : Successfully done setting SDK workspace  
13:22:02 INFO  : Processing command line option -hwspec D:/GMJ_SDK/design_1_wrapper.hdf.
13:22:02 INFO  : Checking for hwspec changes in the project design_1_wrapper_hw_platform_0.
13:22:15 INFO  : SDK has detected change in the last modified timestamps for source hardware specification file Source:1566356422738,  Project:1566334865169
13:22:15 INFO  : The hardware specification for project 'design_1_wrapper_hw_platform_0' is different from D:/GMJ_SDK/design_1_wrapper.hdf.
13:22:15 INFO  : Copied contents of D:/GMJ_SDK/design_1_wrapper.hdf into \design_1_wrapper_hw_platform_0\system.hdf.
13:22:16 INFO  : Synchronizing projects in the workspace with the hardware platform specification changes.
13:22:25 INFO  : 
13:22:26 INFO  : Updating hardware inferred compiler options for GMJ_SDK_1.
13:22:26 INFO  : Clearing existing target manager status.
13:25:49 INFO  : Registering command handlers for SDK TCF services
13:25:50 INFO  : Launching XSCT server: xsct.bat -interactive D:\GMJ_SDK\temp_xsdb_launch_script.tcl
13:25:55 INFO  : XSCT server has started successfully.
13:25:55 INFO  : Successfully done setting XSCT server connection channel  
13:25:58 INFO  : Successfully done setting SDK workspace  
13:25:58 INFO  : Processing command line option -hwspec D:/GMJ_SDK/design_1_wrapper.hdf.
13:25:58 INFO  : Checking for hwspec changes in the project design_1_wrapper_hw_platform_0.
13:28:12 INFO  : Connected to target on host '127.0.0.1' and port '3121'.
13:28:14 INFO  : 'targets -set -filter {jtag_cable_name =~ "Digilent Nexys Video 210276723563B" && level==0} -index 0' command is executed.
13:28:20 INFO  : FPGA configured successfully with bitstream "D:/GMJ_SDK/design_1_wrapper_hw_platform_0/download.bit"
13:39:55 INFO  : Connected to target on host '127.0.0.1' and port '3121'.
13:39:55 INFO  : 'targets -set -filter {jtag_cable_name =~ "Digilent Nexys Video 210276723563B" && level==0} -index 0' command is executed.
13:40:00 INFO  : FPGA configured successfully with bitstream "D:/GMJ_SDK/design_1_wrapper_hw_platform_0/download.bit"
13:44:40 INFO  : Registering command handlers for SDK TCF services
13:44:41 INFO  : Launching XSCT server: xsct.bat -interactive D:\GMJ_SDK\temp_xsdb_launch_script.tcl
13:44:44 INFO  : XSCT server has started successfully.
13:44:44 INFO  : Successfully done setting XSCT server connection channel  
13:44:46 INFO  : Successfully done setting SDK workspace  
13:44:46 INFO  : Processing command line option -hwspec D:/GMJ_SDK/design_1_wrapper.hdf.
13:44:46 INFO  : Checking for hwspec changes in the project design_1_wrapper_hw_platform_0.
13:44:48 INFO  : SDK has detected change in the last modified timestamps for source hardware specification file Source:1566399088027,  Project:1566356422738
13:44:48 INFO  : The hardware specification for project 'design_1_wrapper_hw_platform_0' is different from D:/GMJ_SDK/design_1_wrapper.hdf.
13:44:48 INFO  : Copied contents of D:/GMJ_SDK/design_1_wrapper.hdf into \design_1_wrapper_hw_platform_0\system.hdf.
13:44:48 INFO  : Synchronizing projects in the workspace with the hardware platform specification changes.
13:44:50 INFO  : 
13:44:51 INFO  : Updating hardware inferred compiler options for GMJ_SDK_1.
13:44:51 INFO  : Clearing existing target manager status.
13:50:08 INFO  : Connected to target on host '127.0.0.1' and port '3121'.
13:50:11 INFO  : 'targets -set -filter {jtag_cable_name =~ "Digilent Nexys Video 210276723563B" && level==0} -index 0' command is executed.
13:50:18 INFO  : FPGA configured successfully with bitstream "D:/GMJ_SDK/design_1_wrapper_hw_platform_0/download.bit"
13:53:31 INFO  : Connected to target on host '127.0.0.1' and port '3121'.
13:53:31 INFO  : 'targets -set -filter {jtag_cable_name =~ "Digilent Nexys Video 210276723563B" && level==0} -index 0' command is executed.
13:53:37 INFO  : FPGA configured successfully with bitstream "D:/GMJ_SDK/design_1_wrapper_hw_platform_0/download.bit"
14:31:20 INFO  : Connected to target on host '127.0.0.1' and port '3121'.
14:31:20 INFO  : 'targets -set -filter {jtag_cable_name =~ "Digilent Nexys Video 210276723563B" && level==0} -index 0' command is executed.
14:31:25 INFO  : FPGA configured successfully with bitstream "D:/GMJ_SDK/design_1_wrapper_hw_platform_0/download.bit"
14:34:39 INFO  : Registering command handlers for SDK TCF services
14:34:40 INFO  : Launching XSCT server: xsct.bat -interactive D:\GMJ_SDK\temp_xsdb_launch_script.tcl
14:34:43 INFO  : XSCT server has started successfully.
14:34:45 INFO  : Successfully done setting XSCT server connection channel  
14:34:45 INFO  : Successfully done setting SDK workspace  
14:34:45 INFO  : Processing command line option -hwspec D:/GMJ_SDK/design_1_wrapper.hdf.
14:34:45 INFO  : Checking for hwspec changes in the project design_1_wrapper_hw_platform_0.
14:34:47 INFO  : SDK has detected change in the last modified timestamps for source hardware specification file Source:1566356422738,  Project:1566399088027
14:34:47 INFO  : The hardware specification for project 'design_1_wrapper_hw_platform_0' is different from D:/GMJ_SDK/design_1_wrapper.hdf.
14:34:47 INFO  : Copied contents of D:/GMJ_SDK/design_1_wrapper.hdf into \design_1_wrapper_hw_platform_0\system.hdf.
14:34:48 INFO  : Synchronizing projects in the workspace with the hardware platform specification changes.
14:34:52 INFO  : 
14:34:53 INFO  : Updating hardware inferred compiler options for GMJ_SDK_1.
14:34:53 INFO  : Clearing existing target manager status.
14:36:48 INFO  : Connected to target on host '127.0.0.1' and port '3121'.
14:36:49 INFO  : 'targets -set -filter {jtag_cable_name =~ "Digilent Nexys Video 210276723563B" && level==0} -index 0' command is executed.
14:36:55 INFO  : FPGA configured successfully with bitstream "D:/GMJ_SDK/design_1_wrapper_hw_platform_0/download.bit"
13:11:19 INFO  : Registering command handlers for SDK TCF services
13:11:21 INFO  : Launching XSCT server: xsct.bat -interactive D:\GMJ_SDK\temp_xsdb_launch_script.tcl
13:11:28 INFO  : XSCT server has started successfully.
13:11:28 INFO  : Successfully done setting XSCT server connection channel  
13:11:35 INFO  : Successfully done setting SDK workspace  
13:11:35 INFO  : Processing command line option -hwspec D:/GMJ_SDK/design_1_wrapper.hdf.
13:11:36 INFO  : Checking for hwspec changes in the project design_1_wrapper_hw_platform_0.
13:11:43 INFO  : SDK has detected change in the last modified timestamps for source hardware specification file Source:1566490969069,  Project:1566356422738
13:11:43 INFO  : The hardware specification for project 'design_1_wrapper_hw_platform_0' is different from D:/GMJ_SDK/design_1_wrapper.hdf.
13:11:43 INFO  : Copied contents of D:/GMJ_SDK/design_1_wrapper.hdf into \design_1_wrapper_hw_platform_0\system.hdf.
13:11:44 INFO  : Synchronizing projects in the workspace with the hardware platform specification changes.
13:11:52 INFO  : 
13:11:55 INFO  : Updating hardware inferred compiler options for GMJ_SDK_1.
13:11:55 INFO  : Clearing existing target manager status.
13:21:20 INFO  : Connected to target on host '127.0.0.1' and port '3121'.
13:21:22 INFO  : 'targets -set -filter {jtag_cable_name =~ "Digilent Nexys Video 210276723563B" && level==0} -index 0' command is executed.
13:21:28 INFO  : FPGA configured successfully with bitstream "D:/GMJ_SDK/design_1_wrapper_hw_platform_0/download.bit"
13:32:10 INFO  : Connected to target on host '127.0.0.1' and port '3121'.
13:32:49 INFO  : Connected to target on host '127.0.0.1' and port '3121'.
13:32:49 INFO  : 'targets -set -filter {jtag_cable_name =~ "Digilent Nexys Video 210276723563B" && level==0} -index 0' command is executed.
13:32:55 INFO  : FPGA configured successfully with bitstream "D:/GMJ_SDK/design_1_wrapper_hw_platform_0/download.bit"
15:23:35 INFO  : Connected to target on host '127.0.0.1' and port '3121'.
15:23:35 INFO  : 'targets -set -filter {jtag_cable_name =~ "Digilent Nexys Video 210276723563B" && level==0} -index 0' command is executed.
15:23:41 INFO  : FPGA configured successfully with bitstream "D:/GMJ_SDK/design_1_wrapper_hw_platform_0/download.bit"
15:25:18 INFO  : Connected to target on host '127.0.0.1' and port '3121'.
15:25:18 INFO  : 'targets -set -filter {jtag_cable_name =~ "Digilent Nexys Video 210276723563B" && level==0} -index 0' command is executed.
15:25:23 INFO  : FPGA configured successfully with bitstream "D:/GMJ_SDK/design_1_wrapper_hw_platform_0/download.bit"
15:26:24 INFO  : Connected to target on host '127.0.0.1' and port '3121'.
15:26:25 INFO  : 'targets -set -filter {jtag_cable_name =~ "Digilent Nexys Video 210276723563B" && level==0} -index 0' command is executed.
15:26:30 INFO  : FPGA configured successfully with bitstream "D:/GMJ_SDK/design_1_wrapper_hw_platform_0/download.bit"
18:16:54 INFO  : Registering command handlers for SDK TCF services
18:16:55 INFO  : Launching XSCT server: xsct.bat -interactive D:\GMJ_SDK\temp_xsdb_launch_script.tcl
18:17:01 INFO  : XSCT server has started successfully.
18:17:01 INFO  : Successfully done setting XSCT server connection channel  
18:17:05 INFO  : Successfully done setting SDK workspace  
18:17:05 INFO  : Processing command line option -hwspec D:/GMJ_SDK/design_1_wrapper.hdf.
18:17:05 INFO  : Checking for hwspec changes in the project design_1_wrapper_hw_platform_0.
18:17:10 INFO  : SDK has detected change in the last modified timestamps for source hardware specification file Source:1566506812735,  Project:1566490969069
18:17:10 INFO  : The hardware specification for project 'design_1_wrapper_hw_platform_0' is different from D:/GMJ_SDK/design_1_wrapper.hdf.
18:17:10 INFO  : Copied contents of D:/GMJ_SDK/design_1_wrapper.hdf into \design_1_wrapper_hw_platform_0\system.hdf.
18:17:10 INFO  : Synchronizing projects in the workspace with the hardware platform specification changes.
18:17:16 INFO  : 
18:17:17 INFO  : Updating hardware inferred compiler options for GMJ_SDK_1.
18:17:17 INFO  : Clearing existing target manager status.
18:18:36 INFO  : Connected to target on host '127.0.0.1' and port '3121'.
18:18:38 INFO  : 'targets -set -filter {jtag_cable_name =~ "Digilent Nexys Video 210276723563B" && level==0} -index 0' command is executed.
18:18:45 INFO  : FPGA configured successfully with bitstream "D:/GMJ_SDK/design_1_wrapper_hw_platform_0/download.bit"
18:21:15 INFO  : Connected to target on host '127.0.0.1' and port '3121'.
18:21:15 INFO  : 'targets -set -filter {jtag_cable_name =~ "Digilent Nexys Video 210276723563B" && level==0} -index 0' command is executed.
18:21:21 INFO  : FPGA configured successfully with bitstream "D:/GMJ_SDK/design_1_wrapper_hw_platform_0/download.bit"
13:13:25 INFO  : Registering command handlers for SDK TCF services
13:13:26 INFO  : Launching XSCT server: xsct.bat -interactive D:\GMJ_SDK\temp_xsdb_launch_script.tcl
13:13:31 INFO  : XSCT server has started successfully.
13:13:31 INFO  : Successfully done setting XSCT server connection channel  
13:13:35 INFO  : Successfully done setting SDK workspace  
13:13:35 INFO  : Processing command line option -hwspec D:/GMJ_SDK/design_1_wrapper.hdf.
13:13:35 INFO  : Checking for hwspec changes in the project design_1_wrapper_hw_platform_0.
13:13:39 INFO  : SDK has detected change in the last modified timestamps for source hardware specification file Source:1566526872638,  Project:1566506812735
13:13:39 INFO  : The hardware specification for project 'design_1_wrapper_hw_platform_0' is different from D:/GMJ_SDK/design_1_wrapper.hdf.
13:13:40 INFO  : Copied contents of D:/GMJ_SDK/design_1_wrapper.hdf into \design_1_wrapper_hw_platform_0\system.hdf.
13:13:40 INFO  : Synchronizing projects in the workspace with the hardware platform specification changes.
13:13:46 INFO  : 
13:13:47 INFO  : Updating hardware inferred compiler options for GMJ_SDK_1.
13:13:47 INFO  : Clearing existing target manager status.
13:19:57 INFO  : Connected to target on host '127.0.0.1' and port '3121'.
13:20:57 INFO  : Connected to target on host '127.0.0.1' and port '3121'.
13:20:57 INFO  : 'targets -set -filter {jtag_cable_name =~ "Digilent Nexys Video 210276A5A5ACB" && level==0} -index 0' command is executed.
13:21:03 INFO  : FPGA configured successfully with bitstream "D:/GMJ_SDK/design_1_wrapper_hw_platform_0/download.bit"
13:22:30 INFO  : Connected to target on host '127.0.0.1' and port '3121'.
13:22:30 INFO  : 'targets -set -filter {jtag_cable_name =~ "Digilent Nexys Video 210276A5A5ACB" && level==0} -index 0' command is executed.
13:22:36 INFO  : FPGA configured successfully with bitstream "D:/GMJ_SDK/design_1_wrapper_hw_platform_0/download.bit"
16:43:41 INFO  : Registering command handlers for SDK TCF services
16:43:42 INFO  : Launching XSCT server: xsct.bat -interactive D:\GMJ_SDK\temp_xsdb_launch_script.tcl
16:43:47 INFO  : XSCT server has started successfully.
16:43:49 INFO  : Successfully done setting XSCT server connection channel  
16:43:49 INFO  : Successfully done setting SDK workspace  
16:43:49 INFO  : Processing command line option -hwspec D:/GMJ_SDK/design_1_wrapper.hdf.
17:21:54 INFO  : Connected to target on host '127.0.0.1' and port '3121'.
17:21:56 INFO  : 'targets -set -filter {jtag_cable_name =~ "Digilent Nexys Video 210276A5A5ACB" && level==0} -index 0' command is executed.
17:22:02 INFO  : FPGA configured successfully with bitstream "D:/GMJ_SDK/design_1_wrapper_hw_platform_1/download.bit"
19:00:35 INFO  : SDK has detected change in the last modified timestamps for source hardware specification file Source:1566526872638,  Project:1566589878497
19:00:35 INFO  : Project design_1_wrapper_hw_platform_1's source hardware specification located at D:/GMJ_SDK/design_1_wrapper.hdf is now different from the local copy.
		 The local copy will be replaced with the source specification and your workspace will be updated.
19:01:10 INFO  : Project design_1_wrapper_hw_platform_1's source hardware specification location will not be monitored anymore.
19:03:32 INFO  : Registering command handlers for SDK TCF services
19:03:32 INFO  : Launching XSCT server: xsct.bat -interactive D:\GMJ_SDK\temp_xsdb_launch_script.tcl
19:03:35 INFO  : XSCT server has started successfully.
19:03:37 INFO  : Successfully done setting XSCT server connection channel  
19:03:37 INFO  : Successfully done setting SDK workspace  
19:03:37 INFO  : Processing command line option -hwspec D:/GMJ_SDK/design_1_wrapper.hdf.
19:04:43 INFO  : Connected to target on host '127.0.0.1' and port '3121'.
19:04:44 INFO  : 'targets -set -filter {jtag_cable_name =~ "Digilent Nexys Video 210276A5A5ACB" && level==0} -index 0' command is executed.
19:04:51 INFO  : FPGA configured successfully with bitstream "D:/GMJ_SDK/design_1_wrapper_hw_platform_0/download.bit"
12:55:02 INFO  : Launching XSCT server: xsct.bat -interactive D:\GMJ_SDK\temp_xsdb_launch_script.tcl
12:55:06 INFO  : XSCT server has started successfully.
12:55:15 INFO  : Successfully done setting XSCT server connection channel  
12:55:15 INFO  : Successfully done setting SDK workspace  
12:55:18 INFO  : Registering command handlers for SDK TCF services
12:55:23 INFO  : Processing command line option -hwspec D:/GMJ_SDK/design_1_wrapper.hdf.
12:55:23 INFO  : Checking for hwspec changes in the project design_1_wrapper_hw_platform_0.
12:55:23 INFO  : SDK has detected change in the last modified timestamps for source hardware specification file Source:1566697750055,  Project:1566526872638
12:55:23 INFO  : The hardware specification for project 'design_1_wrapper_hw_platform_0' is different from D:/GMJ_SDK/design_1_wrapper.hdf.
12:55:23 INFO  : Copied contents of D:/GMJ_SDK/design_1_wrapper.hdf into \design_1_wrapper_hw_platform_0\system.hdf.
12:55:24 INFO  : Synchronizing projects in the workspace with the hardware platform specification changes.
12:55:28 INFO  : SDK has detected change in the last modified timestamps for source hardware specification file Source:1566697750055,  Project:1566526872638
12:55:28 INFO  : Project design_1_wrapper_hw_platform_2's source hardware specification located at D:/GMJ_SDK/design_1_wrapper.hdf is now different from the local copy.
		 The local copy will be replaced with the source specification and your workspace will be updated.
12:55:32 INFO  : 
12:55:52 INFO  : Project design_1_wrapper_hw_platform_2's source hardware specification location will not be monitored anymore.
12:55:55 INFO  : Updating hardware inferred compiler options for GMJ_SDK_1.
12:55:55 INFO  : Clearing existing target manager status.
12:56:27 INFO  : Registering command handlers for SDK TCF services
12:56:28 INFO  : Launching XSCT server: xsct.bat -interactive D:\GMJ_SDK\temp_xsdb_launch_script.tcl
12:56:31 INFO  : XSCT server has started successfully.
12:56:32 INFO  : Successfully done setting XSCT server connection channel  
12:56:32 INFO  : Successfully done setting SDK workspace  
12:56:32 INFO  : Processing command line option -hwspec D:/GMJ_SDK/design_1_wrapper.hdf.
13:10:50 INFO  : Connected to target on host '127.0.0.1' and port '3121'.
13:10:52 INFO  : 'targets -set -filter {jtag_cable_name =~ "Digilent Nexys Video 210276A5A5ACB" && level==0} -index 0' command is executed.
13:10:58 INFO  : FPGA configured successfully with bitstream "D:/GMJ_SDK/design_1_wrapper_hw_platform_3/download.bit"
13:21:16 INFO  : Connected to target on host '127.0.0.1' and port '3121'.
13:21:16 INFO  : 'targets -set -filter {jtag_cable_name =~ "Digilent Nexys Video 210276A5A5ACB" && level==0} -index 0' command is executed.
13:21:22 INFO  : FPGA configured successfully with bitstream "D:/GMJ_SDK/design_1_wrapper_hw_platform_3/download.bit"
13:33:16 INFO  : Connected to target on host '127.0.0.1' and port '3121'.
13:33:16 INFO  : 'targets -set -filter {jtag_cable_name =~ "Digilent Nexys Video 210276A5A5ACB" && level==0} -index 0' command is executed.
13:33:22 INFO  : FPGA configured successfully with bitstream "D:/GMJ_SDK/design_1_wrapper_hw_platform_3/download.bit"
13:40:25 INFO  : Registering command handlers for SDK TCF services
13:40:26 INFO  : Launching XSCT server: xsct.bat -interactive D:\GMJ_SDK\temp_xsdb_launch_script.tcl
13:40:29 INFO  : XSCT server has started successfully.
13:40:30 INFO  : Successfully done setting XSCT server connection channel  
13:40:30 INFO  : Successfully done setting SDK workspace  
13:40:30 INFO  : Processing command line option -hwspec D:/GMJ_SDK/design_1_wrapper.hdf.
13:40:30 INFO  : Checking for hwspec changes in the project design_1_wrapper_hw_platform_3.
13:40:35 INFO  : SDK has detected change in the last modified timestamps for source hardware specification file Source:1566526872638,  Project:1566697750055
13:40:35 INFO  : The hardware specification for project 'design_1_wrapper_hw_platform_3' is different from D:/GMJ_SDK/design_1_wrapper.hdf.
13:40:35 INFO  : Copied contents of D:/GMJ_SDK/design_1_wrapper.hdf into \design_1_wrapper_hw_platform_3\system.hdf.
13:40:36 INFO  : Synchronizing projects in the workspace with the hardware platform specification changes.
13:40:36 INFO  : Clearing existing target manager status.
13:40:36 INFO  : Workspace synchronized with the new hardware specification file. Cleaning dependent projects...
13:40:36 WARN  : Linker script will not be updated automatically. Users need to update it manually.
13:40:51 INFO  : SDK has detected change in the last modified timestamps for source hardware specification file Source:1566526872638,  Project:1566697750055
13:40:51 INFO  : Project design_1_wrapper_hw_platform_0's source hardware specification located at D:/GMJ_SDK/design_1_wrapper.hdf is now different from the local copy.
		 The local copy will be replaced with the source specification and your workspace will be updated.
13:41:12 INFO  : Copied contents of D:/GMJ_SDK/design_1_wrapper.hdf into \design_1_wrapper_hw_platform_0\system.hdf.
13:41:13 INFO  : Synchronizing projects in the workspace with the hardware platform specification changes.
13:41:14 ERROR : (XSDB Server)ERROR: [Hsi 55-1403] D:/GMJ_SDK/GMJ_SDK_1_bsp/system.mss line 71 - No IP instance named clk_v5_0 present in hardware design

13:41:14 ERROR : (XSDB Server)ERROR: [Hsi 55-1452] Error: running open_sw_design.

13:41:14 ERROR : Failed to call sync_sw_with_hw_change
Reason: ERROR: [Common 17-39] 'hsi::open_sw_design' failed due to earlier errors.

13:41:14 ERROR : Error updating BSP project MSS files.
13:41:15 INFO  : Updating hardware inferred compiler options for GMJ_SDK_1.
13:41:15 INFO  : Clearing existing target manager status.
13:42:14 INFO  : Registering command handlers for SDK TCF services
13:42:15 INFO  : Launching XSCT server: xsct.bat -interactive D:\GMJ_SDK\temp_xsdb_launch_script.tcl
13:42:18 INFO  : XSCT server has started successfully.
13:42:19 INFO  : Successfully done setting XSCT server connection channel  
13:42:19 INFO  : Successfully done setting SDK workspace  
13:42:19 INFO  : Processing command line option -hwspec D:/GMJ_SDK/design_1_wrapper.hdf.
13:42:20 ERROR : Error occurred while creating hardware platform design_1_wrapper_hw_platform_0 from sysdef
org.eclipse.core.internal.resources.ResourceException: Resource '/design_1_wrapper_hw_platform_0/system.hdf' already exists.
	at org.eclipse.core.internal.resources.Resource.checkDoesNotExist(Resource.java:314)
	at org.eclipse.core.internal.resources.Resource.checkDoesNotExist(Resource.java:301)
	at org.eclipse.core.internal.resources.File.create(File.java:107)
	at com.xilinx.sdk.hw.internal.HwProjectCreator.createHwProjectFromZip(HwProjectCreator.java:103)
	at com.xilinx.sdk.hw.HwProjectUtil.internalCreate(HwProjectUtil.java:266)
	at com.xilinx.sdk.hw.HwProjectUtil.makeNewHardwareProject(HwProjectUtil.java:210)
	at com.xilinx.sdk.hw.HwProjectUtil.makeNewHardwareProject(HwProjectUtil.java:197)
	at com.xilinx.sdk.hw.HwProjectUtil.makeNewHardwareProject(HwProjectUtil.java:171)
	at com.xilinx.sdk.startup.InitSDK.processHwSpecArgumentTask(InitSDK.java:515)
	at com.xilinx.sdk.startup.InitSDK.access$8(InitSDK.java:497)
	at com.xilinx.sdk.startup.InitSDK$12.run(InitSDK.java:448)
	at org.eclipse.core.internal.jobs.Worker.run(Worker.java:55)
13:42:20 ERROR : Unable to create Hardware Specification Project with specification file: D:/GMJ_SDK/design_1_wrapper.hdf
13:43:00 ERROR : (XSDB Server)ERROR: [Hsi 55-1403] D:/GMJ_SDK/GMJ_SDK_1_bsp/system.mss line 71 - No IP instance named clk_v5_0 present in hardware design

13:43:00 ERROR : (XSDB Server)ERROR: [Hsi 55-1452] Error: running open_sw_design.

13:43:00 ERROR :  [Common 17-39] 'hsi::open_sw_design' failed due to earlier errors.
13:43:00 ERROR : (XSDB Server)ERROR: [Hsi 55-1403] D:/GMJ_SDK/GMJ_SDK_1_bsp/system.mss line 71 - No IP instance named clk_v5_0 present in hardware design

13:43:00 ERROR : (XSDB Server)ERROR: [Hsi 55-1452] Error: running open_sw_design.

13:43:00 INFO  : Unable to read in MSS file D:\GMJ_SDK\GMJ_SDK_1_bsp\system.mss : null
13:43:00 INFO  : Inferring section assignments and sizes from elf file: D:\GMJ_SDK\GMJ_SDK_1\Debug\GMJ_SDK_1.elf
13:43:00 ERROR : (XSDB Server)ERROR: [Hsi 55-1403] D:/GMJ_SDK/GMJ_SDK_1_bsp/system.mss line 71 - No IP instance named clk_v5_0 present in hardware design

13:43:00 ERROR : (XSDB Server)ERROR: [Hsi 55-1452] Error: running open_sw_design.

13:43:29 ERROR : (XSDB Server)ERROR: [Hsi 55-1403] D:/GMJ_SDK/GMJ_SDK_1_bsp/system.mss line 71 - No IP instance named clk_v5_0 present in hardware design

13:43:29 ERROR :  [Common 17-39] 'hsi::open_sw_design' failed due to earlier errors.
13:43:29 ERROR : (XSDB Server)ERROR: [Hsi 55-1452] Error: running open_sw_design.

13:43:29 ERROR : (XSDB Server)ERROR: [Hsi 55-1403] D:/GMJ_SDK/GMJ_SDK_1_bsp/system.mss line 71 - No IP instance named clk_v5_0 present in hardware design

13:43:29 ERROR : (XSDB Server)ERROR: [Hsi 55-1452] Error: running open_sw_design.

13:43:29 INFO  : Unable to read in MSS file D:\GMJ_SDK\GMJ_SDK_1_bsp\system.mss : null
13:43:29 INFO  : Inferring section assignments and sizes from elf file: D:\GMJ_SDK\GMJ_SDK_1\Debug\GMJ_SDK_1.elf
13:43:29 ERROR : (XSDB Server)ERROR: [Hsi 55-1403] D:/GMJ_SDK/GMJ_SDK_1_bsp/system.mss line 71 - No IP instance named clk_v5_0 present in hardware design

13:43:29 ERROR : (XSDB Server)ERROR: [Hsi 55-1452] Error: running open_sw_design.

13:43:35 ERROR : (XSDB Server)ERROR: [Hsi 55-1403] D:/GMJ_SDK/GMJ_SDK_1_bsp/system.mss line 71 - No IP instance named clk_v5_0 present in hardware design

13:43:35 ERROR : (XSDB Server)ERROR: [Hsi 55-1452] Error: running open_sw_design.

13:43:35 ERROR :  [Common 17-39] 'hsi::open_sw_design' failed due to earlier errors.
13:43:35 ERROR : (XSDB Server)ERROR: [Hsi 55-1403] D:/GMJ_SDK/GMJ_SDK_1_bsp/system.mss line 71 - No IP instance named clk_v5_0 present in hardware design

13:43:35 ERROR : (XSDB Server)ERROR: [Hsi 55-1452] Error: running open_sw_design.

13:43:35 INFO  : Unable to read in MSS file D:\GMJ_SDK\GMJ_SDK_1_bsp\system.mss : null
13:43:36 ERROR : (XSDB Server)ERROR: [Hsi 55-1403] D:/GMJ_SDK/GMJ_SDK_1_bsp/system.mss line 71 - No IP instance named clk_v5_0 present in hardware design

13:43:36 ERROR : (XSDB Server)ERROR: [Hsi 55-1452] Error: running open_sw_design.

13:43:36 ERROR : (XSDB Server)ERROR: [Hsi 55-1403] D:/GMJ_SDK/GMJ_SDK_1_bsp/system.mss line 71 - No IP instance named clk_v5_0 present in hardware design

13:43:36 ERROR : (XSDB Server)ERROR: [Hsi 55-1452] Error: running open_sw_design.

13:43:36 ERROR : Failed to get_connected_periphs
Reason: ERROR: [Common 17-55] 'get_property' expects at least one object.
Resolution: If [get_<value>] was used to populate the object, check to make sure this command returns at least one valid object.

13:43:46 ERROR : (XSDB Server)ERROR: [Hsi 55-1403] D:/GMJ_SDK/GMJ_SDK_1_bsp/system.mss line 71 - No IP instance named clk_v5_0 present in hardware design

13:43:46 ERROR :  [Common 17-39] 'hsi::open_sw_design' failed due to earlier errors.
13:43:46 ERROR : (XSDB Server)ERROR: [Hsi 55-1452] Error: running open_sw_design.

13:43:46 ERROR : (XSDB Server)ERROR: [Hsi 55-1403] D:/GMJ_SDK/GMJ_SDK_1_bsp/system.mss line 71 - No IP instance named clk_v5_0 present in hardware design

13:43:46 ERROR : (XSDB Server)ERROR: [Hsi 55-1452] Error: running open_sw_design.

13:43:46 INFO  : Unable to read in MSS file D:\GMJ_SDK\GMJ_SDK_1_bsp\system.mss : null
13:43:46 ERROR : Failed to closesw "D:/GMJ_SDK/GMJ_SDK_1_bsp/system.mss"
Reason: Cannot close sw design 'D:/GMJ_SDK/GMJ_SDK_1_bsp/system.mss'.
Design is not opened in the current session.


13:45:17 INFO  : Inferring section assignments and sizes from elf file: D:\GMJ_SDK\test\Debug\test.elf
13:45:21 INFO  : Successfully generated D:\GMJ_SDK\test\src\lscript.ld.
13:45:21 INFO  : Applying linker script to all configurations of project test.
13:45:21 INFO  : Setting rebuild state to true for all configurations of project test.
13:46:03 INFO  : Connected to target on host '127.0.0.1' and port '3121'.
13:46:03 INFO  : 'targets -set -filter {jtag_cable_name =~ "Digilent Nexys Video 210276A5A5ACB" && level==0} -index 0' command is executed.
13:46:10 INFO  : FPGA configured successfully with bitstream "D:/GMJ_SDK/design_1_wrapper_hw_platform_0/download.bit"
13:57:22 INFO  : Registering command handlers for SDK TCF services
13:57:23 INFO  : Launching XSCT server: xsct.bat -interactive D:\GMJ_SDK\temp_xsdb_launch_script.tcl
13:57:26 INFO  : XSCT server has started successfully.
13:57:26 INFO  : Successfully done setting XSCT server connection channel  
13:57:28 INFO  : Successfully done setting SDK workspace  
13:57:28 INFO  : Processing command line option -hwspec D:/GMJ_SDK/design_1_wrapper.hdf.
14:02:09 INFO  : Registering command handlers for SDK TCF services
14:02:10 INFO  : Launching XSCT server: xsct.bat -interactive D:\GMJ_SDK\temp_xsdb_launch_script.tcl
14:02:13 INFO  : XSCT server has started successfully.
14:02:14 INFO  : Successfully done setting XSCT server connection channel  
14:02:14 INFO  : Successfully done setting SDK workspace  
14:02:14 INFO  : Processing command line option -hwspec D:/GMJ_SDK/design_1_wrapper.hdf.
14:05:43 INFO  : Launching XSCT server: xsct.bat -interactive D:\GMJ_SDK\temp_xsdb_launch_script.tcl
14:05:45 INFO  : XSCT server has started successfully.
14:05:45 INFO  : Successfully done setting XSCT server connection channel  
14:05:47 INFO  : Successfully done setting SDK workspace  
14:05:49 INFO  : Registering command handlers for SDK TCF services
14:05:51 INFO  : Processing command line option -hwspec D:/GMJ_SDK/design_1_wrapper.hdf.
14:05:51 INFO  : Checking for hwspec changes in the project design_1_wrapper_hw_platform_2.
14:12:30 ERROR : The Hardware Project referenced by this BSP (GMJ_SDK_1_bsp) was not found in this workspace. As a result, this BSP will not build properly. To fix this error, please import the associated hardware project or recreate a new BSP targeting an existing hardware platform.
14:13:48 ERROR : The Hardware Project referenced by this BSP (GMJ_SDK_1_bsp) was not found in this workspace. As a result, this BSP will not build properly. To fix this error, please import the associated hardware project or recreate a new BSP targeting an existing hardware platform.
14:20:58 INFO  : Inferring section assignments and sizes from elf file: D:\GMJ_SDK\GMJ_SDK_2\Debug\GMJ_SDK_2.elf
14:21:03 INFO  : Successfully generated D:\GMJ_SDK\GMJ_SDK_2\src\lscript.ld.
14:21:03 INFO  : Applying linker script to all configurations of project GMJ_SDK_2.
14:21:03 INFO  : Setting rebuild state to true for all configurations of project GMJ_SDK_2.
14:22:32 INFO  : Connected to target on host '127.0.0.1' and port '3121'.
14:22:32 INFO  : 'targets -set -filter {jtag_cable_name =~ "Digilent Nexys Video 210276A5A5ACB" && level==0} -index 0' command is executed.
14:22:38 INFO  : FPGA configured successfully with bitstream "D:/GMJ_SDK/design_1_wrapper_hw_platform_2/download.bit"
14:27:05 INFO  : Connected to target on host '127.0.0.1' and port '3121'.
14:27:05 INFO  : 'targets -set -filter {jtag_cable_name =~ "Digilent Nexys Video 210276A5A5ACB" && level==0} -index 0' command is executed.
14:27:11 INFO  : FPGA configured successfully with bitstream "D:/GMJ_SDK/design_1_wrapper_hw_platform_2/download.bit"
14:37:48 INFO  : Connected to target on host '127.0.0.1' and port '3121'.
14:37:48 INFO  : 'targets -set -filter {jtag_cable_name =~ "Digilent Nexys Video 210276A5A5ACB" && level==0} -index 0' command is executed.
14:37:53 INFO  : FPGA configured successfully with bitstream "D:/GMJ_SDK/design_1_wrapper_hw_platform_2/download.bit"
14:46:25 INFO  : Connected to target on host '127.0.0.1' and port '3121'.
14:46:25 INFO  : 'targets -set -filter {jtag_cable_name =~ "Digilent Nexys Video 210276A5A5ACB" && level==0} -index 0' command is executed.
14:46:31 INFO  : FPGA configured successfully with bitstream "D:/GMJ_SDK/design_1_wrapper_hw_platform_2/download.bit"
18:01:15 INFO  : Registering command handlers for SDK TCF services
18:01:17 INFO  : Launching XSCT server: xsct.bat -interactive D:\GMJ_SDK\temp_xsdb_launch_script.tcl
18:01:24 INFO  : XSCT server has started successfully.
18:01:29 INFO  : Successfully done setting XSCT server connection channel  
18:01:29 INFO  : Successfully done setting SDK workspace  
18:01:29 INFO  : Processing command line option -hwspec D:/GMJ_SDK/design_1_wrapper.hdf.
18:01:30 INFO  : Checking for hwspec changes in the project design_1_wrapper_hw_platform_2.
18:01:36 INFO  : SDK has detected change in the last modified timestamps for source hardware specification file Source:1566856748508,  Project:1566697750055
18:01:36 INFO  : The hardware specification for project 'design_1_wrapper_hw_platform_2' is different from D:/GMJ_SDK/design_1_wrapper.hdf.
18:01:36 INFO  : Copied contents of D:/GMJ_SDK/design_1_wrapper.hdf into \design_1_wrapper_hw_platform_2\system.hdf.
18:01:44 INFO  : Synchronizing projects in the workspace with the hardware platform specification changes.
18:01:53 INFO  : 
18:01:53 INFO  : Updating hardware inferred compiler options for GMJ_SDK_2.
18:01:53 INFO  : Clearing existing target manager status.
18:01:53 INFO  : Workspace synchronized with the new hardware specification file. Cleaning dependent projects...
18:01:55 WARN  : Linker script will not be updated automatically. Users need to update it manually.
18:04:31 INFO  : Inferring section assignments and sizes from elf file: D:\GMJ_SDK\GMJ_SDK_2\Debug\GMJ_SDK_2.elf
18:04:39 INFO  : Successfully generated D:\GMJ_SDK\GMJ_SDK_2\src\lscript.ld.
18:04:39 INFO  : Applying linker script to all configurations of project GMJ_SDK_2.
18:04:39 INFO  : Setting rebuild state to true for all configurations of project GMJ_SDK_2.
18:06:26 INFO  : Connected to target on host '127.0.0.1' and port '3121'.
18:06:28 INFO  : 'targets -set -filter {jtag_cable_name =~ "Digilent Nexys Video 210276A5A5ACB" && level==0} -index 0' command is executed.
18:06:34 INFO  : FPGA configured successfully with bitstream "D:/GMJ_SDK/design_1_wrapper_hw_platform_2/download.bit"
18:08:14 INFO  : Connected to target on host '127.0.0.1' and port '3121'.
18:08:14 INFO  : Jtag cable 'Digilent Nexys Video 210276A5A5ACB' is selected.
18:08:14 INFO  : 'jtag frequency' command is executed.
18:08:14 INFO  : 'targets -set -filter {jtag_cable_name =~ "Digilent Nexys Video 210276A5A5ACB" && level==0} -index 0' command is executed.
18:08:20 INFO  : FPGA configured successfully with bitstream "D:/GMJ_SDK/design_1_wrapper_hw_platform_2/design_1_wrapper.bit"
18:08:20 INFO  : 'configparams mdm-detect-bscan-mask 2' command is executed.
18:08:20 INFO  : Context for processor 'microblaze_0' is selected.
18:08:20 INFO  : System reset is completed.
18:08:23 INFO  : 'after 3000' command is executed.
18:08:23 INFO  : Context for processor 'microblaze_0' is selected.
18:08:23 INFO  : The application 'D:/GMJ_SDK/GMJ_SDK_2/Debug/GMJ_SDK_2.elf' is downloaded to processor 'microblaze_0'.
18:08:23 INFO  : ----------------XSDB Script----------------
connect -url tcp:127.0.0.1:3121
targets -set -filter {jtag_cable_name =~ "Digilent Nexys Video 210276A5A5ACB" && level==0} -index 0
fpga -file D:/GMJ_SDK/design_1_wrapper_hw_platform_2/design_1_wrapper.bit
configparams mdm-detect-bscan-mask 2
targets -set -nocase -filter {name =~ "microblaze*#0" && bscan=="USER2"  && jtag_cable_name =~ "Digilent Nexys Video 210276A5A5ACB"} -index 0
rst -system
after 3000
targets -set -nocase -filter {name =~ "microblaze*#0" && bscan=="USER2"  && jtag_cable_name =~ "Digilent Nexys Video 210276A5A5ACB"} -index 0
dow D:/GMJ_SDK/GMJ_SDK_2/Debug/GMJ_SDK_2.elf
----------------End of Script----------------

18:08:23 INFO  : Context for processor 'microblaze_0' is selected.
18:08:24 INFO  : 'con' command is executed.
18:08:24 INFO  : ----------------XSDB Script (After Launch)----------------
targets -set -nocase -filter {name =~ "microblaze*#0" && bscan=="USER2"  && jtag_cable_name =~ "Digilent Nexys Video 210276A5A5ACB"} -index 0
con
----------------End of Script----------------

18:08:24 INFO  : Disconnected from the channel tcfchan#1.
18:08:49 INFO  : Connected to target on host '127.0.0.1' and port '3121'.
18:08:49 INFO  : Jtag cable 'Digilent Nexys Video 210276A5A5ACB' is selected.
18:08:49 INFO  : 'jtag frequency' command is executed.
18:08:50 INFO  : 'targets -set -filter {jtag_cable_name =~ "Digilent Nexys Video 210276A5A5ACB" && level==0} -index 0' command is executed.
18:08:56 INFO  : FPGA configured successfully with bitstream "D:/GMJ_SDK/design_1_wrapper_hw_platform_2/design_1_wrapper.bit"
18:08:56 INFO  : 'configparams mdm-detect-bscan-mask 2' command is executed.
18:08:57 INFO  : Context for processor 'microblaze_0' is selected.
18:08:57 INFO  : System reset is completed.
18:09:00 INFO  : 'after 3000' command is executed.
18:09:00 INFO  : Context for processor 'microblaze_0' is selected.
18:09:00 INFO  : The application 'D:/GMJ_SDK/GMJ_SDK_2/Debug/GMJ_SDK_2.elf' is downloaded to processor 'microblaze_0'.
18:09:00 INFO  : ----------------XSDB Script----------------
connect -url tcp:127.0.0.1:3121
targets -set -filter {jtag_cable_name =~ "Digilent Nexys Video 210276A5A5ACB" && level==0} -index 0
fpga -file D:/GMJ_SDK/design_1_wrapper_hw_platform_2/design_1_wrapper.bit
configparams mdm-detect-bscan-mask 2
targets -set -nocase -filter {name =~ "microblaze*#0" && bscan=="USER2"  && jtag_cable_name =~ "Digilent Nexys Video 210276A5A5ACB"} -index 0
rst -system
after 3000
targets -set -nocase -filter {name =~ "microblaze*#0" && bscan=="USER2"  && jtag_cable_name =~ "Digilent Nexys Video 210276A5A5ACB"} -index 0
dow D:/GMJ_SDK/GMJ_SDK_2/Debug/GMJ_SDK_2.elf
----------------End of Script----------------

18:09:00 INFO  : Context for processor 'microblaze_0' is selected.
18:09:00 INFO  : 'con' command is executed.
18:09:00 INFO  : ----------------XSDB Script (After Launch)----------------
targets -set -nocase -filter {name =~ "microblaze*#0" && bscan=="USER2"  && jtag_cable_name =~ "Digilent Nexys Video 210276A5A5ACB"} -index 0
con
----------------End of Script----------------

18:09:00 INFO  : Disconnected from the channel tcfchan#2.
18:09:19 INFO  : 'targets -set -filter {jtag_cable_name =~ "Digilent Nexys Video 210276A5A5ACB" && level==0} -index 0' command is executed.
18:09:19 INFO  : 'fpga -state' command is executed.
18:09:19 INFO  : Connected to target on host '127.0.0.1' and port '3121'.
18:09:19 INFO  : Jtag cable 'Digilent Nexys Video 210276A5A5ACB' is selected.
18:09:19 INFO  : 'jtag frequency' command is executed.
18:09:19 INFO  : 'configparams mdm-detect-bscan-mask 2' command is executed.
18:09:19 INFO  : Context for processor 'microblaze_0' is selected.
18:09:19 INFO  : Processor reset is completed for 'microblaze_0'.
18:09:19 INFO  : Context for processor 'microblaze_0' is selected.
18:09:19 INFO  : The application 'D:/GMJ_SDK/GMJ_SDK_2/Debug/GMJ_SDK_2.elf' is downloaded to processor 'microblaze_0'.
18:09:19 INFO  : ----------------XSDB Script----------------
connect -url tcp:127.0.0.1:3121
configparams mdm-detect-bscan-mask 2
targets -set -nocase -filter {name =~ "microblaze*#0" && bscan=="USER2"  && jtag_cable_name =~ "Digilent Nexys Video 210276A5A5ACB"} -index 0
rst -processor
targets -set -nocase -filter {name =~ "microblaze*#0" && bscan=="USER2"  && jtag_cable_name =~ "Digilent Nexys Video 210276A5A5ACB"} -index 0
dow D:/GMJ_SDK/GMJ_SDK_2/Debug/GMJ_SDK_2.elf
----------------End of Script----------------

18:09:19 INFO  : Memory regions updated for context MicroBlaze #0
18:09:19 INFO  : Memory regions updated for context MicroBlaze Debug Module at USER2
18:09:19 INFO  : Context for processor 'microblaze_0' is selected.
18:09:19 INFO  : 'con' command is executed.
18:09:19 INFO  : ----------------XSDB Script (After Launch)----------------
targets -set -nocase -filter {name =~ "microblaze*#0" && bscan=="USER2"  && jtag_cable_name =~ "Digilent Nexys Video 210276A5A5ACB"} -index 0
con
----------------End of Script----------------

18:09:19 INFO  : Launch script is exported to file 'D:\GMJ_SDK\.sdk\launch_scripts\xilinx_c-c++_application_(system_debugger)\system_debugger_using_debug_gmj_sdk_2.elf_on_local.tcl'
18:10:01 INFO  : Disconnected from the channel tcfchan#3.
18:10:02 INFO  : 'targets -set -filter {jtag_cable_name =~ "Digilent Nexys Video 210276A5A5ACB" && level==0} -index 0' command is executed.
18:10:02 INFO  : 'fpga -state' command is executed.
18:10:02 INFO  : Connected to target on host '127.0.0.1' and port '3121'.
18:10:02 INFO  : Jtag cable 'Digilent Nexys Video 210276A5A5ACB' is selected.
18:10:02 INFO  : 'jtag frequency' command is executed.
18:10:02 INFO  : 'configparams mdm-detect-bscan-mask 2' command is executed.
18:10:02 INFO  : Context for processor 'microblaze_0' is selected.
18:10:02 INFO  : Processor reset is completed for 'microblaze_0'.
18:10:02 INFO  : Context for processor 'microblaze_0' is selected.
18:10:02 INFO  : The application 'D:/GMJ_SDK/GMJ_SDK_2/Debug/GMJ_SDK_2.elf' is downloaded to processor 'microblaze_0'.
18:10:02 INFO  : ----------------XSDB Script----------------
connect -url tcp:127.0.0.1:3121
configparams mdm-detect-bscan-mask 2
targets -set -nocase -filter {name =~ "microblaze*#0" && bscan=="USER2"  && jtag_cable_name =~ "Digilent Nexys Video 210276A5A5ACB"} -index 0
rst -processor
targets -set -nocase -filter {name =~ "microblaze*#0" && bscan=="USER2"  && jtag_cable_name =~ "Digilent Nexys Video 210276A5A5ACB"} -index 0
dow D:/GMJ_SDK/GMJ_SDK_2/Debug/GMJ_SDK_2.elf
----------------End of Script----------------

18:10:02 INFO  : Memory regions updated for context MicroBlaze #0
18:10:02 INFO  : Memory regions updated for context MicroBlaze Debug Module at USER2
18:10:02 INFO  : Context for processor 'microblaze_0' is selected.
18:10:02 INFO  : 'con' command is executed.
18:10:02 INFO  : ----------------XSDB Script (After Launch)----------------
targets -set -nocase -filter {name =~ "microblaze*#0" && bscan=="USER2"  && jtag_cable_name =~ "Digilent Nexys Video 210276A5A5ACB"} -index 0
con
----------------End of Script----------------

18:10:02 INFO  : Launch script is exported to file 'D:\GMJ_SDK\.sdk\launch_scripts\xilinx_c-c++_application_(system_debugger)\system_debugger_using_debug_gmj_sdk_2.elf_on_local.tcl'
18:11:03 INFO  : Disconnected from the channel tcfchan#4.
18:11:04 INFO  : 'targets -set -filter {jtag_cable_name =~ "Digilent Nexys Video 210276A5A5ACB" && level==0} -index 0' command is executed.
18:11:04 INFO  : 'fpga -state' command is executed.
18:11:04 INFO  : Connected to target on host '127.0.0.1' and port '3121'.
18:11:04 INFO  : Jtag cable 'Digilent Nexys Video 210276A5A5ACB' is selected.
18:11:04 INFO  : 'jtag frequency' command is executed.
18:11:04 INFO  : 'configparams mdm-detect-bscan-mask 2' command is executed.
18:11:04 INFO  : Context for processor 'microblaze_0' is selected.
18:11:04 INFO  : Processor reset is completed for 'microblaze_0'.
18:11:04 INFO  : Context for processor 'microblaze_0' is selected.
18:11:04 INFO  : The application 'D:/GMJ_SDK/GMJ_SDK_2/Debug/GMJ_SDK_2.elf' is downloaded to processor 'microblaze_0'.
18:11:04 INFO  : ----------------XSDB Script----------------
connect -url tcp:127.0.0.1:3121
configparams mdm-detect-bscan-mask 2
targets -set -nocase -filter {name =~ "microblaze*#0" && bscan=="USER2"  && jtag_cable_name =~ "Digilent Nexys Video 210276A5A5ACB"} -index 0
rst -processor
targets -set -nocase -filter {name =~ "microblaze*#0" && bscan=="USER2"  && jtag_cable_name =~ "Digilent Nexys Video 210276A5A5ACB"} -index 0
dow D:/GMJ_SDK/GMJ_SDK_2/Debug/GMJ_SDK_2.elf
----------------End of Script----------------

18:11:04 INFO  : Memory regions updated for context MicroBlaze #0
18:11:04 INFO  : Memory regions updated for context MicroBlaze Debug Module at USER2
18:11:04 INFO  : Context for processor 'microblaze_0' is selected.
18:11:04 INFO  : 'con' command is executed.
18:11:04 INFO  : ----------------XSDB Script (After Launch)----------------
targets -set -nocase -filter {name =~ "microblaze*#0" && bscan=="USER2"  && jtag_cable_name =~ "Digilent Nexys Video 210276A5A5ACB"} -index 0
con
----------------End of Script----------------

18:11:04 INFO  : Launch script is exported to file 'D:\GMJ_SDK\.sdk\launch_scripts\xilinx_c-c++_application_(system_debugger)\system_debugger_using_debug_gmj_sdk_2.elf_on_local.tcl'
18:16:58 INFO  : Disconnected from the channel tcfchan#5.
18:16:59 INFO  : 'targets -set -filter {jtag_cable_name =~ "Digilent Nexys Video 210276A5A5ACB" && level==0} -index 0' command is executed.
18:16:59 INFO  : 'fpga -state' command is executed.
18:16:59 INFO  : Connected to target on host '127.0.0.1' and port '3121'.
18:16:59 INFO  : Jtag cable 'Digilent Nexys Video 210276A5A5ACB' is selected.
18:16:59 INFO  : 'jtag frequency' command is executed.
18:16:59 INFO  : 'configparams mdm-detect-bscan-mask 2' command is executed.
18:16:59 INFO  : Context for processor 'microblaze_0' is selected.
18:16:59 INFO  : Processor reset is completed for 'microblaze_0'.
18:16:59 INFO  : Context for processor 'microblaze_0' is selected.
18:16:59 INFO  : The application 'D:/GMJ_SDK/GMJ_SDK_2/Debug/GMJ_SDK_2.elf' is downloaded to processor 'microblaze_0'.
18:16:59 INFO  : ----------------XSDB Script----------------
connect -url tcp:127.0.0.1:3121
configparams mdm-detect-bscan-mask 2
targets -set -nocase -filter {name =~ "microblaze*#0" && bscan=="USER2"  && jtag_cable_name =~ "Digilent Nexys Video 210276A5A5ACB"} -index 0
rst -processor
targets -set -nocase -filter {name =~ "microblaze*#0" && bscan=="USER2"  && jtag_cable_name =~ "Digilent Nexys Video 210276A5A5ACB"} -index 0
dow D:/GMJ_SDK/GMJ_SDK_2/Debug/GMJ_SDK_2.elf
----------------End of Script----------------

18:16:59 INFO  : Memory regions updated for context MicroBlaze #0
18:16:59 INFO  : Memory regions updated for context MicroBlaze Debug Module at USER2
18:16:59 INFO  : Context for processor 'microblaze_0' is selected.
18:16:59 INFO  : 'con' command is executed.
18:16:59 INFO  : ----------------XSDB Script (After Launch)----------------
targets -set -nocase -filter {name =~ "microblaze*#0" && bscan=="USER2"  && jtag_cable_name =~ "Digilent Nexys Video 210276A5A5ACB"} -index 0
con
----------------End of Script----------------

18:16:59 INFO  : Launch script is exported to file 'D:\GMJ_SDK\.sdk\launch_scripts\xilinx_c-c++_application_(system_debugger)\system_debugger_using_debug_gmj_sdk_2.elf_on_local.tcl'
18:17:32 INFO  : Disconnected from the channel tcfchan#6.
18:17:33 INFO  : 'targets -set -filter {jtag_cable_name =~ "Digilent Nexys Video 210276A5A5ACB" && level==0} -index 0' command is executed.
18:17:33 INFO  : 'fpga -state' command is executed.
18:17:33 INFO  : Connected to target on host '127.0.0.1' and port '3121'.
18:17:33 INFO  : Jtag cable 'Digilent Nexys Video 210276A5A5ACB' is selected.
18:17:33 INFO  : 'jtag frequency' command is executed.
18:17:33 INFO  : 'configparams mdm-detect-bscan-mask 2' command is executed.
18:17:33 INFO  : Context for processor 'microblaze_0' is selected.
18:17:33 INFO  : Processor reset is completed for 'microblaze_0'.
18:17:33 INFO  : Context for processor 'microblaze_0' is selected.
18:17:33 INFO  : The application 'D:/GMJ_SDK/GMJ_SDK_2/Debug/GMJ_SDK_2.elf' is downloaded to processor 'microblaze_0'.
18:17:33 INFO  : ----------------XSDB Script----------------
connect -url tcp:127.0.0.1:3121
configparams mdm-detect-bscan-mask 2
targets -set -nocase -filter {name =~ "microblaze*#0" && bscan=="USER2"  && jtag_cable_name =~ "Digilent Nexys Video 210276A5A5ACB"} -index 0
rst -processor
targets -set -nocase -filter {name =~ "microblaze*#0" && bscan=="USER2"  && jtag_cable_name =~ "Digilent Nexys Video 210276A5A5ACB"} -index 0
dow D:/GMJ_SDK/GMJ_SDK_2/Debug/GMJ_SDK_2.elf
----------------End of Script----------------

18:17:33 INFO  : Memory regions updated for context MicroBlaze #0
18:17:33 INFO  : Memory regions updated for context MicroBlaze Debug Module at USER2
18:17:33 INFO  : Context for processor 'microblaze_0' is selected.
18:17:33 INFO  : 'con' command is executed.
18:17:33 INFO  : ----------------XSDB Script (After Launch)----------------
targets -set -nocase -filter {name =~ "microblaze*#0" && bscan=="USER2"  && jtag_cable_name =~ "Digilent Nexys Video 210276A5A5ACB"} -index 0
con
----------------End of Script----------------

18:17:33 INFO  : Launch script is exported to file 'D:\GMJ_SDK\.sdk\launch_scripts\xilinx_c-c++_application_(system_debugger)\system_debugger_using_debug_gmj_sdk_2.elf_on_local.tcl'
18:17:59 INFO  : Connected to target on host '127.0.0.1' and port '3121'.
18:18:00 INFO  : Jtag cable 'Digilent Nexys Video 210276A5A5ACB' is selected.
18:18:00 INFO  : 'jtag frequency' command is executed.
18:18:00 INFO  : 'targets -set -filter {jtag_cable_name =~ "Digilent Nexys Video 210276A5A5ACB" && level==0} -index 0' command is executed.
18:18:05 INFO  : FPGA configured successfully with bitstream "D:/GMJ_SDK/design_1_wrapper_hw_platform_2/design_1_wrapper.bit"
18:18:05 INFO  : 'configparams mdm-detect-bscan-mask 2' command is executed.
18:18:05 INFO  : Context for processor 'microblaze_0' is selected.
18:18:05 INFO  : System reset is completed.
18:18:08 INFO  : 'after 3000' command is executed.
18:18:08 INFO  : Context for processor 'microblaze_0' is selected.
18:18:09 INFO  : The application 'D:/GMJ_SDK/GMJ_SDK_2/Debug/GMJ_SDK_2.elf' is downloaded to processor 'microblaze_0'.
18:18:09 INFO  : ----------------XSDB Script----------------
connect -url tcp:127.0.0.1:3121
targets -set -filter {jtag_cable_name =~ "Digilent Nexys Video 210276A5A5ACB" && level==0} -index 0
fpga -file D:/GMJ_SDK/design_1_wrapper_hw_platform_2/design_1_wrapper.bit
configparams mdm-detect-bscan-mask 2
targets -set -nocase -filter {name =~ "microblaze*#0" && bscan=="USER2"  && jtag_cable_name =~ "Digilent Nexys Video 210276A5A5ACB"} -index 0
rst -system
after 3000
targets -set -nocase -filter {name =~ "microblaze*#0" && bscan=="USER2"  && jtag_cable_name =~ "Digilent Nexys Video 210276A5A5ACB"} -index 0
dow D:/GMJ_SDK/GMJ_SDK_2/Debug/GMJ_SDK_2.elf
----------------End of Script----------------

18:18:09 INFO  : Context for processor 'microblaze_0' is selected.
18:18:09 INFO  : 'con' command is executed.
18:18:09 INFO  : ----------------XSDB Script (After Launch)----------------
targets -set -nocase -filter {name =~ "microblaze*#0" && bscan=="USER2"  && jtag_cable_name =~ "Digilent Nexys Video 210276A5A5ACB"} -index 0
con
----------------End of Script----------------

18:18:09 INFO  : Disconnected from the channel tcfchan#7.
19:10:18 WARN  : channel "tcfchan#7" closed
19:10:46 INFO  : Connected to target on host '127.0.0.1' and port '3121'.
19:10:55 INFO  : ----------------XSDB Script----------------
connect -url tcp:127.0.0.1:3121
----------------End of Script----------------

19:13:22 INFO  : Connected to target on host '127.0.0.1' and port '3121'.
19:13:22 INFO  : 'targets -set -filter {jtag_cable_name =~ "Digilent Nexys Video 210276A5A5ACB" && level==0} -index 0' command is executed.
19:13:27 INFO  : FPGA configured successfully with bitstream "D:/GMJ_SDK/design_1_wrapper_hw_platform_2/download.bit"
19:15:25 INFO  : 'targets -set -filter {jtag_cable_name =~ "Digilent Nexys Video 210276A5A5ACB" && level==0} -index 0' command is executed.
19:15:25 INFO  : 'fpga -state' command is executed.
19:15:25 INFO  : Connected to target on host '127.0.0.1' and port '3121'.
19:15:25 INFO  : Jtag cable 'Digilent Nexys Video 210276A5A5ACB' is selected.
19:15:25 INFO  : 'jtag frequency' command is executed.
19:15:25 INFO  : 'configparams mdm-detect-bscan-mask 2' command is executed.
19:15:25 INFO  : Context for processor 'microblaze_0' is selected.
19:15:25 INFO  : Processor reset is completed for 'microblaze_0'.
19:15:25 INFO  : Context for processor 'microblaze_0' is selected.
19:15:25 INFO  : The application 'D:/GMJ_SDK/GMJ_SDK_2/Debug/GMJ_SDK_2.elf' is downloaded to processor 'microblaze_0'.
19:15:25 INFO  : ----------------XSDB Script----------------
connect -url tcp:127.0.0.1:3121
configparams mdm-detect-bscan-mask 2
targets -set -nocase -filter {name =~ "microblaze*#0" && bscan=="USER2"  && jtag_cable_name =~ "Digilent Nexys Video 210276A5A5ACB"} -index 0
rst -processor
targets -set -nocase -filter {name =~ "microblaze*#0" && bscan=="USER2"  && jtag_cable_name =~ "Digilent Nexys Video 210276A5A5ACB"} -index 0
dow D:/GMJ_SDK/GMJ_SDK_2/Debug/GMJ_SDK_2.elf
----------------End of Script----------------

19:15:25 INFO  : Memory regions updated for context MicroBlaze #0
19:15:25 INFO  : Memory regions updated for context MicroBlaze Debug Module at USER2
19:15:25 INFO  : Context for processor 'microblaze_0' is selected.
19:15:25 INFO  : 'con' command is executed.
19:15:25 INFO  : ----------------XSDB Script (After Launch)----------------
targets -set -nocase -filter {name =~ "microblaze*#0" && bscan=="USER2"  && jtag_cable_name =~ "Digilent Nexys Video 210276A5A5ACB"} -index 0
con
----------------End of Script----------------

19:15:25 INFO  : Launch script is exported to file 'D:\GMJ_SDK\.sdk\launch_scripts\xilinx_c-c++_application_(system_debugger)\system_debugger_using_debug_gmj_sdk_2.elf_on_local.tcl'
19:16:14 INFO  : Connected to target on host '127.0.0.1' and port '3121'.
19:16:14 INFO  : 'targets -set -filter {jtag_cable_name =~ "Digilent Nexys Video 210276A5A5ACB" && level==0} -index 0' command is executed.
19:16:20 INFO  : FPGA configured successfully with bitstream "D:/GMJ_SDK/design_1_wrapper_hw_platform_2/download.bit"
19:42:57 INFO  : Disconnected from the channel tcfchan#8.
