
*** Running vivado
    with args -log design_1_control_mp1_0_0.vds -m64 -product Vivado -mode batch -messageDb vivado.pb -notrace -source design_1_control_mp1_0_0.tcl


****** Vivado v2018.1 (64-bit)
  **** SW Build 2188600 on Wed Apr  4 18:40:38 MDT 2018
  **** IP Build 2185939 on Wed Apr  4 20:55:05 MDT 2018
    ** Copyright 1986-2018 Xilinx, Inc. All Rights Reserved.

source design_1_control_mp1_0_0.tcl -notrace
Command: synth_design -top design_1_control_mp1_0_0 -part xc7a200tsbg484-1 -mode out_of_context
Starting synth_design
Attempting to get a license for feature 'Synthesis' and/or device 'xc7a200t'
INFO: [Common 17-349] Got license for feature 'Synthesis' and/or device 'xc7a200t'
INFO: Launching helper process for spawning children vivado processes
INFO: Helper process launched with PID 10584 
---------------------------------------------------------------------------------
Starting RTL Elaboration : Time (s): cpu = 00:00:12 ; elapsed = 00:00:13 . Memory (MB): peak = 455.934 ; gain = 100.738
---------------------------------------------------------------------------------
INFO: [Synth 8-6157] synthesizing module 'design_1_control_mp1_0_0' [d:/Users/khanm/ICGTRMP1/MBS_V1/MicroBlazeServer.srcs/sources_1/bd/design_1/ip/design_1_control_mp1_0_0/synth/design_1_control_mp1_0_0.v:57]
INFO: [Synth 8-6157] synthesizing module 'control_mp1_v1_0' [d:/Users/khanm/ICGTRMP1/MBS_V1/MicroBlazeServer.srcs/sources_1/bd/design_1/ipshared/cd34/hdl/control_mp1_v1_0.v:4]
	Parameter C_S00_AXI_DATA_WIDTH bound to: 32 - type: integer 
	Parameter C_S00_AXI_ADDR_WIDTH bound to: 6 - type: integer 
INFO: [Synth 8-6157] synthesizing module 'control_mp1_v1_0_S00_AXI' [d:/Users/khanm/ICGTRMP1/MBS_V1/MicroBlazeServer.srcs/sources_1/bd/design_1/ipshared/cd34/hdl/control_mp1_v1_0_S00_AXI.v:4]
	Parameter C_S_AXI_DATA_WIDTH bound to: 32 - type: integer 
	Parameter C_S_AXI_ADDR_WIDTH bound to: 6 - type: integer 
	Parameter ADDR_LSB bound to: 2 - type: integer 
	Parameter OPT_MEM_ADDR_BITS bound to: 3 - type: integer 
INFO: [Synth 8-226] default block is never used [d:/Users/khanm/ICGTRMP1/MBS_V1/MicroBlazeServer.srcs/sources_1/bd/design_1/ipshared/cd34/hdl/control_mp1_v1_0_S00_AXI.v:257]
INFO: [Synth 8-226] default block is never used [d:/Users/khanm/ICGTRMP1/MBS_V1/MicroBlazeServer.srcs/sources_1/bd/design_1/ipshared/cd34/hdl/control_mp1_v1_0_S00_AXI.v:494]
INFO: [Synth 8-6155] done synthesizing module 'control_mp1_v1_0_S00_AXI' (1#1) [d:/Users/khanm/ICGTRMP1/MBS_V1/MicroBlazeServer.srcs/sources_1/bd/design_1/ipshared/cd34/hdl/control_mp1_v1_0_S00_AXI.v:4]
INFO: [Synth 8-6155] done synthesizing module 'control_mp1_v1_0' (2#1) [d:/Users/khanm/ICGTRMP1/MBS_V1/MicroBlazeServer.srcs/sources_1/bd/design_1/ipshared/cd34/hdl/control_mp1_v1_0.v:4]
INFO: [Synth 8-6155] done synthesizing module 'design_1_control_mp1_0_0' (3#1) [d:/Users/khanm/ICGTRMP1/MBS_V1/MicroBlazeServer.srcs/sources_1/bd/design_1/ip/design_1_control_mp1_0_0/synth/design_1_control_mp1_0_0.v:57]
WARNING: [Synth 8-3331] design control_mp1_v1_0_S00_AXI has unconnected port S_AXI_AWPROT[2]
WARNING: [Synth 8-3331] design control_mp1_v1_0_S00_AXI has unconnected port S_AXI_AWPROT[1]
WARNING: [Synth 8-3331] design control_mp1_v1_0_S00_AXI has unconnected port S_AXI_AWPROT[0]
WARNING: [Synth 8-3331] design control_mp1_v1_0_S00_AXI has unconnected port S_AXI_ARPROT[2]
WARNING: [Synth 8-3331] design control_mp1_v1_0_S00_AXI has unconnected port S_AXI_ARPROT[1]
WARNING: [Synth 8-3331] design control_mp1_v1_0_S00_AXI has unconnected port S_AXI_ARPROT[0]
---------------------------------------------------------------------------------
Finished RTL Elaboration : Time (s): cpu = 00:00:15 ; elapsed = 00:00:16 . Memory (MB): peak = 511.199 ; gain = 156.004
---------------------------------------------------------------------------------

Report Check Netlist: 
+------+------------------+-------+---------+-------+------------------+
|      |Item              |Errors |Warnings |Status |Description       |
+------+------------------+-------+---------+-------+------------------+
|1     |multi_driven_nets |      0|        0|Passed |Multi driven nets |
+------+------------------+-------+---------+-------+------------------+
---------------------------------------------------------------------------------
Start Handling Custom Attributes
---------------------------------------------------------------------------------
---------------------------------------------------------------------------------
Finished Handling Custom Attributes : Time (s): cpu = 00:00:15 ; elapsed = 00:00:16 . Memory (MB): peak = 511.199 ; gain = 156.004
---------------------------------------------------------------------------------
---------------------------------------------------------------------------------
Finished RTL Optimization Phase 1 : Time (s): cpu = 00:00:15 ; elapsed = 00:00:16 . Memory (MB): peak = 511.199 ; gain = 156.004
---------------------------------------------------------------------------------
INFO: [Device 21-403] Loading part xc7a200tsbg484-1
INFO: [Project 1-570] Preparing netlist for logic optimization

Processing XDC Constraints
Initializing timing engine
Completed Processing XDC Constraints

INFO: [Project 1-111] Unisim Transformation Summary:
No Unisim elements were transformed.

Constraint Validation Runtime : Time (s): cpu = 00:00:00 ; elapsed = 00:00:00.165 . Memory (MB): peak = 885.191 ; gain = 0.938
---------------------------------------------------------------------------------
Finished Constraint Validation : Time (s): cpu = 00:00:44 ; elapsed = 00:00:50 . Memory (MB): peak = 885.191 ; gain = 529.996
---------------------------------------------------------------------------------
---------------------------------------------------------------------------------
Start Loading Part and Timing Information
---------------------------------------------------------------------------------
Loading part: xc7a200tsbg484-1
---------------------------------------------------------------------------------
Finished Loading Part and Timing Information : Time (s): cpu = 00:00:44 ; elapsed = 00:00:50 . Memory (MB): peak = 885.191 ; gain = 529.996
---------------------------------------------------------------------------------
---------------------------------------------------------------------------------
Start Applying 'set_property' XDC Constraints
---------------------------------------------------------------------------------
---------------------------------------------------------------------------------
Finished applying 'set_property' XDC Constraints : Time (s): cpu = 00:00:44 ; elapsed = 00:00:51 . Memory (MB): peak = 885.191 ; gain = 529.996
---------------------------------------------------------------------------------
---------------------------------------------------------------------------------
Finished RTL Optimization Phase 2 : Time (s): cpu = 00:00:44 ; elapsed = 00:00:51 . Memory (MB): peak = 885.191 ; gain = 529.996
---------------------------------------------------------------------------------

Report RTL Partitions: 
+-+--------------+------------+----------+
| |RTL Partition |Replication |Instances |
+-+--------------+------------+----------+
+-+--------------+------------+----------+
---------------------------------------------------------------------------------
Start RTL Component Statistics 
---------------------------------------------------------------------------------
Detailed RTL Component Info : 
+---Registers : 
	               32 Bit    Registers := 17    
	                6 Bit    Registers := 2     
	                2 Bit    Registers := 2     
	                1 Bit    Registers := 6     
+---Muxes : 
	   2 Input     32 Bit        Muxes := 16    
	  16 Input     32 Bit        Muxes := 16    
	   2 Input      1 Bit        Muxes := 5     
---------------------------------------------------------------------------------
Finished RTL Component Statistics 
---------------------------------------------------------------------------------
---------------------------------------------------------------------------------
Start RTL Hierarchical Component Statistics 
---------------------------------------------------------------------------------
Hierarchical RTL Component report 
Module control_mp1_v1_0_S00_AXI 
Detailed RTL Component Info : 
+---Registers : 
	               32 Bit    Registers := 17    
	                6 Bit    Registers := 2     
	                2 Bit    Registers := 2     
	                1 Bit    Registers := 6     
+---Muxes : 
	   2 Input     32 Bit        Muxes := 16    
	  16 Input     32 Bit        Muxes := 16    
	   2 Input      1 Bit        Muxes := 5     
---------------------------------------------------------------------------------
Finished RTL Hierarchical Component Statistics
---------------------------------------------------------------------------------
---------------------------------------------------------------------------------
Start Part Resource Summary
---------------------------------------------------------------------------------
Part Resources:
DSPs: 740 (col length:100)
BRAMs: 730 (col length: RAMB18 100 RAMB36 50)
---------------------------------------------------------------------------------
Finished Part Resource Summary
---------------------------------------------------------------------------------
---------------------------------------------------------------------------------
Start Cross Boundary and Area Optimization
---------------------------------------------------------------------------------
Warning: Parallel synthesis criteria is not met 
WARNING: [Synth 8-3331] design control_mp1_v1_0_S00_AXI has unconnected port S_AXI_AWPROT[2]
WARNING: [Synth 8-3331] design control_mp1_v1_0_S00_AXI has unconnected port S_AXI_AWPROT[1]
WARNING: [Synth 8-3331] design control_mp1_v1_0_S00_AXI has unconnected port S_AXI_AWPROT[0]
WARNING: [Synth 8-3331] design control_mp1_v1_0_S00_AXI has unconnected port S_AXI_ARPROT[2]
WARNING: [Synth 8-3331] design control_mp1_v1_0_S00_AXI has unconnected port S_AXI_ARPROT[1]
WARNING: [Synth 8-3331] design control_mp1_v1_0_S00_AXI has unconnected port S_AXI_ARPROT[0]
INFO: [Synth 8-3886] merging instance 'inst/control_mp1_v1_0_S00_AXI_inst/axi_rresp_reg[0]' (FDRE) to 'inst/control_mp1_v1_0_S00_AXI_inst/axi_rresp_reg[1]'
INFO: [Synth 8-3333] propagating constant 0 across sequential element (\inst/control_mp1_v1_0_S00_AXI_inst/axi_rresp_reg[1] )
INFO: [Synth 8-3886] merging instance 'inst/control_mp1_v1_0_S00_AXI_inst/axi_bresp_reg[0]' (FDRE) to 'inst/control_mp1_v1_0_S00_AXI_inst/axi_bresp_reg[1]'
INFO: [Synth 8-3333] propagating constant 0 across sequential element (\inst/control_mp1_v1_0_S00_AXI_inst/axi_bresp_reg[1] )
INFO: [Synth 8-3332] Sequential element (inst/control_mp1_v1_0_S00_AXI_inst/axi_awaddr_reg[1]) is unused and will be removed from module design_1_control_mp1_0_0.
INFO: [Synth 8-3332] Sequential element (inst/control_mp1_v1_0_S00_AXI_inst/axi_awaddr_reg[0]) is unused and will be removed from module design_1_control_mp1_0_0.
INFO: [Synth 8-3332] Sequential element (inst/control_mp1_v1_0_S00_AXI_inst/axi_bresp_reg[1]) is unused and will be removed from module design_1_control_mp1_0_0.
INFO: [Synth 8-3332] Sequential element (inst/control_mp1_v1_0_S00_AXI_inst/axi_araddr_reg[1]) is unused and will be removed from module design_1_control_mp1_0_0.
INFO: [Synth 8-3332] Sequential element (inst/control_mp1_v1_0_S00_AXI_inst/axi_araddr_reg[0]) is unused and will be removed from module design_1_control_mp1_0_0.
INFO: [Synth 8-3332] Sequential element (inst/control_mp1_v1_0_S00_AXI_inst/axi_rresp_reg[1]) is unused and will be removed from module design_1_control_mp1_0_0.
---------------------------------------------------------------------------------
Finished Cross Boundary and Area Optimization : Time (s): cpu = 00:00:48 ; elapsed = 00:00:55 . Memory (MB): peak = 885.191 ; gain = 529.996
---------------------------------------------------------------------------------

Report RTL Partitions: 
+-+--------------+------------+----------+
| |RTL Partition |Replication |Instances |
+-+--------------+------------+----------+
+-+--------------+------------+----------+
---------------------------------------------------------------------------------
Start Applying XDC Timing Constraints
---------------------------------------------------------------------------------
---------------------------------------------------------------------------------
Finished Applying XDC Timing Constraints : Time (s): cpu = 00:01:08 ; elapsed = 00:01:17 . Memory (MB): peak = 885.191 ; gain = 529.996
---------------------------------------------------------------------------------
---------------------------------------------------------------------------------
Start Timing Optimization
---------------------------------------------------------------------------------
---------------------------------------------------------------------------------
Finished Timing Optimization : Time (s): cpu = 00:01:09 ; elapsed = 00:01:17 . Memory (MB): peak = 885.191 ; gain = 529.996
---------------------------------------------------------------------------------

Report RTL Partitions: 
+-+--------------+------------+----------+
| |RTL Partition |Replication |Instances |
+-+--------------+------------+----------+
+-+--------------+------------+----------+
---------------------------------------------------------------------------------
Start Technology Mapping
---------------------------------------------------------------------------------
---------------------------------------------------------------------------------
Finished Technology Mapping : Time (s): cpu = 00:01:09 ; elapsed = 00:01:18 . Memory (MB): peak = 893.543 ; gain = 538.348
---------------------------------------------------------------------------------

Report RTL Partitions: 
+-+--------------+------------+----------+
| |RTL Partition |Replication |Instances |
+-+--------------+------------+----------+
+-+--------------+------------+----------+
---------------------------------------------------------------------------------
Start IO Insertion
---------------------------------------------------------------------------------
---------------------------------------------------------------------------------
Start Flattening Before IO Insertion
---------------------------------------------------------------------------------
---------------------------------------------------------------------------------
Finished Flattening Before IO Insertion
---------------------------------------------------------------------------------
---------------------------------------------------------------------------------
Start Final Netlist Cleanup
---------------------------------------------------------------------------------
---------------------------------------------------------------------------------
Finished Final Netlist Cleanup
---------------------------------------------------------------------------------
---------------------------------------------------------------------------------
Finished IO Insertion : Time (s): cpu = 00:01:11 ; elapsed = 00:01:20 . Memory (MB): peak = 893.543 ; gain = 538.348
---------------------------------------------------------------------------------

Report Check Netlist: 
+------+------------------+-------+---------+-------+------------------+
|      |Item              |Errors |Warnings |Status |Description       |
+------+------------------+-------+---------+-------+------------------+
|1     |multi_driven_nets |      0|        0|Passed |Multi driven nets |
+------+------------------+-------+---------+-------+------------------+
---------------------------------------------------------------------------------
Start Renaming Generated Instances
---------------------------------------------------------------------------------
---------------------------------------------------------------------------------
Finished Renaming Generated Instances : Time (s): cpu = 00:01:11 ; elapsed = 00:01:20 . Memory (MB): peak = 893.543 ; gain = 538.348
---------------------------------------------------------------------------------

Report RTL Partitions: 
+-+--------------+------------+----------+
| |RTL Partition |Replication |Instances |
+-+--------------+------------+----------+
+-+--------------+------------+----------+
---------------------------------------------------------------------------------
Start Rebuilding User Hierarchy
---------------------------------------------------------------------------------
---------------------------------------------------------------------------------
Finished Rebuilding User Hierarchy : Time (s): cpu = 00:01:11 ; elapsed = 00:01:20 . Memory (MB): peak = 893.543 ; gain = 538.348
---------------------------------------------------------------------------------
---------------------------------------------------------------------------------
Start Renaming Generated Ports
---------------------------------------------------------------------------------
---------------------------------------------------------------------------------
Finished Renaming Generated Ports : Time (s): cpu = 00:01:11 ; elapsed = 00:01:20 . Memory (MB): peak = 893.543 ; gain = 538.348
---------------------------------------------------------------------------------
---------------------------------------------------------------------------------
Start Handling Custom Attributes
---------------------------------------------------------------------------------
---------------------------------------------------------------------------------
Finished Handling Custom Attributes : Time (s): cpu = 00:01:11 ; elapsed = 00:01:20 . Memory (MB): peak = 893.543 ; gain = 538.348
---------------------------------------------------------------------------------
---------------------------------------------------------------------------------
Start Renaming Generated Nets
---------------------------------------------------------------------------------
---------------------------------------------------------------------------------
Finished Renaming Generated Nets : Time (s): cpu = 00:01:11 ; elapsed = 00:01:20 . Memory (MB): peak = 893.543 ; gain = 538.348
---------------------------------------------------------------------------------
---------------------------------------------------------------------------------
Start Writing Synthesis Report
---------------------------------------------------------------------------------

Report BlackBoxes: 
+-+--------------+----------+
| |BlackBox name |Instances |
+-+--------------+----------+
+-+--------------+----------+

Report Cell Usage: 
+------+------+------+
|      |Cell  |Count |
+------+------+------+
|1     |LUT1  |     1|
|2     |LUT2  |     1|
|3     |LUT3  |     1|
|4     |LUT4  |     4|
|5     |LUT6  |   194|
|6     |MUXF7 |    64|
|7     |MUXF8 |    32|
|8     |FDRE  |   557|
|9     |FDSE  |     1|
+------+------+------+

Report Instance Areas: 
+------+----------------------------------+-------------------------+------+
|      |Instance                          |Module                   |Cells |
+------+----------------------------------+-------------------------+------+
|1     |top                               |                         |   855|
|2     |  inst                            |control_mp1_v1_0         |   855|
|3     |    control_mp1_v1_0_S00_AXI_inst |control_mp1_v1_0_S00_AXI |   851|
+------+----------------------------------+-------------------------+------+
---------------------------------------------------------------------------------
Finished Writing Synthesis Report : Time (s): cpu = 00:01:11 ; elapsed = 00:01:20 . Memory (MB): peak = 893.543 ; gain = 538.348
---------------------------------------------------------------------------------
Synthesis finished with 0 errors, 0 critical warnings and 6 warnings.
Synthesis Optimization Runtime : Time (s): cpu = 00:00:40 ; elapsed = 00:00:59 . Memory (MB): peak = 893.543 ; gain = 164.355
Synthesis Optimization Complete : Time (s): cpu = 00:01:11 ; elapsed = 00:01:20 . Memory (MB): peak = 893.543 ; gain = 538.348
INFO: [Project 1-571] Translating synthesized netlist
INFO: [Netlist 29-17] Analyzing 96 Unisim elements for replacement
INFO: [Netlist 29-28] Unisim Transformation completed in 0 CPU seconds
INFO: [Project 1-570] Preparing netlist for logic optimization
INFO: [Opt 31-138] Pushed 0 inverter(s) to 0 load pin(s).
INFO: [Project 1-111] Unisim Transformation Summary:
No Unisim elements were transformed.

INFO: [Common 17-83] Releasing license: Synthesis
29 Infos, 12 Warnings, 0 Critical Warnings and 0 Errors encountered.
synth_design completed successfully
synth_design: Time (s): cpu = 00:01:15 ; elapsed = 00:01:25 . Memory (MB): peak = 904.559 ; gain = 560.832
INFO: [Common 17-1381] The checkpoint 'D:/Users/khanm/ICGTRMP1/MBS_V1/MicroBlazeServer.runs/design_1_control_mp1_0_0_synth_1/design_1_control_mp1_0_0.dcp' has been generated.
